[ 2017-12-14T02:04:47+08:00 ] 220.181.108.167 /zhongying1/index.php/Mmy/index
INFO: [ app_init ] --START--
INFO: Run Behavior\BuildLiteBehavior [ RunTime:0.000000s ]
INFO: [ app_init ] --END-- [ RunTime:0.000000s ]
INFO: [ app_begin ] --START--
INFO: Run Behavior\ReadHtmlCacheBehavior [ RunTime:0.000977s ]
INFO: [ app_begin ] --END-- [ RunTime:0.000977s ]
SQL: SHOW COLUMNS FROM `zy_lianxi` [ RunTime:0.0020s ]
SQL: SELECT * FROM `zy_lianxi` WHERE ( type=1 ) LIMIT 1   [ RunTime:0.0000s ]
SQL: SELECT * FROM `zy_lianxi` WHERE ( type=2 ) LIMIT 1   [ RunTime:0.0010s ]
INFO: [ view_parse ] --START--
INFO: [ template_filter ] --START--
INFO: Run Behavior\ContentReplaceBehavior [ RunTime:0.000976s ]
INFO: [ template_filter ] --END-- [ RunTime:0.000976s ]
NOTIC: [8] Undefined index: userinfo C:\wamp\www\zhongying1\App\Runtime\Cache\Home\03c5a68fec4a788569f66b52dd46ced0.php 第 39 行.
NOTIC: [8] Undefined index: userinfo C:\wamp\www\zhongying1\App\Runtime\Cache\Home\03c5a68fec4a788569f66b52dd46ced0.php 第 98 行.
INFO: Run Behavior\ParseTemplateBehavior [ RunTime:0.009765s ]
INFO: [ view_parse ] --END-- [ RunTime:0.009765s ]
INFO: [ view_filter ] --START--
INFO: Run Behavior\WriteHtmlCacheBehavior [ RunTime:0.000976s ]
INFO: [ view_filter ] --END-- [ RunTime:0.000976s ]
INFO: [ app_end ] --START--
INFO: Run Behavior\ShowPageTraceBehavior [ RunTime:0.000977s ]
INFO: [ app_end ] --END-- [ RunTime:0.000977s ]

[ 2017-12-14T02:04:47+08:00 ] 123.125.71.57 /zhongying1/index.php/Login/index
INFO: [ app_init ] --START--
INFO: Run Behavior\BuildLiteBehavior [ RunTime:0.000000s ]
INFO: [ app_init ] --END-- [ RunTime:0.000977s ]
INFO: [ app_begin ] --START--
INFO: Run Behavior\ReadHtmlCacheBehavior [ RunTime:0.000977s ]
INFO: [ app_begin ] --END-- [ RunTime:0.001953s ]
SQL: SHOW COLUMNS FROM `zy_lianxi` [ RunTime:0.0029s ]
SQL: SELECT * FROM `zy_lianxi` WHERE ( type=1 ) LIMIT 1   [ RunTime:0.0000s ]
SQL: SELECT * FROM `zy_lianxi` WHERE ( type=2 ) LIMIT 1   [ RunTime:0.0000s ]
INFO: [ view_parse ] --START--
INFO: [ template_filter ] --START--
INFO: Run Behavior\ContentReplaceBehavior [ RunTime:0.000000s ]
INFO: [ template_filter ] --END-- [ RunTime:0.000000s ]
NOTIC: [8] Undefined index: userinfo C:\wamp\www\zhongying1\App\Runtime\Cache\Home\60fd9bc90f769045bd3dbb1fde688fab.php 第 33 行.
INFO: Run Behavior\ParseTemplateBehavior [ RunTime:0.010741s ]
INFO: [ view_parse ] --END-- [ RunTime:0.010741s ]
INFO: [ view_filter ] --START--
INFO: Run Behavior\WriteHtmlCacheBehavior [ RunTime:0.000000s ]
INFO: [ view_filter ] --END-- [ RunTime:0.000000s ]
INFO: [ app_end ] --START--
INFO: Run Behavior\ShowPageTraceBehavior [ RunTime:0.000000s ]
INFO: [ app_end ] --END-- [ RunTime:0.000976s ]

[ 2017-12-14T02:05:01+08:00 ] 111.206.221.112 /zhongying1/index.php/Login/webseo/addSeo
INFO: [ app_init ] --START--
INFO: Run Behavior\BuildLiteBehavior [ RunTime:0.000000s ]
INFO: [ app_init ] --END-- [ RunTime:0.000977s ]
INFO: [ app_begin ] --START--
INFO: Run Behavior\ReadHtmlCacheBehavior [ RunTime:0.000000s ]
INFO: [ app_begin ] --END-- [ RunTime:0.000000s ]
SQL: SHOW COLUMNS FROM `zy_lianxi` [ RunTime:0.0029s ]
SQL: SELECT * FROM `zy_lianxi` WHERE ( type=1 ) LIMIT 1   [ RunTime:0.0000s ]
SQL: SELECT * FROM `zy_lianxi` WHERE ( type=2 ) LIMIT 1   [ RunTime:0.0000s ]

[ 2017-12-14T02:05:01+08:00 ] 111.206.221.24 /zhongying1/index.php/Login/_mobile.html
INFO: [ app_init ] --START--
INFO: Run Behavior\BuildLiteBehavior [ RunTime:0.000000s ]
INFO: [ app_init ] --END-- [ RunTime:0.000000s ]
INFO: [ app_begin ] --START--
INFO: Run Behavior\ReadHtmlCacheBehavior [ RunTime:0.000000s ]
INFO: [ app_begin ] --END-- [ RunTime:0.000977s ]
SQL: SHOW COLUMNS FROM `zy_lianxi` [ RunTime:0.0020s ]
SQL: SELECT * FROM `zy_lianxi` WHERE ( type=1 ) LIMIT 1   [ RunTime:0.0000s ]
SQL: SELECT * FROM `zy_lianxi` WHERE ( type=2 ) LIMIT 1   [ RunTime:0.0000s ]

[ 2017-12-14T02:05:01+08:00 ] 111.206.221.51 /zhongying1/index.php/Index/index.html
INFO: [ app_init ] --START--
INFO: Run Behavior\BuildLiteBehavior [ RunTime:0.000000s ]
INFO: [ app_init ] --END-- [ RunTime:0.000976s ]
INFO: [ app_begin ] --START--
INFO: Run Behavior\ReadHtmlCacheBehavior [ RunTime:0.000976s ]
INFO: [ app_begin ] --END-- [ RunTime:0.000976s ]
SQL: SHOW COLUMNS FROM `zy_lianxi` [ RunTime:0.0029s ]
SQL: SELECT * FROM `zy_lianxi` WHERE ( type=1 ) LIMIT 1   [ RunTime:0.0010s ]
SQL: SELECT * FROM `zy_lianxi` WHERE ( type=2 ) LIMIT 1   [ RunTime:0.0000s ]
SQL: SHOW COLUMNS FROM `zy_news` [ RunTime:0.0020s ]
SQL: SELECT * FROM `zy_news` WHERE ( new=0 ) ORDER BY time desc LIMIT 5   [ RunTime:0.0010s ]
SQL: SELECT * FROM `zy_news` WHERE ( new=1 ) LIMIT 1   [ RunTime:0.0000s ]
SQL: SHOW COLUMNS FROM `zy_tongji` [ RunTime:0.0020s ]
SQL: SELECT * FROM `zy_tongji` WHERE ( type=1 ) LIMIT 1   [ RunTime:0.0000s ]
SQL: SELECT * FROM `zy_tongji` WHERE ( type=2 ) LIMIT 1   [ RunTime:0.0000s ]
SQL: SELECT * FROM `zy_tongji` WHERE ( type=3 ) LIMIT 1   [ RunTime:0.0000s ]
INFO: [ view_parse ] --START--
INFO: [ template_filter ] --START--
INFO: Run Behavior\ContentReplaceBehavior [ RunTime:0.000977s ]
INFO: [ template_filter ] --END-- [ RunTime:0.000977s ]
NOTIC: [8] Undefined index: userinfo C:\wamp\www\zhongying1\App\Runtime\Cache\Home\fe3c599a46db2fd61ff75c662c996df3.php 第 37 行.
INFO: Run Behavior\ParseTemplateBehavior [ RunTime:0.020507s ]
INFO: [ view_parse ] --END-- [ RunTime:0.021483s ]
INFO: [ view_filter ] --START--
INFO: Run Behavior\WriteHtmlCacheBehavior [ RunTime:0.000000s ]
INFO: [ view_filter ] --END-- [ RunTime:0.000000s ]
INFO: [ app_end ] --START--
INFO: Run Behavior\ShowPageTraceBehavior [ RunTime:0.000000s ]
INFO: [ app_end ] --END-- [ RunTime:0.000000s ]

[ 2017-12-14T02:05:02+08:00 ] 111.206.221.37 /zhongying1/index.php/Index/index.html
INFO: [ app_init ] --START--
INFO: Run Behavior\BuildLiteBehavior [ RunTime:0.000000s ]
INFO: [ app_init ] --END-- [ RunTime:0.000976s ]
INFO: [ app_begin ] --START--
INFO: Run Behavior\ReadHtmlCacheBehavior [ RunTime:0.000976s ]
INFO: [ app_begin ] --END-- [ RunTime:0.000976s ]
SQL: SHOW COLUMNS FROM `zy_lianxi` [ RunTime:0.0020s ]
SQL: SELECT * FROM `zy_lianxi` WHERE ( type=1 ) LIMIT 1   [ RunTime:0.0010s ]
SQL: SELECT * FROM `zy_lianxi` WHERE ( type=2 ) LIMIT 1   [ RunTime:0.0010s ]
SQL: SHOW COLUMNS FROM `zy_news` [ RunTime:0.0020s ]
SQL: SELECT * FROM `zy_news` WHERE ( new=0 ) ORDER BY time desc LIMIT 5   [ RunTime:0.0000s ]
SQL: SELECT * FROM `zy_news` WHERE ( new=1 ) LIMIT 1   [ RunTime:0.0000s ]
SQL: SHOW COLUMNS FROM `zy_tongji` [ RunTime:0.0029s ]
SQL: SELECT * FROM `zy_tongji` WHERE ( type=1 ) LIMIT 1   [ RunTime:0.0000s ]
SQL: SELECT * FROM `zy_tongji` WHERE ( type=2 ) LIMIT 1   [ RunTime:0.0000s ]
SQL: SELECT * FROM `zy_tongji` WHERE ( type=3 ) LIMIT 1   [ RunTime:0.0000s ]
INFO: [ view_parse ] --START--
INFO: [ template_filter ] --START--
INFO: Run Behavior\ContentReplaceBehavior [ RunTime:0.000976s ]
INFO: [ template_filter ] --END-- [ RunTime:0.000976s ]
NOTIC: [8] Undefined index: userinfo C:\wamp\www\zhongying1\App\Runtime\Cache\Home\fe3c599a46db2fd61ff75c662c996df3.php 第 37 行.
INFO: Run Behavior\ParseTemplateBehavior [ RunTime:0.019530s ]
INFO: [ view_parse ] --END-- [ RunTime:0.019530s ]
INFO: [ view_filter ] --START--
INFO: Run Behavior\WriteHtmlCacheBehavior [ RunTime:0.000000s ]
INFO: [ view_filter ] --END-- [ RunTime:0.000000s ]
INFO: [ app_end ] --START--
INFO: Run Behavior\ShowPageTraceBehavior [ RunTime:0.000000s ]
INFO: [ app_end ] --END-- [ RunTime:0.000000s ]

[ 2017-12-14T02:05:09+08:00 ] 111.206.221.25 /zhongying1/index.php/Index/webseo/addSeo
INFO: [ app_init ] --START--
INFO: Run Behavior\BuildLiteBehavior [ RunTime:0.000000s ]
INFO: [ app_init ] --END-- [ RunTime:0.000976s ]
INFO: [ app_begin ] --START--
INFO: Run Behavior\ReadHtmlCacheBehavior [ RunTime:0.000977s ]
INFO: [ app_begin ] --END-- [ RunTime:0.000977s ]
SQL: SHOW COLUMNS FROM `zy_lianxi` [ RunTime:0.0029s ]
SQL: SELECT * FROM `zy_lianxi` WHERE ( type=1 ) LIMIT 1   [ RunTime:0.0000s ]
SQL: SELECT * FROM `zy_lianxi` WHERE ( type=2 ) LIMIT 1   [ RunTime:0.0000s ]

[ 2017-12-14T02:05:09+08:00 ] 111.206.221.112 /zhongying1/index.php/Index/index_mobile.html
INFO: [ app_init ] --START--
INFO: Run Behavior\BuildLiteBehavior [ RunTime:0.000000s ]
INFO: [ app_init ] --END-- [ RunTime:0.000977s ]
INFO: [ app_begin ] --START--
INFO: Run Behavior\ReadHtmlCacheBehavior [ RunTime:0.001953s ]
INFO: [ app_begin ] --END-- [ RunTime:0.001953s ]
SQL: SHOW COLUMNS FROM `zy_lianxi` [ RunTime:0.0029s ]
SQL: SELECT * FROM `zy_lianxi` WHERE ( type=1 ) LIMIT 1   [ RunTime:0.0000s ]
SQL: SELECT * FROM `zy_lianxi` WHERE ( type=2 ) LIMIT 1   [ RunTime:0.0010s ]

[ 2017-12-14T02:05:09+08:00 ] 111.206.221.42 /zhongying1/index.php/Index/index.html
INFO: [ app_init ] --START--
INFO: Run Behavior\BuildLiteBehavior [ RunTime:0.000000s ]
INFO: [ app_init ] --END-- [ RunTime:0.000976s ]
INFO: [ app_begin ] --START--
INFO: Run Behavior\ReadHtmlCacheBehavior [ RunTime:0.000977s ]
INFO: [ app_begin ] --END-- [ RunTime:0.000977s ]
SQL: SHOW COLUMNS FROM `zy_lianxi` [ RunTime:0.0020s ]
SQL: SELECT * FROM `zy_lianxi` WHERE ( type=1 ) LIMIT 1   [ RunTime:0.0000s ]
SQL: SELECT * FROM `zy_lianxi` WHERE ( type=2 ) LIMIT 1   [ RunTime:0.0000s ]
SQL: SHOW COLUMNS FROM `zy_news` [ RunTime:0.0029s ]
SQL: SELECT * FROM `zy_news` WHERE ( new=0 ) ORDER BY time desc LIMIT 5   [ RunTime:0.0000s ]
SQL: SELECT * FROM `zy_news` WHERE ( new=1 ) LIMIT 1   [ RunTime:0.0010s ]
SQL: SHOW COLUMNS FROM `zy_tongji` [ RunTime:0.0020s ]
SQL: SELECT * FROM `zy_tongji` WHERE ( type=1 ) LIMIT 1   [ RunTime:0.0000s ]
SQL: SELECT * FROM `zy_tongji` WHERE ( type=2 ) LIMIT 1   [ RunTime:0.0000s ]
SQL: SELECT * FROM `zy_tongji` WHERE ( type=3 ) LIMIT 1   [ RunTime:0.0010s ]
INFO: [ view_parse ] --START--
INFO: [ template_filter ] --START--
INFO: Run Behavior\ContentReplaceBehavior [ RunTime:0.000977s ]
INFO: [ template_filter ] --END-- [ RunTime:0.000977s ]
NOTIC: [8] Undefined index: userinfo C:\wamp\www\zhongying1\App\Runtime\Cache\Home\fe3c599a46db2fd61ff75c662c996df3.php 第 37 行.
INFO: Run Behavior\ParseTemplateBehavior [ RunTime:0.019530s ]
INFO: [ view_parse ] --END-- [ RunTime:0.020506s ]
INFO: [ view_filter ] --START--
INFO: Run Behavior\WriteHtmlCacheBehavior [ RunTime:0.000000s ]
INFO: [ view_filter ] --END-- [ RunTime:0.000000s ]
INFO: [ app_end ] --START--
INFO: Run Behavior\ShowPageTraceBehavior [ RunTime:0.000000s ]
INFO: [ app_end ] --END-- [ RunTime:0.000000s ]

[ 2017-12-14T02:05:10+08:00 ] 111.206.221.76 /zhongying1/index.php/Index/index.html
INFO: [ app_init ] --START--
INFO: Run Behavior\BuildLiteBehavior [ RunTime:0.000000s ]
INFO: [ app_init ] --END-- [ RunTime:0.000976s ]
INFO: [ app_begin ] --START--
INFO: Run Behavior\ReadHtmlCacheBehavior [ RunTime:0.000976s ]
INFO: [ app_begin ] --END-- [ RunTime:0.000976s ]
SQL: SHOW COLUMNS FROM `zy_lianxi` [ RunTime:0.0039s ]
SQL: SELECT * FROM `zy_lianxi` WHERE ( type=1 ) LIMIT 1   [ RunTime:0.0000s ]
SQL: SELECT * FROM `zy_lianxi` WHERE ( type=2 ) LIMIT 1   [ RunTime:0.0010s ]
SQL: SHOW COLUMNS FROM `zy_news` [ RunTime:0.0020s ]
SQL: SELECT * FROM `zy_news` WHERE ( new=0 ) ORDER BY time desc LIMIT 5   [ RunTime:0.0010s ]
SQL: SELECT * FROM `zy_news` WHERE ( new=1 ) LIMIT 1   [ RunTime:0.0010s ]
SQL: SHOW COLUMNS FROM `zy_tongji` [ RunTime:0.0020s ]
SQL: SELECT * FROM `zy_tongji` WHERE ( type=1 ) LIMIT 1   [ RunTime:0.0010s ]
SQL: SELECT * FROM `zy_tongji` WHERE ( type=2 ) LIMIT 1   [ RunTime:0.0000s ]
SQL: SELECT * FROM `zy_tongji` WHERE ( type=3 ) LIMIT 1   [ RunTime:0.0000s ]
INFO: [ view_parse ] --START--
INFO: [ template_filter ] --START--
INFO: Run Behavior\ContentReplaceBehavior [ RunTime:0.000000s ]
INFO: [ template_filter ] --END-- [ RunTime:0.000976s ]
NOTIC: [8] Undefined index: userinfo C:\wamp\www\zhongying1\App\Runtime\Cache\Home\fe3c599a46db2fd61ff75c662c996df3.php 第 37 行.
INFO: Run Behavior\ParseTemplateBehavior [ RunTime:0.018553s ]
INFO: [ view_parse ] --END-- [ RunTime:0.019530s ]
INFO: [ view_filter ] --START--
INFO: Run Behavior\WriteHtmlCacheBehavior [ RunTime:0.000000s ]
INFO: [ view_filter ] --END-- [ RunTime:0.000000s ]
INFO: [ app_end ] --START--
INFO: Run Behavior\ShowPageTraceBehavior [ RunTime:0.000000s ]
INFO: [ app_end ] --END-- [ RunTime:0.000976s ]

[ 2017-12-14T02:05:13+08:00 ] 111.206.221.88 /zhongying1/index.php/Index/webseo/addSeo
INFO: [ app_init ] --START--
INFO: Run Behavior\BuildLiteBehavior [ RunTime:0.000000s ]
INFO: [ app_init ] --END-- [ RunTime:0.000976s ]
INFO: [ app_begin ] --START--
INFO: Run Behavior\ReadHtmlCacheBehavior [ RunTime:0.000000s ]
INFO: [ app_begin ] --END-- [ RunTime:0.000000s ]
SQL: SHOW COLUMNS FROM `zy_lianxi` [ RunTime:0.0020s ]
SQL: SELECT * FROM `zy_lianxi` WHERE ( type=1 ) LIMIT 1   [ RunTime:0.0000s ]
SQL: SELECT * FROM `zy_lianxi` WHERE ( type=2 ) LIMIT 1   [ RunTime:0.0000s ]

[ 2017-12-14T02:05:14+08:00 ] 111.206.221.40 /zhongying1/index.php/Index/index_mobile.html
INFO: [ app_init ] --START--
INFO: Run Behavior\BuildLiteBehavior [ RunTime:0.000000s ]
INFO: [ app_init ] --END-- [ RunTime:0.000977s ]
INFO: [ app_begin ] --START--
INFO: Run Behavior\ReadHtmlCacheBehavior [ RunTime:0.000977s ]
INFO: [ app_begin ] --END-- [ RunTime:0.000977s ]
SQL: SHOW COLUMNS FROM `zy_lianxi` [ RunTime:0.0020s ]
SQL: SELECT * FROM `zy_lianxi` WHERE ( type=1 ) LIMIT 1   [ RunTime:0.0000s ]
SQL: SELECT * FROM `zy_lianxi` WHERE ( type=2 ) LIMIT 1   [ RunTime:0.0010s ]

[ 2017-12-14T02:05:14+08:00 ] 111.206.221.24 /zhongying1/index.php/Index/index.html
INFO: [ app_init ] --START--
INFO: Run Behavior\BuildLiteBehavior [ RunTime:0.000000s ]
INFO: [ app_init ] --END-- [ RunTime:0.000000s ]
INFO: [ app_begin ] --START--
INFO: Run Behavior\ReadHtmlCacheBehavior [ RunTime:0.000977s ]
INFO: [ app_begin ] --END-- [ RunTime:0.000977s ]
SQL: SHOW COLUMNS FROM `zy_lianxi` [ RunTime:0.0029s ]
SQL: SELECT * FROM `zy_lianxi` WHERE ( type=1 ) LIMIT 1   [ RunTime:0.0000s ]
SQL: SELECT * FROM `zy_lianxi` WHERE ( type=2 ) LIMIT 1   [ RunTime:0.0000s ]
SQL: SHOW COLUMNS FROM `zy_news` [ RunTime:0.0020s ]
SQL: SELECT * FROM `zy_news` WHERE ( new=0 ) ORDER BY time desc LIMIT 5   [ RunTime:0.0000s ]
SQL: SELECT * FROM `zy_news` WHERE ( new=1 ) LIMIT 1   [ RunTime:0.0000s ]
SQL: SHOW COLUMNS FROM `zy_tongji` [ RunTime:0.0020s ]
SQL: SELECT * FROM `zy_tongji` WHERE ( type=1 ) LIMIT 1   [ RunTime:0.0010s ]
SQL: SELECT * FROM `zy_tongji` WHERE ( type=2 ) LIMIT 1   [ RunTime:0.0010s ]
SQL: SELECT * FROM `zy_tongji` WHERE ( type=3 ) LIMIT 1   [ RunTime:0.0010s ]
INFO: [ view_parse ] --START--
INFO: [ template_filter ] --START--
INFO: Run Behavior\ContentReplaceBehavior [ RunTime:0.000977s ]
INFO: [ template_filter ] --END-- [ RunTime:0.000977s ]
NOTIC: [8] Undefined index: userinfo C:\wamp\www\zhongying1\App\Runtime\Cache\Home\fe3c599a46db2fd61ff75c662c996df3.php 第 37 行.
INFO: Run Behavior\ParseTemplateBehavior [ RunTime:0.031248s ]
INFO: [ view_parse ] --END-- [ RunTime:0.031248s ]
INFO: [ view_filter ] --START--
INFO: Run Behavior\WriteHtmlCacheBehavior [ RunTime:0.000977s ]
INFO: [ view_filter ] --END-- [ RunTime:0.000977s ]
INFO: [ app_end ] --START--
INFO: Run Behavior\ShowPageTraceBehavior [ RunTime:0.000976s ]
INFO: [ app_end ] --END-- [ RunTime:0.000976s ]

[ 2017-12-14T02:05:14+08:00 ] 111.206.221.30 /zhongying1/index.php/Index/index.html
INFO: [ app_init ] --START--
INFO: Run Behavior\BuildLiteBehavior [ RunTime:0.000976s ]
INFO: [ app_init ] --END-- [ RunTime:0.000976s ]
INFO: [ app_begin ] --START--
INFO: Run Behavior\ReadHtmlCacheBehavior [ RunTime:0.000976s ]
INFO: [ app_begin ] --END-- [ RunTime:0.000976s ]
SQL: SHOW COLUMNS FROM `zy_lianxi` [ RunTime:0.0029s ]
SQL: SELECT * FROM `zy_lianxi` WHERE ( type=1 ) LIMIT 1   [ RunTime:0.0000s ]
SQL: SELECT * FROM `zy_lianxi` WHERE ( type=2 ) LIMIT 1   [ RunTime:0.0000s ]
SQL: SHOW COLUMNS FROM `zy_news` [ RunTime:0.0020s ]
SQL: SELECT * FROM `zy_news` WHERE ( new=0 ) ORDER BY time desc LIMIT 5   [ RunTime:0.0000s ]
SQL: SELECT * FROM `zy_news` WHERE ( new=1 ) LIMIT 1   [ RunTime:0.0000s ]
SQL: SHOW COLUMNS FROM `zy_tongji` [ RunTime:0.0029s ]
SQL: SELECT * FROM `zy_tongji` WHERE ( type=1 ) LIMIT 1   [ RunTime:0.0000s ]
SQL: SELECT * FROM `zy_tongji` WHERE ( type=2 ) LIMIT 1   [ RunTime:0.0010s ]
SQL: SELECT * FROM `zy_tongji` WHERE ( type=3 ) LIMIT 1   [ RunTime:0.0010s ]
INFO: [ view_parse ] --START--
INFO: [ template_filter ] --START--
INFO: Run Behavior\ContentReplaceBehavior [ RunTime:0.000977s ]
INFO: [ template_filter ] --END-- [ RunTime:0.000977s ]
NOTIC: [8] Undefined index: userinfo C:\wamp\www\zhongying1\App\Runtime\Cache\Home\fe3c599a46db2fd61ff75c662c996df3.php 第 37 行.
INFO: Run Behavior\ParseTemplateBehavior [ RunTime:0.020506s ]
INFO: [ view_parse ] --END-- [ RunTime:0.020506s ]
INFO: [ view_filter ] --START--
INFO: Run Behavior\WriteHtmlCacheBehavior [ RunTime:0.000000s ]
INFO: [ view_filter ] --END-- [ RunTime:0.000977s ]
INFO: [ app_end ] --START--
INFO: Run Behavior\ShowPageTraceBehavior [ RunTime:0.000976s ]
INFO: [ app_end ] --END-- [ RunTime:0.000976s ]

[ 2017-12-14T02:05:15+08:00 ] 111.206.221.34 /zhongying1/index.php/Index/webseo/addSeo
INFO: [ app_init ] --START--
INFO: Run Behavior\BuildLiteBehavior [ RunTime:0.000000s ]
INFO: [ app_init ] --END-- [ RunTime:0.000000s ]
INFO: [ app_begin ] --START--
INFO: Run Behavior\ReadHtmlCacheBehavior [ RunTime:0.000976s ]
INFO: [ app_begin ] --END-- [ RunTime:0.000976s ]
SQL: SHOW COLUMNS FROM `zy_lianxi` [ RunTime:0.0020s ]
SQL: SELECT * FROM `zy_lianxi` WHERE ( type=1 ) LIMIT 1   [ RunTime:0.0000s ]
SQL: SELECT * FROM `zy_lianxi` WHERE ( type=2 ) LIMIT 1   [ RunTime:0.0000s ]

[ 2017-12-14T02:05:15+08:00 ] 111.206.221.28 /zhongying1/index.php/Index/index_mobile.html
INFO: [ app_init ] --START--
INFO: Run Behavior\BuildLiteBehavior [ RunTime:0.000000s ]
INFO: [ app_init ] --END-- [ RunTime:0.000000s ]
INFO: [ app_begin ] --START--
INFO: Run Behavior\ReadHtmlCacheBehavior [ RunTime:0.000977s ]
INFO: [ app_begin ] --END-- [ RunTime:0.000977s ]
SQL: SHOW COLUMNS FROM `zy_lianxi` [ RunTime:0.0029s ]
SQL: SELECT * FROM `zy_lianxi` WHERE ( type=1 ) LIMIT 1   [ RunTime:0.0000s ]
SQL: SELECT * FROM `zy_lianxi` WHERE ( type=2 ) LIMIT 1   [ RunTime:0.0000s ]

[ 2017-12-14T02:05:16+08:00 ] 111.206.221.111 /zhongying1/index.php/Index/index.html
INFO: [ app_init ] --START--
INFO: Run Behavior\BuildLiteBehavior [ RunTime:0.000000s ]
INFO: [ app_init ] --END-- [ RunTime:0.000976s ]
INFO: [ app_begin ] --START--
INFO: Run Behavior\ReadHtmlCacheBehavior [ RunTime:0.000000s ]
INFO: [ app_begin ] --END-- [ RunTime:0.000976s ]
SQL: SHOW COLUMNS FROM `zy_lianxi` [ RunTime:0.0020s ]
SQL: SELECT * FROM `zy_lianxi` WHERE ( type=1 ) LIMIT 1   [ RunTime:0.0010s ]
SQL: SELECT * FROM `zy_lianxi` WHERE ( type=2 ) LIMIT 1   [ RunTime:0.0000s ]
SQL: SHOW COLUMNS FROM `zy_news` [ RunTime:0.0020s ]
SQL: SELECT * FROM `zy_news` WHERE ( new=0 ) ORDER BY time desc LIMIT 5   [ RunTime:0.0000s ]
SQL: SELECT * FROM `zy_news` WHERE ( new=1 ) LIMIT 1   [ RunTime:0.0010s ]
SQL: SHOW COLUMNS FROM `zy_tongji` [ RunTime:0.0010s ]
SQL: SELECT * FROM `zy_tongji` WHERE ( type=1 ) LIMIT 1   [ RunTime:0.0000s ]
SQL: SELECT * FROM `zy_tongji` WHERE ( type=2 ) LIMIT 1   [ RunTime:0.0010s ]
SQL: SELECT * FROM `zy_tongji` WHERE ( type=3 ) LIMIT 1   [ RunTime:0.0000s ]
INFO: [ view_parse ] --START--
INFO: [ template_filter ] --START--
INFO: Run Behavior\ContentReplaceBehavior [ RunTime:0.000000s ]
INFO: [ template_filter ] --END-- [ RunTime:0.001953s ]
NOTIC: [8] Undefined index: userinfo C:\wamp\www\zhongying1\App\Runtime\Cache\Home\fe3c599a46db2fd61ff75c662c996df3.php 第 37 行.
INFO: Run Behavior\ParseTemplateBehavior [ RunTime:0.019530s ]
INFO: [ view_parse ] --END-- [ RunTime:0.019530s ]
INFO: [ view_filter ] --START--
INFO: Run Behavior\WriteHtmlCacheBehavior [ RunTime:0.000000s ]
INFO: [ view_filter ] --END-- [ RunTime:0.000976s ]
INFO: [ app_end ] --START--
INFO: Run Behavior\ShowPageTraceBehavior [ RunTime:0.000977s ]
INFO: [ app_end ] --END-- [ RunTime:0.000977s ]

[ 2017-12-14T02:05:17+08:00 ] 111.206.221.42 /zhongying1/index.php/Index/webseo/addSeo
INFO: [ app_init ] --START--
INFO: Run Behavior\BuildLiteBehavior [ RunTime:0.000000s ]
INFO: [ app_init ] --END-- [ RunTime:0.000000s ]
INFO: [ app_begin ] --START--
INFO: Run Behavior\ReadHtmlCacheBehavior [ RunTime:0.000000s ]
INFO: [ app_begin ] --END-- [ RunTime:0.000000s ]
SQL: SHOW COLUMNS FROM `zy_lianxi` [ RunTime:0.0039s ]
SQL: SELECT * FROM `zy_lianxi` WHERE ( type=1 ) LIMIT 1   [ RunTime:0.0000s ]
SQL: SELECT * FROM `zy_lianxi` WHERE ( type=2 ) LIMIT 1   [ RunTime:0.0000s ]

[ 2017-12-14T02:05:17+08:00 ] 111.206.221.89 /zhongying1/index.php/Index/index_mobile.html
INFO: [ app_init ] --START--
INFO: Run Behavior\BuildLiteBehavior [ RunTime:0.000976s ]
INFO: [ app_init ] --END-- [ RunTime:0.000976s ]
INFO: [ app_begin ] --START--
INFO: Run Behavior\ReadHtmlCacheBehavior [ RunTime:0.000976s ]
INFO: [ app_begin ] --END-- [ RunTime:0.000976s ]
SQL: SHOW COLUMNS FROM `zy_lianxi` [ RunTime:0.0029s ]
SQL: SELECT * FROM `zy_lianxi` WHERE ( type=1 ) LIMIT 1   [ RunTime:0.0010s ]
SQL: SELECT * FROM `zy_lianxi` WHERE ( type=2 ) LIMIT 1   [ RunTime:0.0000s ]

[ 2017-12-14T02:05:17+08:00 ] 111.206.221.93 /zhongying1/index.php/Index/index.html
INFO: [ app_init ] --START--
INFO: Run Behavior\BuildLiteBehavior [ RunTime:0.000000s ]
INFO: [ app_init ] --END-- [ RunTime:0.000977s ]
INFO: [ app_begin ] --START--
INFO: Run Behavior\ReadHtmlCacheBehavior [ RunTime:0.000000s ]
INFO: [ app_begin ] --END-- [ RunTime:0.000977s ]
SQL: SHOW COLUMNS FROM `zy_lianxi` [ RunTime:0.0029s ]
SQL: SELECT * FROM `zy_lianxi` WHERE ( type=1 ) LIMIT 1   [ RunTime:0.0010s ]
SQL: SELECT * FROM `zy_lianxi` WHERE ( type=2 ) LIMIT 1   [ RunTime:0.0000s ]
SQL: SHOW COLUMNS FROM `zy_news` [ RunTime:0.0020s ]
SQL: SELECT * FROM `zy_news` WHERE ( new=0 ) ORDER BY time desc LIMIT 5   [ RunTime:0.0000s ]
SQL: SELECT * FROM `zy_news` WHERE ( new=1 ) LIMIT 1   [ RunTime:0.0000s ]
SQL: SHOW COLUMNS FROM `zy_tongji` [ RunTime:0.0020s ]
SQL: SELECT * FROM `zy_tongji` WHERE ( type=1 ) LIMIT 1   [ RunTime:0.0010s ]
SQL: SELECT * FROM `zy_tongji` WHERE ( type=2 ) LIMIT 1   [ RunTime:0.0000s ]
SQL: SELECT * FROM `zy_tongji` WHERE ( type=3 ) LIMIT 1   [ RunTime:0.0000s ]
INFO: [ view_parse ] --START--
INFO: [ template_filter ] --START--
INFO: Run Behavior\ContentReplaceBehavior [ RunTime:0.000977s ]
INFO: [ template_filter ] --END-- [ RunTime:0.000977s ]
NOTIC: [8] Undefined index: userinfo C:\wamp\www\zhongying1\App\Runtime\Cache\Home\fe3c599a46db2fd61ff75c662c996df3.php 第 37 行.
INFO: Run Behavior\ParseTemplateBehavior [ RunTime:0.019530s ]
INFO: [ view_parse ] --END-- [ RunTime:0.019530s ]
INFO: [ view_filter ] --START--
INFO: Run Behavior\WriteHtmlCacheBehavior [ RunTime:0.000977s ]
INFO: [ view_filter ] --END-- [ RunTime:0.000977s ]
INFO: [ app_end ] --START--
INFO: Run Behavior\ShowPageTraceBehavior [ RunTime:0.000976s ]
INFO: [ app_end ] --END-- [ RunTime:0.000976s ]

[ 2017-12-14T02:05:18+08:00 ] 111.206.221.112 /zhongying1/index.php/Index/index.html
INFO: [ app_init ] --START--
INFO: Run Behavior\BuildLiteBehavior [ RunTime:0.000000s ]
INFO: [ app_init ] --END-- [ RunTime:0.000976s ]
INFO: [ app_begin ] --START--
INFO: Run Behavior\ReadHtmlCacheBehavior [ RunTime:0.000977s ]
INFO: [ app_begin ] --END-- [ RunTime:0.000977s ]
SQL: SHOW COLUMNS FROM `zy_lianxi` [ RunTime:0.0020s ]
SQL: SELECT * FROM `zy_lianxi` WHERE ( type=1 ) LIMIT 1   [ RunTime:0.0000s ]
SQL: SELECT * FROM `zy_lianxi` WHERE ( type=2 ) LIMIT 1   [ RunTime:0.0000s ]
SQL: SHOW COLUMNS FROM `zy_news` [ RunTime:0.0029s ]
SQL: SELECT * FROM `zy_news` WHERE ( new=0 ) ORDER BY time desc LIMIT 5   [ RunTime:0.0000s ]
SQL: SELECT * FROM `zy_news` WHERE ( new=1 ) LIMIT 1   [ RunTime:0.0000s ]
SQL: SHOW COLUMNS FROM `zy_tongji` [ RunTime:0.0010s ]
SQL: SELECT * FROM `zy_tongji` WHERE ( type=1 ) LIMIT 1   [ RunTime:0.0010s ]
SQL: SELECT * FROM `zy_tongji` WHERE ( type=2 ) LIMIT 1   [ RunTime:0.0000s ]
SQL: SELECT * FROM `zy_tongji` WHERE ( type=3 ) LIMIT 1   [ RunTime:0.0000s ]
INFO: [ view_parse ] --START--
INFO: [ template_filter ] --START--
INFO: Run Behavior\ContentReplaceBehavior [ RunTime:0.000977s ]
INFO: [ template_filter ] --END-- [ RunTime:0.000977s ]
NOTIC: [8] Undefined index: userinfo C:\wamp\www\zhongying1\App\Runtime\Cache\Home\fe3c599a46db2fd61ff75c662c996df3.php 第 37 行.
INFO: Run Behavior\ParseTemplateBehavior [ RunTime:0.021483s ]
INFO: [ view_parse ] --END-- [ RunTime:0.021483s ]
INFO: [ view_filter ] --START--
INFO: Run Behavior\WriteHtmlCacheBehavior [ RunTime:0.000977s ]
INFO: [ view_filter ] --END-- [ RunTime:0.000977s ]
INFO: [ app_end ] --START--
INFO: Run Behavior\ShowPageTraceBehavior [ RunTime:0.000976s ]
INFO: [ app_end ] --END-- [ RunTime:0.000976s ]

[ 2017-12-14T09:51:37+08:00 ] 220.181.108.147 /zhongying1/index.php/Help/index_xq?id=1001
INFO: [ app_init ] --START--
INFO: Run Behavior\BuildLiteBehavior [ RunTime:0.000000s ]
INFO: [ app_init ] --END-- [ RunTime:0.000977s ]
INFO: [ app_begin ] --START--
INFO: Run Behavior\ReadHtmlCacheBehavior [ RunTime:0.000977s ]
INFO: [ app_begin ] --END-- [ RunTime:0.000977s ]
SQL: SHOW COLUMNS FROM `zy_lianxi` [ RunTime:0.0029s ]
SQL: SELECT * FROM `zy_lianxi` WHERE ( type=1 ) LIMIT 1   [ RunTime:0.0000s ]
SQL: SELECT * FROM `zy_lianxi` WHERE ( type=2 ) LIMIT 1   [ RunTime:0.0000s ]
INFO: [ view_parse ] --START--
INFO: [ template_filter ] --START--
INFO: Run Behavior\ContentReplaceBehavior [ RunTime:0.000000s ]
INFO: [ template_filter ] --END-- [ RunTime:0.000977s ]
NOTIC: [8] Undefined index: userinfo C:\wamp\www\zhongying1\App\Runtime\Cache\Home\8ec7f88d801be0b155fdb5628bb0774e.php 第 34 行.
INFO: Run Behavior\ParseTemplateBehavior [ RunTime:0.013673s ]
INFO: [ view_parse ] --END-- [ RunTime:0.013673s ]
INFO: [ view_filter ] --START--
INFO: Run Behavior\WriteHtmlCacheBehavior [ RunTime:0.000976s ]
INFO: [ view_filter ] --END-- [ RunTime:0.000976s ]
INFO: [ app_end ] --START--
INFO: Run Behavior\ShowPageTraceBehavior [ RunTime:0.000977s ]
INFO: [ app_end ] --END-- [ RunTime:0.000977s ]

[ 2017-12-14T09:51:41+08:00 ] 111.206.221.84 /zhongying1/index.php/Help/webseo/addSeo
INFO: [ app_init ] --START--
INFO: Run Behavior\BuildLiteBehavior [ RunTime:0.000000s ]
INFO: [ app_init ] --END-- [ RunTime:0.000000s ]
INFO: [ app_begin ] --START--
INFO: Run Behavior\ReadHtmlCacheBehavior [ RunTime:0.000976s ]
INFO: [ app_begin ] --END-- [ RunTime:0.000976s ]
SQL: SHOW COLUMNS FROM `zy_lianxi` [ RunTime:0.0029s ]
SQL: SELECT * FROM `zy_lianxi` WHERE ( type=1 ) LIMIT 1   [ RunTime:0.0000s ]
SQL: SELECT * FROM `zy_lianxi` WHERE ( type=2 ) LIMIT 1   [ RunTime:0.0000s ]

[ 2017-12-14T09:51:41+08:00 ] 111.206.221.37 /zhongying1/index.php/Help/_mobile.html?id=1001
INFO: [ app_init ] --START--
INFO: Run Behavior\BuildLiteBehavior [ RunTime:0.000000s ]
INFO: [ app_init ] --END-- [ RunTime:0.000000s ]
INFO: [ app_begin ] --START--
INFO: Run Behavior\ReadHtmlCacheBehavior [ RunTime:0.000977s ]
INFO: [ app_begin ] --END-- [ RunTime:0.000977s ]
SQL: SHOW COLUMNS FROM `zy_lianxi` [ RunTime:0.0029s ]
SQL: SELECT * FROM `zy_lianxi` WHERE ( type=1 ) LIMIT 1   [ RunTime:0.0000s ]
SQL: SELECT * FROM `zy_lianxi` WHERE ( type=2 ) LIMIT 1   [ RunTime:0.0000s ]

[ 2017-12-14T09:51:41+08:00 ] 111.206.221.50 /zhongying1/index.php/Index/index.html
INFO: [ app_init ] --START--
INFO: Run Behavior\BuildLiteBehavior [ RunTime:0.000000s ]
INFO: [ app_init ] --END-- [ RunTime:0.000000s ]
INFO: [ app_begin ] --START--
INFO: Run Behavior\ReadHtmlCacheBehavior [ RunTime:0.000000s ]
INFO: [ app_begin ] --END-- [ RunTime:0.000977s ]
SQL: SHOW COLUMNS FROM `zy_lianxi` [ RunTime:0.0020s ]
SQL: SELECT * FROM `zy_lianxi` WHERE ( type=1 ) LIMIT 1   [ RunTime:0.0000s ]
SQL: SELECT * FROM `zy_lianxi` WHERE ( type=2 ) LIMIT 1   [ RunTime:0.0000s ]
SQL: SHOW COLUMNS FROM `zy_news` [ RunTime:0.0020s ]
SQL: SELECT * FROM `zy_news` WHERE ( new=0 ) ORDER BY time desc LIMIT 5   [ RunTime:0.0010s ]
SQL: SELECT * FROM `zy_news` WHERE ( new=1 ) LIMIT 1   [ RunTime:0.0000s ]
SQL: SHOW COLUMNS FROM `zy_tongji` [ RunTime:0.0010s ]
SQL: SELECT * FROM `zy_tongji` WHERE ( type=1 ) LIMIT 1   [ RunTime:0.0010s ]
SQL: SELECT * FROM `zy_tongji` WHERE ( type=2 ) LIMIT 1   [ RunTime:0.0010s ]
SQL: SELECT * FROM `zy_tongji` WHERE ( type=3 ) LIMIT 1   [ RunTime:0.0010s ]
INFO: [ view_parse ] --START--
INFO: [ template_filter ] --START--
INFO: Run Behavior\ContentReplaceBehavior [ RunTime:0.000977s ]
INFO: [ template_filter ] --END-- [ RunTime:0.000977s ]
NOTIC: [8] Undefined index: userinfo C:\wamp\www\zhongying1\App\Runtime\Cache\Home\fe3c599a46db2fd61ff75c662c996df3.php 第 37 行.
INFO: Run Behavior\ParseTemplateBehavior [ RunTime:0.019532s ]
INFO: [ view_parse ] --END-- [ RunTime:0.019532s ]
INFO: [ view_filter ] --START--
INFO: Run Behavior\WriteHtmlCacheBehavior [ RunTime:0.000977s ]
INFO: [ view_filter ] --END-- [ RunTime:0.000977s ]
INFO: [ app_end ] --START--
INFO: Run Behavior\ShowPageTraceBehavior [ RunTime:0.000977s ]
INFO: [ app_end ] --END-- [ RunTime:0.000977s ]

[ 2017-12-14T09:51:42+08:00 ] 111.206.221.71 /zhongying1/index.php/Index/index.html
INFO: [ app_init ] --START--
INFO: Run Behavior\BuildLiteBehavior [ RunTime:0.000000s ]
INFO: [ app_init ] --END-- [ RunTime:0.000977s ]
INFO: [ app_begin ] --START--
INFO: Run Behavior\ReadHtmlCacheBehavior [ RunTime:0.000977s ]
INFO: [ app_begin ] --END-- [ RunTime:0.000977s ]
SQL: SHOW COLUMNS FROM `zy_lianxi` [ RunTime:0.0029s ]
SQL: SELECT * FROM `zy_lianxi` WHERE ( type=1 ) LIMIT 1   [ RunTime:0.0010s ]
SQL: SELECT * FROM `zy_lianxi` WHERE ( type=2 ) LIMIT 1   [ RunTime:0.0010s ]
SQL: SHOW COLUMNS FROM `zy_news` [ RunTime:0.0020s ]
SQL: SELECT * FROM `zy_news` WHERE ( new=0 ) ORDER BY time desc LIMIT 5   [ RunTime:0.0000s ]
SQL: SELECT * FROM `zy_news` WHERE ( new=1 ) LIMIT 1   [ RunTime:0.0000s ]
SQL: SHOW COLUMNS FROM `zy_tongji` [ RunTime:0.0020s ]
SQL: SELECT * FROM `zy_tongji` WHERE ( type=1 ) LIMIT 1   [ RunTime:0.0000s ]
SQL: SELECT * FROM `zy_tongji` WHERE ( type=2 ) LIMIT 1   [ RunTime:0.0000s ]
SQL: SELECT * FROM `zy_tongji` WHERE ( type=3 ) LIMIT 1   [ RunTime:0.0000s ]
INFO: [ view_parse ] --START--
INFO: [ template_filter ] --START--
INFO: Run Behavior\ContentReplaceBehavior [ RunTime:0.000977s ]
INFO: [ template_filter ] --END-- [ RunTime:0.000977s ]
NOTIC: [8] Undefined index: userinfo C:\wamp\www\zhongying1\App\Runtime\Cache\Home\fe3c599a46db2fd61ff75c662c996df3.php 第 37 行.
INFO: Run Behavior\ParseTemplateBehavior [ RunTime:0.020508s ]
INFO: [ view_parse ] --END-- [ RunTime:0.020508s ]
INFO: [ view_filter ] --START--
INFO: Run Behavior\WriteHtmlCacheBehavior [ RunTime:0.000977s ]
INFO: [ view_filter ] --END-- [ RunTime:0.000977s ]
INFO: [ app_end ] --START--
INFO: Run Behavior\ShowPageTraceBehavior [ RunTime:0.000977s ]
INFO: [ app_end ] --END-- [ RunTime:0.000977s ]

[ 2017-12-14T09:51:44+08:00 ] 111.206.221.46 /zhongying1/index.php/Index/index_mobile.html
INFO: [ app_init ] --START--
INFO: Run Behavior\BuildLiteBehavior [ RunTime:0.000000s ]
INFO: [ app_init ] --END-- [ RunTime:0.000000s ]
INFO: [ app_begin ] --START--
INFO: Run Behavior\ReadHtmlCacheBehavior [ RunTime:0.000976s ]
INFO: [ app_begin ] --END-- [ RunTime:0.000976s ]
SQL: SHOW COLUMNS FROM `zy_lianxi` [ RunTime:0.0029s ]
SQL: SELECT * FROM `zy_lianxi` WHERE ( type=1 ) LIMIT 1   [ RunTime:0.0000s ]
SQL: SELECT * FROM `zy_lianxi` WHERE ( type=2 ) LIMIT 1   [ RunTime:0.0010s ]

[ 2017-12-14T09:51:44+08:00 ] 111.206.221.34 /zhongying1/index.php/Index/webseo/addSeo
INFO: [ app_init ] --START--
INFO: Run Behavior\BuildLiteBehavior [ RunTime:0.000000s ]
INFO: [ app_init ] --END-- [ RunTime:0.000976s ]
INFO: [ app_begin ] --START--
INFO: Run Behavior\ReadHtmlCacheBehavior [ RunTime:0.000976s ]
INFO: [ app_begin ] --END-- [ RunTime:0.000976s ]
SQL: SHOW COLUMNS FROM `zy_lianxi` [ RunTime:0.0010s ]
SQL: SELECT * FROM `zy_lianxi` WHERE ( type=1 ) LIMIT 1   [ RunTime:0.0000s ]
SQL: SELECT * FROM `zy_lianxi` WHERE ( type=2 ) LIMIT 1   [ RunTime:0.0000s ]

[ 2017-12-14T09:51:44+08:00 ] 111.206.221.67 /zhongying1/index.php/Index/index.html
INFO: [ app_init ] --START--
INFO: Run Behavior\BuildLiteBehavior [ RunTime:0.000000s ]
INFO: [ app_init ] --END-- [ RunTime:0.000976s ]
INFO: [ app_begin ] --START--
INFO: Run Behavior\ReadHtmlCacheBehavior [ RunTime:0.000977s ]
INFO: [ app_begin ] --END-- [ RunTime:0.000977s ]
SQL: SHOW COLUMNS FROM `zy_lianxi` [ RunTime:0.0010s ]
SQL: SELECT * FROM `zy_lianxi` WHERE ( type=1 ) LIMIT 1   [ RunTime:0.0010s ]
SQL: SELECT * FROM `zy_lianxi` WHERE ( type=2 ) LIMIT 1   [ RunTime:0.0000s ]
SQL: SHOW COLUMNS FROM `zy_news` [ RunTime:0.0020s ]
SQL: SELECT * FROM `zy_news` WHERE ( new=0 ) ORDER BY time desc LIMIT 5   [ RunTime:0.0010s ]
SQL: SELECT * FROM `zy_news` WHERE ( new=1 ) LIMIT 1   [ RunTime:0.0010s ]
SQL: SHOW COLUMNS FROM `zy_tongji` [ RunTime:0.0029s ]
SQL: SELECT * FROM `zy_tongji` WHERE ( type=1 ) LIMIT 1   [ RunTime:0.0000s ]
SQL: SELECT * FROM `zy_tongji` WHERE ( type=2 ) LIMIT 1   [ RunTime:0.0000s ]
SQL: SELECT * FROM `zy_tongji` WHERE ( type=3 ) LIMIT 1   [ RunTime:0.0010s ]
INFO: [ view_parse ] --START--
INFO: [ template_filter ] --START--
INFO: Run Behavior\ContentReplaceBehavior [ RunTime:0.000977s ]
INFO: [ template_filter ] --END-- [ RunTime:0.001953s ]
NOTIC: [8] Undefined index: userinfo C:\wamp\www\zhongying1\App\Runtime\Cache\Home\fe3c599a46db2fd61ff75c662c996df3.php 第 37 行.
INFO: Run Behavior\ParseTemplateBehavior [ RunTime:0.031251s ]
INFO: [ view_parse ] --END-- [ RunTime:0.032228s ]
INFO: [ view_filter ] --START--
INFO: Run Behavior\WriteHtmlCacheBehavior [ RunTime:0.000976s ]
INFO: [ view_filter ] --END-- [ RunTime:0.000976s ]
INFO: [ app_end ] --START--
INFO: Run Behavior\ShowPageTraceBehavior [ RunTime:0.000977s ]
INFO: [ app_end ] --END-- [ RunTime:0.000977s ]

[ 2017-12-14T09:51:46+08:00 ] 111.206.221.26 /zhongying1/index.php/Index/webseo/addSeo
INFO: [ app_init ] --START--
INFO: Run Behavior\BuildLiteBehavior [ RunTime:0.000000s ]
INFO: [ app_init ] --END-- [ RunTime:0.000976s ]
INFO: [ app_begin ] --START--
INFO: Run Behavior\ReadHtmlCacheBehavior [ RunTime:0.000000s ]
INFO: [ app_begin ] --END-- [ RunTime:0.000977s ]
SQL: SHOW COLUMNS FROM `zy_lianxi` [ RunTime:0.0020s ]
SQL: SELECT * FROM `zy_lianxi` WHERE ( type=1 ) LIMIT 1   [ RunTime:0.0010s ]
SQL: SELECT * FROM `zy_lianxi` WHERE ( type=2 ) LIMIT 1   [ RunTime:0.0000s ]

[ 2017-12-14T09:51:46+08:00 ] 111.206.221.36 /zhongying1/index.php/Index/index_mobile.html
INFO: [ app_init ] --START--
INFO: Run Behavior\BuildLiteBehavior [ RunTime:0.000000s ]
INFO: [ app_init ] --END-- [ RunTime:0.000977s ]
INFO: [ app_begin ] --START--
INFO: Run Behavior\ReadHtmlCacheBehavior [ RunTime:0.000977s ]
INFO: [ app_begin ] --END-- [ RunTime:0.000977s ]
SQL: SHOW COLUMNS FROM `zy_lianxi` [ RunTime:0.0020s ]
SQL: SELECT * FROM `zy_lianxi` WHERE ( type=1 ) LIMIT 1   [ RunTime:0.0000s ]
SQL: SELECT * FROM `zy_lianxi` WHERE ( type=2 ) LIMIT 1   [ RunTime:0.0000s ]

[ 2017-12-14T09:51:46+08:00 ] 111.206.221.49 /zhongying1/index.php/Index/index.html
INFO: [ app_init ] --START--
INFO: Run Behavior\BuildLiteBehavior [ RunTime:0.000000s ]
INFO: [ app_init ] --END-- [ RunTime:0.000000s ]
INFO: [ app_begin ] --START--
INFO: Run Behavior\ReadHtmlCacheBehavior [ RunTime:0.000977s ]
INFO: [ app_begin ] --END-- [ RunTime:0.000977s ]
SQL: SHOW COLUMNS FROM `zy_lianxi` [ RunTime:0.0020s ]
SQL: SELECT * FROM `zy_lianxi` WHERE ( type=1 ) LIMIT 1   [ RunTime:0.0000s ]
SQL: SELECT * FROM `zy_lianxi` WHERE ( type=2 ) LIMIT 1   [ RunTime:0.0010s ]
SQL: SHOW COLUMNS FROM `zy_news` [ RunTime:0.0020s ]
SQL: SELECT * FROM `zy_news` WHERE ( new=0 ) ORDER BY time desc LIMIT 5   [ RunTime:0.0010s ]
SQL: SELECT * FROM `zy_news` WHERE ( new=1 ) LIMIT 1   [ RunTime:0.0000s ]
SQL: SHOW COLUMNS FROM `zy_tongji` [ RunTime:0.0020s ]
SQL: SELECT * FROM `zy_tongji` WHERE ( type=1 ) LIMIT 1   [ RunTime:0.0000s ]
SQL: SELECT * FROM `zy_tongji` WHERE ( type=2 ) LIMIT 1   [ RunTime:0.0010s ]
SQL: SELECT * FROM `zy_tongji` WHERE ( type=3 ) LIMIT 1   [ RunTime:0.0000s ]
INFO: [ view_parse ] --START--
INFO: [ template_filter ] --START--
INFO: Run Behavior\ContentReplaceBehavior [ RunTime:0.000977s ]
INFO: [ template_filter ] --END-- [ RunTime:0.000977s ]
NOTIC: [8] Undefined index: userinfo C:\wamp\www\zhongying1\App\Runtime\Cache\Home\fe3c599a46db2fd61ff75c662c996df3.php 第 37 行.
INFO: Run Behavior\ParseTemplateBehavior [ RunTime:0.020508s ]
INFO: [ view_parse ] --END-- [ RunTime:0.020508s ]
INFO: [ view_filter ] --START--
INFO: Run Behavior\WriteHtmlCacheBehavior [ RunTime:0.000000s ]
INFO: [ view_filter ] --END-- [ RunTime:0.000000s ]
INFO: [ app_end ] --START--
INFO: Run Behavior\ShowPageTraceBehavior [ RunTime:0.000000s ]
INFO: [ app_end ] --END-- [ RunTime:0.000000s ]

[ 2017-12-14T09:51:50+08:00 ] 111.206.221.103 /zhongying1/index.php/Index/index.html
INFO: [ app_init ] --START--
INFO: Run Behavior\BuildLiteBehavior [ RunTime:0.000000s ]
INFO: [ app_init ] --END-- [ RunTime:0.000976s ]
INFO: [ app_begin ] --START--
INFO: Run Behavior\ReadHtmlCacheBehavior [ RunTime:0.000977s ]
INFO: [ app_begin ] --END-- [ RunTime:0.000977s ]
SQL: SHOW COLUMNS FROM `zy_lianxi` [ RunTime:0.0020s ]
SQL: SELECT * FROM `zy_lianxi` WHERE ( type=1 ) LIMIT 1   [ RunTime:0.0000s ]
SQL: SELECT * FROM `zy_lianxi` WHERE ( type=2 ) LIMIT 1   [ RunTime:0.0000s ]
SQL: SHOW COLUMNS FROM `zy_news` [ RunTime:0.0020s ]
SQL: SELECT * FROM `zy_news` WHERE ( new=0 ) ORDER BY time desc LIMIT 5   [ RunTime:0.0000s ]
SQL: SELECT * FROM `zy_news` WHERE ( new=1 ) LIMIT 1   [ RunTime:0.0000s ]
SQL: SHOW COLUMNS FROM `zy_tongji` [ RunTime:0.0020s ]
SQL: SELECT * FROM `zy_tongji` WHERE ( type=1 ) LIMIT 1   [ RunTime:0.0010s ]
SQL: SELECT * FROM `zy_tongji` WHERE ( type=2 ) LIMIT 1   [ RunTime:0.0000s ]
SQL: SELECT * FROM `zy_tongji` WHERE ( type=3 ) LIMIT 1   [ RunTime:0.0000s ]
INFO: [ view_parse ] --START--
INFO: [ template_filter ] --START--
INFO: Run Behavior\ContentReplaceBehavior [ RunTime:0.001953s ]
INFO: [ template_filter ] --END-- [ RunTime:0.001953s ]
NOTIC: [8] Undefined index: userinfo C:\wamp\www\zhongying1\App\Runtime\Cache\Home\fe3c599a46db2fd61ff75c662c996df3.php 第 37 行.
INFO: Run Behavior\ParseTemplateBehavior [ RunTime:0.032227s ]
INFO: [ view_parse ] --END-- [ RunTime:0.032227s ]
INFO: [ view_filter ] --START--
INFO: Run Behavior\WriteHtmlCacheBehavior [ RunTime:0.000000s ]
INFO: [ view_filter ] --END-- [ RunTime:0.000977s ]
INFO: [ app_end ] --START--
INFO: Run Behavior\ShowPageTraceBehavior [ RunTime:0.000976s ]
INFO: [ app_end ] --END-- [ RunTime:0.000976s ]

[ 2017-12-14T09:51:51+08:00 ] 111.206.221.81 /zhongying1/index.php/Index/index_mobile.html
INFO: [ app_init ] --START--
INFO: Run Behavior\BuildLiteBehavior [ RunTime:0.000000s ]
INFO: [ app_init ] --END-- [ RunTime:0.000977s ]
INFO: [ app_begin ] --START--
INFO: Run Behavior\ReadHtmlCacheBehavior [ RunTime:0.000977s ]
INFO: [ app_begin ] --END-- [ RunTime:0.000977s ]
SQL: SHOW COLUMNS FROM `zy_lianxi` [ RunTime:0.0020s ]
SQL: SELECT * FROM `zy_lianxi` WHERE ( type=1 ) LIMIT 1   [ RunTime:0.0000s ]
SQL: SELECT * FROM `zy_lianxi` WHERE ( type=2 ) LIMIT 1   [ RunTime:0.0000s ]

[ 2017-12-14T09:51:51+08:00 ] 111.206.221.68 /zhongying1/index.php/Index/index.html
INFO: [ app_init ] --START--
INFO: Run Behavior\BuildLiteBehavior [ RunTime:0.000000s ]
INFO: [ app_init ] --END-- [ RunTime:0.000000s ]
INFO: [ app_begin ] --START--
INFO: Run Behavior\ReadHtmlCacheBehavior [ RunTime:0.000977s ]
INFO: [ app_begin ] --END-- [ RunTime:0.000977s ]
SQL: SHOW COLUMNS FROM `zy_lianxi` [ RunTime:0.0020s ]
SQL: SELECT * FROM `zy_lianxi` WHERE ( type=1 ) LIMIT 1   [ RunTime:0.0000s ]
SQL: SELECT * FROM `zy_lianxi` WHERE ( type=2 ) LIMIT 1   [ RunTime:0.0000s ]
SQL: SHOW COLUMNS FROM `zy_news` [ RunTime:0.0029s ]
SQL: SELECT * FROM `zy_news` WHERE ( new=0 ) ORDER BY time desc LIMIT 5   [ RunTime:0.0000s ]
SQL: SELECT * FROM `zy_news` WHERE ( new=1 ) LIMIT 1   [ RunTime:0.0010s ]
SQL: SHOW COLUMNS FROM `zy_tongji` [ RunTime:0.0029s ]
SQL: SELECT * FROM `zy_tongji` WHERE ( type=1 ) LIMIT 1   [ RunTime:0.0000s ]
SQL: SELECT * FROM `zy_tongji` WHERE ( type=2 ) LIMIT 1   [ RunTime:0.0000s ]
SQL: SELECT * FROM `zy_tongji` WHERE ( type=3 ) LIMIT 1   [ RunTime:0.0010s ]
INFO: [ view_parse ] --START--
INFO: [ template_filter ] --START--
INFO: Run Behavior\ContentReplaceBehavior [ RunTime:0.000000s ]
INFO: [ template_filter ] --END-- [ RunTime:0.001954s ]
NOTIC: [8] Undefined index: userinfo C:\wamp\www\zhongying1\App\Runtime\Cache\Home\fe3c599a46db2fd61ff75c662c996df3.php 第 37 行.
INFO: Run Behavior\ParseTemplateBehavior [ RunTime:0.019532s ]
INFO: [ view_parse ] --END-- [ RunTime:0.019532s ]
INFO: [ view_filter ] --START--
INFO: Run Behavior\WriteHtmlCacheBehavior [ RunTime:0.000000s ]
INFO: [ view_filter ] --END-- [ RunTime:0.000976s ]
INFO: [ app_end ] --START--
INFO: Run Behavior\ShowPageTraceBehavior [ RunTime:0.000977s ]
INFO: [ app_end ] --END-- [ RunTime:0.000977s ]

[ 2017-12-14T09:51:52+08:00 ] 111.206.221.49 /zhongying1/index.php/Index/webseo/addSeo
INFO: [ app_init ] --START--
INFO: Run Behavior\BuildLiteBehavior [ RunTime:0.000000s ]
INFO: [ app_init ] --END-- [ RunTime:0.000000s ]
INFO: [ app_begin ] --START--
INFO: Run Behavior\ReadHtmlCacheBehavior [ RunTime:0.000977s ]
INFO: [ app_begin ] --END-- [ RunTime:0.000977s ]
SQL: SHOW COLUMNS FROM `zy_lianxi` [ RunTime:0.0029s ]
SQL: SELECT * FROM `zy_lianxi` WHERE ( type=1 ) LIMIT 1   [ RunTime:0.0010s ]
SQL: SELECT * FROM `zy_lianxi` WHERE ( type=2 ) LIMIT 1   [ RunTime:0.0000s ]

[ 2017-12-14T09:51:52+08:00 ] 111.206.221.76 /zhongying1/index.php/Index/index_mobile.html
INFO: [ app_init ] --START--
INFO: Run Behavior\BuildLiteBehavior [ RunTime:0.000000s ]
INFO: [ app_init ] --END-- [ RunTime:0.000977s ]
INFO: [ app_begin ] --START--
INFO: Run Behavior\ReadHtmlCacheBehavior [ RunTime:0.000000s ]
INFO: [ app_begin ] --END-- [ RunTime:0.000976s ]
SQL: SHOW COLUMNS FROM `zy_lianxi` [ RunTime:0.0029s ]
SQL: SELECT * FROM `zy_lianxi` WHERE ( type=1 ) LIMIT 1   [ RunTime:0.0010s ]
SQL: SELECT * FROM `zy_lianxi` WHERE ( type=2 ) LIMIT 1   [ RunTime:0.0010s ]

[ 2017-12-14T09:51:52+08:00 ] 111.206.221.34 /zhongying1/index.php/Index/index.html
INFO: [ app_init ] --START--
INFO: Run Behavior\BuildLiteBehavior [ RunTime:0.000000s ]
INFO: [ app_init ] --END-- [ RunTime:0.000977s ]
INFO: [ app_begin ] --START--
INFO: Run Behavior\ReadHtmlCacheBehavior [ RunTime:0.000977s ]
INFO: [ app_begin ] --END-- [ RunTime:0.000977s ]
SQL: SHOW COLUMNS FROM `zy_lianxi` [ RunTime:0.0020s ]
SQL: SELECT * FROM `zy_lianxi` WHERE ( type=1 ) LIMIT 1   [ RunTime:0.0000s ]
SQL: SELECT * FROM `zy_lianxi` WHERE ( type=2 ) LIMIT 1   [ RunTime:0.0000s ]
SQL: SHOW COLUMNS FROM `zy_news` [ RunTime:0.0020s ]
SQL: SELECT * FROM `zy_news` WHERE ( new=0 ) ORDER BY time desc LIMIT 5   [ RunTime:0.0000s ]
SQL: SELECT * FROM `zy_news` WHERE ( new=1 ) LIMIT 1   [ RunTime:0.0000s ]
SQL: SHOW COLUMNS FROM `zy_tongji` [ RunTime:0.0020s ]
SQL: SELECT * FROM `zy_tongji` WHERE ( type=1 ) LIMIT 1   [ RunTime:0.0000s ]
SQL: SELECT * FROM `zy_tongji` WHERE ( type=2 ) LIMIT 1   [ RunTime:0.0000s ]
SQL: SELECT * FROM `zy_tongji` WHERE ( type=3 ) LIMIT 1   [ RunTime:0.0000s ]
INFO: [ view_parse ] --START--
INFO: [ template_filter ] --START--
INFO: Run Behavior\ContentReplaceBehavior [ RunTime:0.000977s ]
INFO: [ template_filter ] --END-- [ RunTime:0.000977s ]
NOTIC: [8] Undefined index: userinfo C:\wamp\www\zhongying1\App\Runtime\Cache\Home\fe3c599a46db2fd61ff75c662c996df3.php 第 37 行.
INFO: Run Behavior\ParseTemplateBehavior [ RunTime:0.020509s ]
INFO: [ view_parse ] --END-- [ RunTime:0.020509s ]
INFO: [ view_filter ] --START--
INFO: Run Behavior\WriteHtmlCacheBehavior [ RunTime:0.000976s ]
INFO: [ view_filter ] --END-- [ RunTime:0.000976s ]
INFO: [ app_end ] --START--
INFO: Run Behavior\ShowPageTraceBehavior [ RunTime:0.000977s ]
INFO: [ app_end ] --END-- [ RunTime:0.000977s ]

[ 2017-12-14T09:51:53+08:00 ] 111.206.221.85 /zhongying1/index.php/Index/index.html
INFO: [ app_init ] --START--
INFO: Run Behavior\BuildLiteBehavior [ RunTime:0.000000s ]
INFO: [ app_init ] --END-- [ RunTime:0.000000s ]
INFO: [ app_begin ] --START--
INFO: Run Behavior\ReadHtmlCacheBehavior [ RunTime:0.000977s ]
INFO: [ app_begin ] --END-- [ RunTime:0.000977s ]
SQL: SHOW COLUMNS FROM `zy_lianxi` [ RunTime:0.0020s ]
SQL: SELECT * FROM `zy_lianxi` WHERE ( type=1 ) LIMIT 1   [ RunTime:0.0010s ]
SQL: SELECT * FROM `zy_lianxi` WHERE ( type=2 ) LIMIT 1   [ RunTime:0.0010s ]
SQL: SHOW COLUMNS FROM `zy_news` [ RunTime:0.0020s ]
SQL: SELECT * FROM `zy_news` WHERE ( new=0 ) ORDER BY time desc LIMIT 5   [ RunTime:0.0000s ]
SQL: SELECT * FROM `zy_news` WHERE ( new=1 ) LIMIT 1   [ RunTime:0.0000s ]
SQL: SHOW COLUMNS FROM `zy_tongji` [ RunTime:0.0029s ]
SQL: SELECT * FROM `zy_tongji` WHERE ( type=1 ) LIMIT 1   [ RunTime:0.0010s ]
SQL: SELECT * FROM `zy_tongji` WHERE ( type=2 ) LIMIT 1   [ RunTime:0.0000s ]
SQL: SELECT * FROM `zy_tongji` WHERE ( type=3 ) LIMIT 1   [ RunTime:0.0000s ]
INFO: [ view_parse ] --START--
INFO: [ template_filter ] --START--
INFO: Run Behavior\ContentReplaceBehavior [ RunTime:0.000000s ]
INFO: [ template_filter ] --END-- [ RunTime:0.001953s ]
NOTIC: [8] Undefined index: userinfo C:\wamp\www\zhongying1\App\Runtime\Cache\Home\fe3c599a46db2fd61ff75c662c996df3.php 第 37 行.
INFO: Run Behavior\ParseTemplateBehavior [ RunTime:0.019532s ]
INFO: [ view_parse ] --END-- [ RunTime:0.019532s ]
INFO: [ view_filter ] --START--
INFO: Run Behavior\WriteHtmlCacheBehavior [ RunTime:0.000000s ]
INFO: [ view_filter ] --END-- [ RunTime:0.000976s ]
INFO: [ app_end ] --START--
INFO: Run Behavior\ShowPageTraceBehavior [ RunTime:0.000000s ]
INFO: [ app_end ] --END-- [ RunTime:0.000977s ]

[ 2017-12-14T09:51:54+08:00 ] 111.206.221.70 /zhongying1/index.php/Index/index_mobile.html
INFO: [ app_init ] --START--
INFO: Run Behavior\BuildLiteBehavior [ RunTime:0.000000s ]
INFO: [ app_init ] --END-- [ RunTime:0.000977s ]
INFO: [ app_begin ] --START--
INFO: Run Behavior\ReadHtmlCacheBehavior [ RunTime:0.000977s ]
INFO: [ app_begin ] --END-- [ RunTime:0.000977s ]
SQL: SHOW COLUMNS FROM `zy_lianxi` [ RunTime:0.0010s ]
SQL: SELECT * FROM `zy_lianxi` WHERE ( type=1 ) LIMIT 1   [ RunTime:0.0000s ]
SQL: SELECT * FROM `zy_lianxi` WHERE ( type=2 ) LIMIT 1   [ RunTime:0.0000s ]

[ 2017-12-14T09:51:54+08:00 ] 111.206.221.24 /zhongying1/index.php/Index/webseo/addSeo
INFO: [ app_init ] --START--
INFO: Run Behavior\BuildLiteBehavior [ RunTime:0.000000s ]
INFO: [ app_init ] --END-- [ RunTime:0.000977s ]
INFO: [ app_begin ] --START--
INFO: Run Behavior\ReadHtmlCacheBehavior [ RunTime:0.000000s ]
INFO: [ app_begin ] --END-- [ RunTime:0.000000s ]
SQL: SHOW COLUMNS FROM `zy_lianxi` [ RunTime:0.0029s ]
SQL: SELECT * FROM `zy_lianxi` WHERE ( type=1 ) LIMIT 1   [ RunTime:0.0000s ]
SQL: SELECT * FROM `zy_lianxi` WHERE ( type=2 ) LIMIT 1   [ RunTime:0.0000s ]

[ 2017-12-14T09:51:54+08:00 ] 111.206.221.24 /zhongying1/index.php/Index/index.html
INFO: [ app_init ] --START--
INFO: Run Behavior\BuildLiteBehavior [ RunTime:0.000000s ]
INFO: [ app_init ] --END-- [ RunTime:0.000976s ]
INFO: [ app_begin ] --START--
INFO: Run Behavior\ReadHtmlCacheBehavior [ RunTime:0.000000s ]
INFO: [ app_begin ] --END-- [ RunTime:0.000976s ]
SQL: SHOW COLUMNS FROM `zy_lianxi` [ RunTime:0.0020s ]
SQL: SELECT * FROM `zy_lianxi` WHERE ( type=1 ) LIMIT 1   [ RunTime:0.0000s ]
SQL: SELECT * FROM `zy_lianxi` WHERE ( type=2 ) LIMIT 1   [ RunTime:0.0010s ]
SQL: SHOW COLUMNS FROM `zy_news` [ RunTime:0.0020s ]
SQL: SELECT * FROM `zy_news` WHERE ( new=0 ) ORDER BY time desc LIMIT 5   [ RunTime:0.0000s ]
SQL: SELECT * FROM `zy_news` WHERE ( new=1 ) LIMIT 1   [ RunTime:0.0000s ]
SQL: SHOW COLUMNS FROM `zy_tongji` [ RunTime:0.0020s ]
SQL: SELECT * FROM `zy_tongji` WHERE ( type=1 ) LIMIT 1   [ RunTime:0.0010s ]
SQL: SELECT * FROM `zy_tongji` WHERE ( type=2 ) LIMIT 1   [ RunTime:0.0000s ]
SQL: SELECT * FROM `zy_tongji` WHERE ( type=3 ) LIMIT 1   [ RunTime:0.0000s ]
INFO: [ view_parse ] --START--
INFO: [ template_filter ] --START--
INFO: Run Behavior\ContentReplaceBehavior [ RunTime:0.000977s ]
INFO: [ template_filter ] --END-- [ RunTime:0.000977s ]
NOTIC: [8] Undefined index: userinfo C:\wamp\www\zhongying1\App\Runtime\Cache\Home\fe3c599a46db2fd61ff75c662c996df3.php 第 37 行.
INFO: Run Behavior\ParseTemplateBehavior [ RunTime:0.020509s ]
INFO: [ view_parse ] --END-- [ RunTime:0.020509s ]
INFO: [ view_filter ] --START--
INFO: Run Behavior\WriteHtmlCacheBehavior [ RunTime:0.000000s ]
INFO: [ view_filter ] --END-- [ RunTime:0.000000s ]
INFO: [ app_end ] --START--
INFO: Run Behavior\ShowPageTraceBehavior [ RunTime:0.000000s ]
INFO: [ app_end ] --END-- [ RunTime:0.000000s ]

[ 2017-12-14T09:51:56+08:00 ] 111.206.221.101 /zhongying1/index.php/Index/index_mobile.html
INFO: [ app_init ] --START--
INFO: Run Behavior\BuildLiteBehavior [ RunTime:0.000000s ]
INFO: [ app_init ] --END-- [ RunTime:0.000977s ]
INFO: [ app_begin ] --START--
INFO: Run Behavior\ReadHtmlCacheBehavior [ RunTime:0.000000s ]
INFO: [ app_begin ] --END-- [ RunTime:0.000000s ]
SQL: SHOW COLUMNS FROM `zy_lianxi` [ RunTime:0.0029s ]
SQL: SELECT * FROM `zy_lianxi` WHERE ( type=1 ) LIMIT 1   [ RunTime:0.0000s ]
SQL: SELECT * FROM `zy_lianxi` WHERE ( type=2 ) LIMIT 1   [ RunTime:0.0000s ]

[ 2017-12-14T09:51:56+08:00 ] 111.206.221.110 /zhongying1/index.php/Index/webseo/addSeo
INFO: [ app_init ] --START--
INFO: Run Behavior\BuildLiteBehavior [ RunTime:0.000000s ]
INFO: [ app_init ] --END-- [ RunTime:0.000976s ]
INFO: [ app_begin ] --START--
INFO: Run Behavior\ReadHtmlCacheBehavior [ RunTime:0.000977s ]
INFO: [ app_begin ] --END-- [ RunTime:0.001954s ]
SQL: SHOW COLUMNS FROM `zy_lianxi` [ RunTime:0.0039s ]
SQL: SELECT * FROM `zy_lianxi` WHERE ( type=1 ) LIMIT 1   [ RunTime:0.0010s ]
SQL: SELECT * FROM `zy_lianxi` WHERE ( type=2 ) LIMIT 1   [ RunTime:0.0000s ]

[ 2017-12-14T09:51:56+08:00 ] 111.206.221.36 /zhongying1/index.php/Index/index.html
INFO: [ app_init ] --START--
INFO: Run Behavior\BuildLiteBehavior [ RunTime:0.000000s ]
INFO: [ app_init ] --END-- [ RunTime:0.000000s ]
INFO: [ app_begin ] --START--
INFO: Run Behavior\ReadHtmlCacheBehavior [ RunTime:0.000976s ]
INFO: [ app_begin ] --END-- [ RunTime:0.000976s ]
SQL: SHOW COLUMNS FROM `zy_lianxi` [ RunTime:0.0039s ]
SQL: SELECT * FROM `zy_lianxi` WHERE ( type=1 ) LIMIT 1   [ RunTime:0.0000s ]
SQL: SELECT * FROM `zy_lianxi` WHERE ( type=2 ) LIMIT 1   [ RunTime:0.0000s ]
SQL: SHOW COLUMNS FROM `zy_news` [ RunTime:0.0020s ]
SQL: SELECT * FROM `zy_news` WHERE ( new=0 ) ORDER BY time desc LIMIT 5   [ RunTime:0.0000s ]
SQL: SELECT * FROM `zy_news` WHERE ( new=1 ) LIMIT 1   [ RunTime:0.0000s ]
SQL: SHOW COLUMNS FROM `zy_tongji` [ RunTime:0.0029s ]
SQL: SELECT * FROM `zy_tongji` WHERE ( type=1 ) LIMIT 1   [ RunTime:0.0000s ]
SQL: SELECT * FROM `zy_tongji` WHERE ( type=2 ) LIMIT 1   [ RunTime:0.0000s ]
SQL: SELECT * FROM `zy_tongji` WHERE ( type=3 ) LIMIT 1   [ RunTime:0.0010s ]
INFO: [ view_parse ] --START--
INFO: [ template_filter ] --START--
INFO: Run Behavior\ContentReplaceBehavior [ RunTime:0.000976s ]
INFO: [ template_filter ] --END-- [ RunTime:0.000976s ]
NOTIC: [8] Undefined index: userinfo C:\wamp\www\zhongying1\App\Runtime\Cache\Home\fe3c599a46db2fd61ff75c662c996df3.php 第 37 行.
INFO: Run Behavior\ParseTemplateBehavior [ RunTime:0.021485s ]
INFO: [ view_parse ] --END-- [ RunTime:0.022462s ]
INFO: [ view_filter ] --START--
INFO: Run Behavior\WriteHtmlCacheBehavior [ RunTime:0.000977s ]
INFO: [ view_filter ] --END-- [ RunTime:0.000977s ]
INFO: [ app_end ] --START--
INFO: Run Behavior\ShowPageTraceBehavior [ RunTime:0.000976s ]
INFO: [ app_end ] --END-- [ RunTime:0.000976s ]

[ 2017-12-14T09:51:58+08:00 ] 111.206.221.84 /zhongying1/index.php/Index/webseo/addSeo
INFO: [ app_init ] --START--
INFO: Run Behavior\BuildLiteBehavior [ RunTime:0.000000s ]
INFO: [ app_init ] --END-- [ RunTime:0.000977s ]
INFO: [ app_begin ] --START--
INFO: Run Behavior\ReadHtmlCacheBehavior [ RunTime:0.000976s ]
INFO: [ app_begin ] --END-- [ RunTime:0.000976s ]
SQL: SHOW COLUMNS FROM `zy_lianxi` [ RunTime:0.0029s ]
SQL: SELECT * FROM `zy_lianxi` WHERE ( type=1 ) LIMIT 1   [ RunTime:0.0010s ]
SQL: SELECT * FROM `zy_lianxi` WHERE ( type=2 ) LIMIT 1   [ RunTime:0.0010s ]

[ 2017-12-14T09:51:58+08:00 ] 111.206.221.115 /zhongying1/index.php/Index/index_mobile.html
INFO: [ app_init ] --START--
INFO: Run Behavior\BuildLiteBehavior [ RunTime:0.000000s ]
INFO: [ app_init ] --END-- [ RunTime:0.000000s ]
INFO: [ app_begin ] --START--
INFO: Run Behavior\ReadHtmlCacheBehavior [ RunTime:0.000000s ]
INFO: [ app_begin ] --END-- [ RunTime:0.000977s ]
SQL: SHOW COLUMNS FROM `zy_lianxi` [ RunTime:0.0039s ]
SQL: SELECT * FROM `zy_lianxi` WHERE ( type=1 ) LIMIT 1   [ RunTime:0.0000s ]
SQL: SELECT * FROM `zy_lianxi` WHERE ( type=2 ) LIMIT 1   [ RunTime:0.0010s ]

[ 2017-12-14T09:51:59+08:00 ] 111.206.221.86 /zhongying1/index.php/Index/index.html
INFO: [ app_init ] --START--
INFO: Run Behavior\BuildLiteBehavior [ RunTime:0.000000s ]
INFO: [ app_init ] --END-- [ RunTime:0.000977s ]
INFO: [ app_begin ] --START--
INFO: Run Behavior\ReadHtmlCacheBehavior [ RunTime:0.000976s ]
INFO: [ app_begin ] --END-- [ RunTime:0.000976s ]
SQL: SHOW COLUMNS FROM `zy_lianxi` [ RunTime:0.0029s ]
SQL: SELECT * FROM `zy_lianxi` WHERE ( type=1 ) LIMIT 1   [ RunTime:0.0000s ]
SQL: SELECT * FROM `zy_lianxi` WHERE ( type=2 ) LIMIT 1   [ RunTime:0.0010s ]
SQL: SHOW COLUMNS FROM `zy_news` [ RunTime:0.0039s ]
SQL: SELECT * FROM `zy_news` WHERE ( new=0 ) ORDER BY time desc LIMIT 5   [ RunTime:0.0000s ]
SQL: SELECT * FROM `zy_news` WHERE ( new=1 ) LIMIT 1   [ RunTime:0.0000s ]
SQL: SHOW COLUMNS FROM `zy_tongji` [ RunTime:0.0029s ]
SQL: SELECT * FROM `zy_tongji` WHERE ( type=1 ) LIMIT 1   [ RunTime:0.0000s ]
SQL: SELECT * FROM `zy_tongji` WHERE ( type=2 ) LIMIT 1   [ RunTime:0.0000s ]
SQL: SELECT * FROM `zy_tongji` WHERE ( type=3 ) LIMIT 1   [ RunTime:0.0010s ]
INFO: [ view_parse ] --START--
INFO: [ template_filter ] --START--
INFO: Run Behavior\ContentReplaceBehavior [ RunTime:0.000976s ]
INFO: [ template_filter ] --END-- [ RunTime:0.000976s ]
NOTIC: [8] Undefined index: userinfo C:\wamp\www\zhongying1\App\Runtime\Cache\Home\fe3c599a46db2fd61ff75c662c996df3.php 第 37 行.
INFO: Run Behavior\ParseTemplateBehavior [ RunTime:0.019532s ]
INFO: [ view_parse ] --END-- [ RunTime:0.019532s ]
INFO: [ view_filter ] --START--
INFO: Run Behavior\WriteHtmlCacheBehavior [ RunTime:0.000000s ]
INFO: [ view_filter ] --END-- [ RunTime:0.000000s ]
INFO: [ app_end ] --START--
INFO: Run Behavior\ShowPageTraceBehavior [ RunTime:0.000000s ]
INFO: [ app_end ] --END-- [ RunTime:0.000000s ]

[ 2017-12-14T09:51:59+08:00 ] 111.206.221.84 /zhongying1/index.php/Index/index.html
INFO: [ app_init ] --START--
INFO: Run Behavior\BuildLiteBehavior [ RunTime:0.000000s ]
INFO: [ app_init ] --END-- [ RunTime:0.000976s ]
INFO: [ app_begin ] --START--
INFO: Run Behavior\ReadHtmlCacheBehavior [ RunTime:0.000977s ]
INFO: [ app_begin ] --END-- [ RunTime:0.000977s ]
SQL: SHOW COLUMNS FROM `zy_lianxi` [ RunTime:0.0029s ]
SQL: SELECT * FROM `zy_lianxi` WHERE ( type=1 ) LIMIT 1   [ RunTime:0.0010s ]
SQL: SELECT * FROM `zy_lianxi` WHERE ( type=2 ) LIMIT 1   [ RunTime:0.0010s ]
SQL: SHOW COLUMNS FROM `zy_news` [ RunTime:0.0029s ]
SQL: SELECT * FROM `zy_news` WHERE ( new=0 ) ORDER BY time desc LIMIT 5   [ RunTime:0.0000s ]
SQL: SELECT * FROM `zy_news` WHERE ( new=1 ) LIMIT 1   [ RunTime:0.0000s ]
SQL: SHOW COLUMNS FROM `zy_tongji` [ RunTime:0.0010s ]
SQL: SELECT * FROM `zy_tongji` WHERE ( type=1 ) LIMIT 1   [ RunTime:0.0010s ]
SQL: SELECT * FROM `zy_tongji` WHERE ( type=2 ) LIMIT 1   [ RunTime:0.0000s ]
SQL: SELECT * FROM `zy_tongji` WHERE ( type=3 ) LIMIT 1   [ RunTime:0.0000s ]
INFO: [ view_parse ] --START--
INFO: [ template_filter ] --START--
INFO: Run Behavior\ContentReplaceBehavior [ RunTime:0.001953s ]
INFO: [ template_filter ] --END-- [ RunTime:0.001953s ]
NOTIC: [8] Undefined index: userinfo C:\wamp\www\zhongying1\App\Runtime\Cache\Home\fe3c599a46db2fd61ff75c662c996df3.php 第 37 行.
INFO: Run Behavior\ParseTemplateBehavior [ RunTime:0.034181s ]
INFO: [ view_parse ] --END-- [ RunTime:0.034181s ]
INFO: [ view_filter ] --START--
INFO: Run Behavior\WriteHtmlCacheBehavior [ RunTime:0.000977s ]
INFO: [ view_filter ] --END-- [ RunTime:0.000977s ]
INFO: [ app_end ] --START--
INFO: Run Behavior\ShowPageTraceBehavior [ RunTime:0.000977s ]
INFO: [ app_end ] --END-- [ RunTime:0.001953s ]

[ 2017-12-14T15:52:11+08:00 ] 123.125.71.38 /zhongying1/index.php/Help/index_xq?id=7009
INFO: [ app_init ] --START--
INFO: Run Behavior\BuildLiteBehavior [ RunTime:0.000000s ]
INFO: [ app_init ] --END-- [ RunTime:0.000000s ]
INFO: [ app_begin ] --START--
INFO: Run Behavior\ReadHtmlCacheBehavior [ RunTime:0.000000s ]
INFO: [ app_begin ] --END-- [ RunTime:0.000000s ]
SQL: SHOW COLUMNS FROM `zy_lianxi` [ RunTime:0.0000s ]
SQL: SELECT * FROM `zy_lianxi` WHERE ( type=1 ) LIMIT 1   [ RunTime:0.0000s ]
SQL: SELECT * FROM `zy_lianxi` WHERE ( type=2 ) LIMIT 1   [ RunTime:0.0000s ]
INFO: [ view_parse ] --START--
INFO: [ template_filter ] --START--
INFO: Run Behavior\ContentReplaceBehavior [ RunTime:0.000000s ]
INFO: [ template_filter ] --END-- [ RunTime:0.000000s ]
NOTIC: [8] Undefined index: userinfo C:\wamp\www\zhongying1\App\Runtime\Cache\Home\8ec7f88d801be0b155fdb5628bb0774e.php 第 34 行.
INFO: Run Behavior\ParseTemplateBehavior [ RunTime:0.000000s ]
INFO: [ view_parse ] --END-- [ RunTime:0.000000s ]
INFO: [ view_filter ] --START--
INFO: Run Behavior\WriteHtmlCacheBehavior [ RunTime:0.000000s ]
INFO: [ view_filter ] --END-- [ RunTime:0.000000s ]
INFO: [ app_end ] --START--
INFO: Run Behavior\ShowPageTraceBehavior [ RunTime:0.000000s ]
INFO: [ app_end ] --END-- [ RunTime:0.000000s ]

[ 2017-12-14T15:52:21+08:00 ] 111.206.221.48 /zhongying1/index.php/Help/webseo/addSeo
INFO: [ app_init ] --START--
INFO: Run Behavior\BuildLiteBehavior [ RunTime:0.000000s ]
INFO: [ app_init ] --END-- [ RunTime:0.000000s ]
INFO: [ app_begin ] --START--
INFO: Run Behavior\ReadHtmlCacheBehavior [ RunTime:0.000000s ]
INFO: [ app_begin ] --END-- [ RunTime:0.000000s ]
SQL: SHOW COLUMNS FROM `zy_lianxi` [ RunTime:0.0000s ]
SQL: SELECT * FROM `zy_lianxi` WHERE ( type=1 ) LIMIT 1   [ RunTime:0.0000s ]
SQL: SELECT * FROM `zy_lianxi` WHERE ( type=2 ) LIMIT 1   [ RunTime:0.0000s ]

[ 2017-12-14T15:52:21+08:00 ] 111.206.221.44 /zhongying1/index.php/Help/_mobile.html?id=7009
INFO: [ app_init ] --START--
INFO: Run Behavior\BuildLiteBehavior [ RunTime:0.000000s ]
INFO: [ app_init ] --END-- [ RunTime:0.000000s ]
INFO: [ app_begin ] --START--
INFO: Run Behavior\ReadHtmlCacheBehavior [ RunTime:0.000000s ]
INFO: [ app_begin ] --END-- [ RunTime:0.000000s ]
SQL: SHOW COLUMNS FROM `zy_lianxi` [ RunTime:0.0000s ]
SQL: SELECT * FROM `zy_lianxi` WHERE ( type=1 ) LIMIT 1   [ RunTime:0.0000s ]
SQL: SELECT * FROM `zy_lianxi` WHERE ( type=2 ) LIMIT 1   [ RunTime:0.0000s ]

[ 2017-12-14T15:52:21+08:00 ] 111.206.221.48 /zhongying1/index.php/Index/index.html
INFO: [ app_init ] --START--
INFO: Run Behavior\BuildLiteBehavior [ RunTime:0.000000s ]
INFO: [ app_init ] --END-- [ RunTime:0.000000s ]
INFO: [ app_begin ] --START--
INFO: Run Behavior\ReadHtmlCacheBehavior [ RunTime:0.000000s ]
INFO: [ app_begin ] --END-- [ RunTime:0.015626s ]
SQL: SHOW COLUMNS FROM `zy_lianxi` [ RunTime:0.0000s ]
SQL: SELECT * FROM `zy_lianxi` WHERE ( type=1 ) LIMIT 1   [ RunTime:0.0000s ]
SQL: SELECT * FROM `zy_lianxi` WHERE ( type=2 ) LIMIT 1   [ RunTime:0.0000s ]
SQL: SHOW COLUMNS FROM `zy_news` [ RunTime:0.0156s ]
SQL: SELECT * FROM `zy_news` WHERE ( new=0 ) ORDER BY time desc LIMIT 5   [ RunTime:0.0000s ]
SQL: SELECT * FROM `zy_news` WHERE ( new=1 ) LIMIT 1   [ RunTime:0.0000s ]
SQL: SHOW COLUMNS FROM `zy_tongji` [ RunTime:0.0000s ]
SQL: SELECT * FROM `zy_tongji` WHERE ( type=1 ) LIMIT 1   [ RunTime:0.0000s ]
SQL: SELECT * FROM `zy_tongji` WHERE ( type=2 ) LIMIT 1   [ RunTime:0.0000s ]
SQL: SELECT * FROM `zy_tongji` WHERE ( type=3 ) LIMIT 1   [ RunTime:0.0000s ]
INFO: [ view_parse ] --START--
INFO: [ template_filter ] --START--
INFO: Run Behavior\ContentReplaceBehavior [ RunTime:0.000000s ]
INFO: [ template_filter ] --END-- [ RunTime:0.000000s ]
NOTIC: [8] Undefined index: userinfo C:\wamp\www\zhongying1\App\Runtime\Cache\Home\fe3c599a46db2fd61ff75c662c996df3.php 第 37 行.
INFO: Run Behavior\ParseTemplateBehavior [ RunTime:0.015626s ]
INFO: [ view_parse ] --END-- [ RunTime:0.015626s ]
INFO: [ view_filter ] --START--
INFO: Run Behavior\WriteHtmlCacheBehavior [ RunTime:0.000000s ]
INFO: [ view_filter ] --END-- [ RunTime:0.000000s ]
INFO: [ app_end ] --START--
INFO: Run Behavior\ShowPageTraceBehavior [ RunTime:0.000000s ]
INFO: [ app_end ] --END-- [ RunTime:0.000000s ]

[ 2017-12-14T15:52:22+08:00 ] 111.206.221.27 /zhongying1/index.php/Index/index.html
INFO: [ app_init ] --START--
INFO: Run Behavior\BuildLiteBehavior [ RunTime:0.000000s ]
INFO: [ app_init ] --END-- [ RunTime:0.000000s ]
INFO: [ app_begin ] --START--
INFO: Run Behavior\ReadHtmlCacheBehavior [ RunTime:0.000000s ]
INFO: [ app_begin ] --END-- [ RunTime:0.000000s ]
SQL: SHOW COLUMNS FROM `zy_lianxi` [ RunTime:0.0000s ]
SQL: SELECT * FROM `zy_lianxi` WHERE ( type=1 ) LIMIT 1   [ RunTime:0.0000s ]
SQL: SELECT * FROM `zy_lianxi` WHERE ( type=2 ) LIMIT 1   [ RunTime:0.0000s ]
SQL: SHOW COLUMNS FROM `zy_news` [ RunTime:0.0000s ]
SQL: SELECT * FROM `zy_news` WHERE ( new=0 ) ORDER BY time desc LIMIT 5   [ RunTime:0.0000s ]
SQL: SELECT * FROM `zy_news` WHERE ( new=1 ) LIMIT 1   [ RunTime:0.0000s ]
SQL: SHOW COLUMNS FROM `zy_tongji` [ RunTime:0.0000s ]
SQL: SELECT * FROM `zy_tongji` WHERE ( type=1 ) LIMIT 1   [ RunTime:0.0000s ]
SQL: SELECT * FROM `zy_tongji` WHERE ( type=2 ) LIMIT 1   [ RunTime:0.0156s ]
SQL: SELECT * FROM `zy_tongji` WHERE ( type=3 ) LIMIT 1   [ RunTime:0.0000s ]
INFO: [ view_parse ] --START--
INFO: [ template_filter ] --START--
INFO: Run Behavior\ContentReplaceBehavior [ RunTime:0.000000s ]
INFO: [ template_filter ] --END-- [ RunTime:0.000000s ]
NOTIC: [8] Undefined index: userinfo C:\wamp\www\zhongying1\App\Runtime\Cache\Home\fe3c599a46db2fd61ff75c662c996df3.php 第 37 行.
INFO: Run Behavior\ParseTemplateBehavior [ RunTime:0.015626s ]
INFO: [ view_parse ] --END-- [ RunTime:0.015626s ]
INFO: [ view_filter ] --START--
INFO: Run Behavior\WriteHtmlCacheBehavior [ RunTime:0.000000s ]
INFO: [ view_filter ] --END-- [ RunTime:0.000000s ]
INFO: [ app_end ] --START--
INFO: Run Behavior\ShowPageTraceBehavior [ RunTime:0.000000s ]
INFO: [ app_end ] --END-- [ RunTime:0.000000s ]

[ 2017-12-14T15:52:24+08:00 ] 111.206.221.66 /zhongying1/index.php/Index/webseo/addSeo
INFO: [ app_init ] --START--
INFO: Run Behavior\BuildLiteBehavior [ RunTime:0.000000s ]
INFO: [ app_init ] --END-- [ RunTime:0.000000s ]
INFO: [ app_begin ] --START--
INFO: Run Behavior\ReadHtmlCacheBehavior [ RunTime:0.000000s ]
INFO: [ app_begin ] --END-- [ RunTime:0.000000s ]
SQL: SHOW COLUMNS FROM `zy_lianxi` [ RunTime:0.0000s ]
SQL: SELECT * FROM `zy_lianxi` WHERE ( type=1 ) LIMIT 1   [ RunTime:0.0000s ]
SQL: SELECT * FROM `zy_lianxi` WHERE ( type=2 ) LIMIT 1   [ RunTime:0.0000s ]

[ 2017-12-14T15:52:24+08:00 ] 111.206.221.83 /zhongying1/index.php/Index/index_mobile.html
INFO: [ app_init ] --START--
INFO: Run Behavior\BuildLiteBehavior [ RunTime:0.000000s ]
INFO: [ app_init ] --END-- [ RunTime:0.000000s ]
INFO: [ app_begin ] --START--
INFO: Run Behavior\ReadHtmlCacheBehavior [ RunTime:0.000000s ]
INFO: [ app_begin ] --END-- [ RunTime:0.000000s ]
SQL: SHOW COLUMNS FROM `zy_lianxi` [ RunTime:0.0000s ]
SQL: SELECT * FROM `zy_lianxi` WHERE ( type=1 ) LIMIT 1   [ RunTime:0.0156s ]
SQL: SELECT * FROM `zy_lianxi` WHERE ( type=2 ) LIMIT 1   [ RunTime:0.0000s ]

[ 2017-12-14T15:52:24+08:00 ] 111.206.221.104 /zhongying1/index.php/Index/index.html
INFO: [ app_init ] --START--
INFO: Run Behavior\BuildLiteBehavior [ RunTime:0.000000s ]
INFO: [ app_init ] --END-- [ RunTime:0.000000s ]
INFO: [ app_begin ] --START--
INFO: Run Behavior\ReadHtmlCacheBehavior [ RunTime:0.000000s ]
INFO: [ app_begin ] --END-- [ RunTime:0.000000s ]
SQL: SHOW COLUMNS FROM `zy_lianxi` [ RunTime:0.0000s ]
SQL: SELECT * FROM `zy_lianxi` WHERE ( type=1 ) LIMIT 1   [ RunTime:0.0000s ]
SQL: SELECT * FROM `zy_lianxi` WHERE ( type=2 ) LIMIT 1   [ RunTime:0.0000s ]
SQL: SHOW COLUMNS FROM `zy_news` [ RunTime:0.0000s ]
SQL: SELECT * FROM `zy_news` WHERE ( new=0 ) ORDER BY time desc LIMIT 5   [ RunTime:0.0000s ]
SQL: SELECT * FROM `zy_news` WHERE ( new=1 ) LIMIT 1   [ RunTime:0.0000s ]
SQL: SHOW COLUMNS FROM `zy_tongji` [ RunTime:0.0000s ]
SQL: SELECT * FROM `zy_tongji` WHERE ( type=1 ) LIMIT 1   [ RunTime:0.0000s ]
SQL: SELECT * FROM `zy_tongji` WHERE ( type=2 ) LIMIT 1   [ RunTime:0.0000s ]
SQL: SELECT * FROM `zy_tongji` WHERE ( type=3 ) LIMIT 1   [ RunTime:0.0000s ]
INFO: [ view_parse ] --START--
INFO: [ template_filter ] --START--
INFO: Run Behavior\ContentReplaceBehavior [ RunTime:0.000000s ]
INFO: [ template_filter ] --END-- [ RunTime:0.000000s ]
NOTIC: [8] Undefined index: userinfo C:\wamp\www\zhongying1\App\Runtime\Cache\Home\fe3c599a46db2fd61ff75c662c996df3.php 第 37 行.
INFO: Run Behavior\ParseTemplateBehavior [ RunTime:0.031251s ]
INFO: [ view_parse ] --END-- [ RunTime:0.031251s ]
INFO: [ view_filter ] --START--
INFO: Run Behavior\WriteHtmlCacheBehavior [ RunTime:0.000000s ]
INFO: [ view_filter ] --END-- [ RunTime:0.000000s ]
INFO: [ app_end ] --START--
INFO: Run Behavior\ShowPageTraceBehavior [ RunTime:0.000000s ]
INFO: [ app_end ] --END-- [ RunTime:0.000000s ]

[ 2017-12-14T15:52:25+08:00 ] 111.206.221.22 /zhongying1/index.php/Index/index.html
INFO: [ app_init ] --START--
INFO: Run Behavior\BuildLiteBehavior [ RunTime:0.000000s ]
INFO: [ app_init ] --END-- [ RunTime:0.000000s ]
INFO: [ app_begin ] --START--
INFO: Run Behavior\ReadHtmlCacheBehavior [ RunTime:0.000000s ]
INFO: [ app_begin ] --END-- [ RunTime:0.000000s ]
SQL: SHOW COLUMNS FROM `zy_lianxi` [ RunTime:0.0000s ]
SQL: SELECT * FROM `zy_lianxi` WHERE ( type=1 ) LIMIT 1   [ RunTime:0.0000s ]
SQL: SELECT * FROM `zy_lianxi` WHERE ( type=2 ) LIMIT 1   [ RunTime:0.0000s ]
SQL: SHOW COLUMNS FROM `zy_news` [ RunTime:0.0156s ]
SQL: SELECT * FROM `zy_news` WHERE ( new=0 ) ORDER BY time desc LIMIT 5   [ RunTime:0.0000s ]
SQL: SELECT * FROM `zy_news` WHERE ( new=1 ) LIMIT 1   [ RunTime:0.0000s ]
SQL: SHOW COLUMNS FROM `zy_tongji` [ RunTime:0.0000s ]
SQL: SELECT * FROM `zy_tongji` WHERE ( type=1 ) LIMIT 1   [ RunTime:0.0000s ]
SQL: SELECT * FROM `zy_tongji` WHERE ( type=2 ) LIMIT 1   [ RunTime:0.0000s ]
SQL: SELECT * FROM `zy_tongji` WHERE ( type=3 ) LIMIT 1   [ RunTime:0.0000s ]
INFO: [ view_parse ] --START--
INFO: [ template_filter ] --START--
INFO: Run Behavior\ContentReplaceBehavior [ RunTime:0.000000s ]
INFO: [ template_filter ] --END-- [ RunTime:0.000000s ]
NOTIC: [8] Undefined index: userinfo C:\wamp\www\zhongying1\App\Runtime\Cache\Home\fe3c599a46db2fd61ff75c662c996df3.php 第 37 行.
INFO: Run Behavior\ParseTemplateBehavior [ RunTime:0.031251s ]
INFO: [ view_parse ] --END-- [ RunTime:0.031251s ]
INFO: [ view_filter ] --START--
INFO: Run Behavior\WriteHtmlCacheBehavior [ RunTime:0.000000s ]
INFO: [ view_filter ] --END-- [ RunTime:0.000000s ]
INFO: [ app_end ] --START--
INFO: Run Behavior\ShowPageTraceBehavior [ RunTime:0.000000s ]
INFO: [ app_end ] --END-- [ RunTime:0.000000s ]

[ 2017-12-14T15:52:27+08:00 ] 111.206.221.25 /zhongying1/index.php/Index/index_mobile.html
INFO: [ app_init ] --START--
INFO: Run Behavior\BuildLiteBehavior [ RunTime:0.000000s ]
INFO: [ app_init ] --END-- [ RunTime:0.000000s ]
INFO: [ app_begin ] --START--
INFO: Run Behavior\ReadHtmlCacheBehavior [ RunTime:0.000000s ]
INFO: [ app_begin ] --END-- [ RunTime:0.000000s ]
SQL: SHOW COLUMNS FROM `zy_lianxi` [ RunTime:0.0000s ]
SQL: SELECT * FROM `zy_lianxi` WHERE ( type=1 ) LIMIT 1   [ RunTime:0.0000s ]
SQL: SELECT * FROM `zy_lianxi` WHERE ( type=2 ) LIMIT 1   [ RunTime:0.0000s ]

[ 2017-12-14T15:52:27+08:00 ] 111.206.221.114 /zhongying1/index.php/Index/webseo/addSeo
INFO: [ app_init ] --START--
INFO: Run Behavior\BuildLiteBehavior [ RunTime:0.000000s ]
INFO: [ app_init ] --END-- [ RunTime:0.000000s ]
INFO: [ app_begin ] --START--
INFO: Run Behavior\ReadHtmlCacheBehavior [ RunTime:0.000000s ]
INFO: [ app_begin ] --END-- [ RunTime:0.000000s ]
SQL: SHOW COLUMNS FROM `zy_lianxi` [ RunTime:0.0000s ]
SQL: SELECT * FROM `zy_lianxi` WHERE ( type=1 ) LIMIT 1   [ RunTime:0.0000s ]
SQL: SELECT * FROM `zy_lianxi` WHERE ( type=2 ) LIMIT 1   [ RunTime:0.0000s ]

[ 2017-12-14T15:52:30+08:00 ] 111.206.221.67 /zhongying1/index.php/Index/index.html
INFO: [ app_init ] --START--
INFO: Run Behavior\BuildLiteBehavior [ RunTime:0.000000s ]
INFO: [ app_init ] --END-- [ RunTime:0.000000s ]
INFO: [ app_begin ] --START--
INFO: Run Behavior\ReadHtmlCacheBehavior [ RunTime:0.000000s ]
INFO: [ app_begin ] --END-- [ RunTime:0.000000s ]
SQL: SHOW COLUMNS FROM `zy_lianxi` [ RunTime:0.0000s ]
SQL: SELECT * FROM `zy_lianxi` WHERE ( type=1 ) LIMIT 1   [ RunTime:0.0000s ]
SQL: SELECT * FROM `zy_lianxi` WHERE ( type=2 ) LIMIT 1   [ RunTime:0.0000s ]
SQL: SHOW COLUMNS FROM `zy_news` [ RunTime:0.0000s ]
SQL: SELECT * FROM `zy_news` WHERE ( new=0 ) ORDER BY time desc LIMIT 5   [ RunTime:0.0000s ]
SQL: SELECT * FROM `zy_news` WHERE ( new=1 ) LIMIT 1   [ RunTime:0.0000s ]
SQL: SHOW COLUMNS FROM `zy_tongji` [ RunTime:0.0000s ]
SQL: SELECT * FROM `zy_tongji` WHERE ( type=1 ) LIMIT 1   [ RunTime:0.0000s ]
SQL: SELECT * FROM `zy_tongji` WHERE ( type=2 ) LIMIT 1   [ RunTime:0.0000s ]
SQL: SELECT * FROM `zy_tongji` WHERE ( type=3 ) LIMIT 1   [ RunTime:0.0000s ]
INFO: [ view_parse ] --START--
INFO: [ template_filter ] --START--
INFO: Run Behavior\ContentReplaceBehavior [ RunTime:0.000000s ]
INFO: [ template_filter ] --END-- [ RunTime:0.000000s ]
NOTIC: [8] Undefined index: userinfo C:\wamp\www\zhongying1\App\Runtime\Cache\Home\fe3c599a46db2fd61ff75c662c996df3.php 第 37 行.
INFO: Run Behavior\ParseTemplateBehavior [ RunTime:0.031251s ]
INFO: [ view_parse ] --END-- [ RunTime:0.031251s ]
INFO: [ view_filter ] --START--
INFO: Run Behavior\WriteHtmlCacheBehavior [ RunTime:0.000000s ]
INFO: [ view_filter ] --END-- [ RunTime:0.000000s ]
INFO: [ app_end ] --START--
INFO: Run Behavior\ShowPageTraceBehavior [ RunTime:0.000000s ]
INFO: [ app_end ] --END-- [ RunTime:0.000000s ]

[ 2017-12-14T16:25:31+08:00 ] 220.181.108.173 /zhongying1/index.php/Index/index.html
INFO: [ app_init ] --START--
INFO: Run Behavior\BuildLiteBehavior [ RunTime:0.000000s ]
INFO: [ app_init ] --END-- [ RunTime:0.000000s ]
INFO: [ app_begin ] --START--
INFO: Run Behavior\ReadHtmlCacheBehavior [ RunTime:0.000000s ]
INFO: [ app_begin ] --END-- [ RunTime:0.015626s ]
SQL: SHOW COLUMNS FROM `zy_lianxi` [ RunTime:0.0000s ]
SQL: SELECT * FROM `zy_lianxi` WHERE ( type=1 ) LIMIT 1   [ RunTime:0.0000s ]
SQL: SELECT * FROM `zy_lianxi` WHERE ( type=2 ) LIMIT 1   [ RunTime:0.0000s ]
SQL: SHOW COLUMNS FROM `zy_news` [ RunTime:0.0000s ]
SQL: SELECT * FROM `zy_news` WHERE ( new=0 ) ORDER BY time desc LIMIT 5   [ RunTime:0.0000s ]
SQL: SELECT * FROM `zy_news` WHERE ( new=1 ) LIMIT 1   [ RunTime:0.0000s ]
SQL: SHOW COLUMNS FROM `zy_tongji` [ RunTime:0.0000s ]
SQL: SELECT * FROM `zy_tongji` WHERE ( type=1 ) LIMIT 1   [ RunTime:0.0000s ]
SQL: SELECT * FROM `zy_tongji` WHERE ( type=2 ) LIMIT 1   [ RunTime:0.0000s ]
SQL: SELECT * FROM `zy_tongji` WHERE ( type=3 ) LIMIT 1   [ RunTime:0.0000s ]
INFO: [ view_parse ] --START--
INFO: [ template_filter ] --START--
INFO: Run Behavior\ContentReplaceBehavior [ RunTime:0.000000s ]
INFO: [ template_filter ] --END-- [ RunTime:0.000000s ]
NOTIC: [8] Undefined index: userinfo C:\wamp\www\zhongying1\App\Runtime\Cache\Home\fe3c599a46db2fd61ff75c662c996df3.php 第 37 行.
INFO: Run Behavior\ParseTemplateBehavior [ RunTime:0.031251s ]
INFO: [ view_parse ] --END-- [ RunTime:0.031251s ]
INFO: [ view_filter ] --START--
INFO: Run Behavior\WriteHtmlCacheBehavior [ RunTime:0.000000s ]
INFO: [ view_filter ] --END-- [ RunTime:0.000000s ]
INFO: [ app_end ] --START--
INFO: Run Behavior\ShowPageTraceBehavior [ RunTime:0.000000s ]
INFO: [ app_end ] --END-- [ RunTime:0.000000s ]

[ 2017-12-14T16:25:31+08:00 ] 220.181.108.154 /zhongying1/index.php/Index/
INFO: [ app_init ] --START--
INFO: Run Behavior\BuildLiteBehavior [ RunTime:0.000000s ]
INFO: [ app_init ] --END-- [ RunTime:0.000000s ]
INFO: [ app_begin ] --START--
INFO: Run Behavior\ReadHtmlCacheBehavior [ RunTime:0.000000s ]
INFO: [ app_begin ] --END-- [ RunTime:0.000000s ]
SQL: SHOW COLUMNS FROM `zy_lianxi` [ RunTime:0.0000s ]
SQL: SELECT * FROM `zy_lianxi` WHERE ( type=1 ) LIMIT 1   [ RunTime:0.0000s ]
SQL: SELECT * FROM `zy_lianxi` WHERE ( type=2 ) LIMIT 1   [ RunTime:0.0000s ]
INFO: [ view_parse ] --START--
INFO: [ template_filter ] --START--
INFO: Run Behavior\ContentReplaceBehavior [ RunTime:0.000000s ]
INFO: [ template_filter ] --END-- [ RunTime:0.000000s ]
INFO: Run Behavior\ParseTemplateBehavior [ RunTime:0.000000s ]
INFO: [ view_parse ] --END-- [ RunTime:0.000000s ]
INFO: [ view_filter ] --START--
INFO: Run Behavior\WriteHtmlCacheBehavior [ RunTime:0.000000s ]
INFO: [ view_filter ] --END-- [ RunTime:0.000000s ]
INFO: [ app_end ] --START--
INFO: Run Behavior\ShowPageTraceBehavior [ RunTime:0.000000s ]
INFO: [ app_end ] --END-- [ RunTime:0.000000s ]

[ 2017-12-14T16:25:42+08:00 ] 111.206.221.71 /zhongying1/index.php/Index/webseo/addSeo
INFO: [ app_init ] --START--
INFO: Run Behavior\BuildLiteBehavior [ RunTime:0.000000s ]
INFO: [ app_init ] --END-- [ RunTime:0.000000s ]
INFO: [ app_begin ] --START--
INFO: Run Behavior\ReadHtmlCacheBehavior [ RunTime:0.000000s ]
INFO: [ app_begin ] --END-- [ RunTime:0.000000s ]
SQL: SHOW COLUMNS FROM `zy_lianxi` [ RunTime:0.0000s ]
SQL: SELECT * FROM `zy_lianxi` WHERE ( type=1 ) LIMIT 1   [ RunTime:0.0000s ]
SQL: SELECT * FROM `zy_lianxi` WHERE ( type=2 ) LIMIT 1   [ RunTime:0.0000s ]

[ 2017-12-14T16:25:42+08:00 ] 111.206.221.84 /zhongying1/index.php/Index/index_mobile.html
INFO: [ app_init ] --START--
INFO: Run Behavior\BuildLiteBehavior [ RunTime:0.000000s ]
INFO: [ app_init ] --END-- [ RunTime:0.000000s ]
INFO: [ app_begin ] --START--
INFO: Run Behavior\ReadHtmlCacheBehavior [ RunTime:0.000000s ]
INFO: [ app_begin ] --END-- [ RunTime:0.000000s ]
SQL: SHOW COLUMNS FROM `zy_lianxi` [ RunTime:0.0000s ]
SQL: SELECT * FROM `zy_lianxi` WHERE ( type=1 ) LIMIT 1   [ RunTime:0.0000s ]
SQL: SELECT * FROM `zy_lianxi` WHERE ( type=2 ) LIMIT 1   [ RunTime:0.0000s ]

[ 2017-12-14T16:25:42+08:00 ] 111.206.221.68 /zhongying1/index.php/Index/index.html
INFO: [ app_init ] --START--
INFO: Run Behavior\BuildLiteBehavior [ RunTime:0.000000s ]
INFO: [ app_init ] --END-- [ RunTime:0.000000s ]
INFO: [ app_begin ] --START--
INFO: Run Behavior\ReadHtmlCacheBehavior [ RunTime:0.000000s ]
INFO: [ app_begin ] --END-- [ RunTime:0.000000s ]
SQL: SHOW COLUMNS FROM `zy_lianxi` [ RunTime:0.0000s ]
SQL: SELECT * FROM `zy_lianxi` WHERE ( type=1 ) LIMIT 1   [ RunTime:0.0000s ]
SQL: SELECT * FROM `zy_lianxi` WHERE ( type=2 ) LIMIT 1   [ RunTime:0.0000s ]
SQL: SHOW COLUMNS FROM `zy_news` [ RunTime:0.0000s ]
SQL: SELECT * FROM `zy_news` WHERE ( new=0 ) ORDER BY time desc LIMIT 5   [ RunTime:0.0000s ]
SQL: SELECT * FROM `zy_news` WHERE ( new=1 ) LIMIT 1   [ RunTime:0.0000s ]
SQL: SHOW COLUMNS FROM `zy_tongji` [ RunTime:0.0000s ]
SQL: SELECT * FROM `zy_tongji` WHERE ( type=1 ) LIMIT 1   [ RunTime:0.0000s ]
SQL: SELECT * FROM `zy_tongji` WHERE ( type=2 ) LIMIT 1   [ RunTime:0.0000s ]
SQL: SELECT * FROM `zy_tongji` WHERE ( type=3 ) LIMIT 1   [ RunTime:0.0000s ]
INFO: [ view_parse ] --START--
INFO: [ template_filter ] --START--
INFO: Run Behavior\ContentReplaceBehavior [ RunTime:0.000000s ]
INFO: [ template_filter ] --END-- [ RunTime:0.000000s ]
NOTIC: [8] Undefined index: userinfo C:\wamp\www\zhongying1\App\Runtime\Cache\Home\fe3c599a46db2fd61ff75c662c996df3.php 第 37 行.
INFO: Run Behavior\ParseTemplateBehavior [ RunTime:0.015626s ]
INFO: [ view_parse ] --END-- [ RunTime:0.015626s ]
INFO: [ view_filter ] --START--
INFO: Run Behavior\WriteHtmlCacheBehavior [ RunTime:0.015625s ]
INFO: [ view_filter ] --END-- [ RunTime:0.015625s ]
INFO: [ app_end ] --START--
INFO: Run Behavior\ShowPageTraceBehavior [ RunTime:0.000000s ]
INFO: [ app_end ] --END-- [ RunTime:0.000000s ]

[ 2017-12-14T16:25:43+08:00 ] 111.206.221.98 /zhongying1/index.php/Index/index.html
INFO: [ app_init ] --START--
INFO: Run Behavior\BuildLiteBehavior [ RunTime:0.000000s ]
INFO: [ app_init ] --END-- [ RunTime:0.000000s ]
INFO: [ app_begin ] --START--
INFO: Run Behavior\ReadHtmlCacheBehavior [ RunTime:0.000000s ]
INFO: [ app_begin ] --END-- [ RunTime:0.000000s ]
SQL: SHOW COLUMNS FROM `zy_lianxi` [ RunTime:0.0000s ]
SQL: SELECT * FROM `zy_lianxi` WHERE ( type=1 ) LIMIT 1   [ RunTime:0.0000s ]
SQL: SELECT * FROM `zy_lianxi` WHERE ( type=2 ) LIMIT 1   [ RunTime:0.0000s ]
SQL: SHOW COLUMNS FROM `zy_news` [ RunTime:0.0000s ]
SQL: SELECT * FROM `zy_news` WHERE ( new=0 ) ORDER BY time desc LIMIT 5   [ RunTime:0.0000s ]
SQL: SELECT * FROM `zy_news` WHERE ( new=1 ) LIMIT 1   [ RunTime:0.0000s ]
SQL: SHOW COLUMNS FROM `zy_tongji` [ RunTime:0.0000s ]
SQL: SELECT * FROM `zy_tongji` WHERE ( type=1 ) LIMIT 1   [ RunTime:0.0000s ]
SQL: SELECT * FROM `zy_tongji` WHERE ( type=2 ) LIMIT 1   [ RunTime:0.0000s ]
SQL: SELECT * FROM `zy_tongji` WHERE ( type=3 ) LIMIT 1   [ RunTime:0.0000s ]
INFO: [ view_parse ] --START--
INFO: [ template_filter ] --START--
INFO: Run Behavior\ContentReplaceBehavior [ RunTime:0.015625s ]
INFO: [ template_filter ] --END-- [ RunTime:0.015625s ]
NOTIC: [8] Undefined index: userinfo C:\wamp\www\zhongying1\App\Runtime\Cache\Home\fe3c599a46db2fd61ff75c662c996df3.php 第 37 行.
INFO: Run Behavior\ParseTemplateBehavior [ RunTime:0.031251s ]
INFO: [ view_parse ] --END-- [ RunTime:0.031251s ]
INFO: [ view_filter ] --START--
INFO: Run Behavior\WriteHtmlCacheBehavior [ RunTime:0.000000s ]
INFO: [ view_filter ] --END-- [ RunTime:0.000000s ]
INFO: [ app_end ] --START--
INFO: Run Behavior\ShowPageTraceBehavior [ RunTime:0.000000s ]
INFO: [ app_end ] --END-- [ RunTime:0.000000s ]

[ 2017-12-14T16:25:44+08:00 ] 111.206.221.85 /zhongying1/index.php/Index/index_mobile.html
INFO: [ app_init ] --START--
INFO: Run Behavior\BuildLiteBehavior [ RunTime:0.000000s ]
INFO: [ app_init ] --END-- [ RunTime:0.000000s ]
INFO: [ app_begin ] --START--
INFO: Run Behavior\ReadHtmlCacheBehavior [ RunTime:0.000000s ]
INFO: [ app_begin ] --END-- [ RunTime:0.000000s ]
SQL: SHOW COLUMNS FROM `zy_lianxi` [ RunTime:0.0000s ]
SQL: SELECT * FROM `zy_lianxi` WHERE ( type=1 ) LIMIT 1   [ RunTime:0.0000s ]
SQL: SELECT * FROM `zy_lianxi` WHERE ( type=2 ) LIMIT 1   [ RunTime:0.0000s ]

[ 2017-12-14T16:25:44+08:00 ] 111.206.221.82 /zhongying1/index.php/Index/webseo/addSeo
INFO: [ app_init ] --START--
INFO: Run Behavior\BuildLiteBehavior [ RunTime:0.000000s ]
INFO: [ app_init ] --END-- [ RunTime:0.000000s ]
INFO: [ app_begin ] --START--
INFO: Run Behavior\ReadHtmlCacheBehavior [ RunTime:0.000000s ]
INFO: [ app_begin ] --END-- [ RunTime:0.000000s ]
SQL: SHOW COLUMNS FROM `zy_lianxi` [ RunTime:0.0000s ]
SQL: SELECT * FROM `zy_lianxi` WHERE ( type=1 ) LIMIT 1   [ RunTime:0.0000s ]
SQL: SELECT * FROM `zy_lianxi` WHERE ( type=2 ) LIMIT 1   [ RunTime:0.0000s ]

[ 2017-12-14T16:25:45+08:00 ] 111.206.221.40 /zhongying1/index.php/Index/index.html
INFO: [ app_init ] --START--
INFO: Run Behavior\BuildLiteBehavior [ RunTime:0.000000s ]
INFO: [ app_init ] --END-- [ RunTime:0.000000s ]
INFO: [ app_begin ] --START--
INFO: Run Behavior\ReadHtmlCacheBehavior [ RunTime:0.000000s ]
INFO: [ app_begin ] --END-- [ RunTime:0.000000s ]
SQL: SHOW COLUMNS FROM `zy_lianxi` [ RunTime:0.0000s ]
SQL: SELECT * FROM `zy_lianxi` WHERE ( type=1 ) LIMIT 1   [ RunTime:0.0000s ]
SQL: SELECT * FROM `zy_lianxi` WHERE ( type=2 ) LIMIT 1   [ RunTime:0.0000s ]
SQL: SHOW COLUMNS FROM `zy_news` [ RunTime:0.0000s ]
SQL: SELECT * FROM `zy_news` WHERE ( new=0 ) ORDER BY time desc LIMIT 5   [ RunTime:0.0000s ]
SQL: SELECT * FROM `zy_news` WHERE ( new=1 ) LIMIT 1   [ RunTime:0.0000s ]
SQL: SHOW COLUMNS FROM `zy_tongji` [ RunTime:0.0000s ]
SQL: SELECT * FROM `zy_tongji` WHERE ( type=1 ) LIMIT 1   [ RunTime:0.0000s ]
SQL: SELECT * FROM `zy_tongji` WHERE ( type=2 ) LIMIT 1   [ RunTime:0.0000s ]
SQL: SELECT * FROM `zy_tongji` WHERE ( type=3 ) LIMIT 1   [ RunTime:0.0000s ]
INFO: [ view_parse ] --START--
INFO: [ template_filter ] --START--
INFO: Run Behavior\ContentReplaceBehavior [ RunTime:0.000000s ]
INFO: [ template_filter ] --END-- [ RunTime:0.000000s ]
NOTIC: [8] Undefined index: userinfo C:\wamp\www\zhongying1\App\Runtime\Cache\Home\fe3c599a46db2fd61ff75c662c996df3.php 第 37 行.
INFO: Run Behavior\ParseTemplateBehavior [ RunTime:0.015626s ]
INFO: [ view_parse ] --END-- [ RunTime:0.015626s ]
INFO: [ view_filter ] --START--
INFO: Run Behavior\WriteHtmlCacheBehavior [ RunTime:0.015625s ]
INFO: [ view_filter ] --END-- [ RunTime:0.015625s ]
INFO: [ app_end ] --START--
INFO: Run Behavior\ShowPageTraceBehavior [ RunTime:0.000000s ]
INFO: [ app_end ] --END-- [ RunTime:0.000000s ]

[ 2017-12-14T16:25:46+08:00 ] 111.206.221.44 /zhongying1/index.php/Index/index_mobile.html
INFO: [ app_init ] --START--
INFO: Run Behavior\BuildLiteBehavior [ RunTime:0.000000s ]
INFO: [ app_init ] --END-- [ RunTime:0.000000s ]
INFO: [ app_begin ] --START--
INFO: Run Behavior\ReadHtmlCacheBehavior [ RunTime:0.000000s ]
INFO: [ app_begin ] --END-- [ RunTime:0.000000s ]
SQL: SHOW COLUMNS FROM `zy_lianxi` [ RunTime:0.0000s ]
SQL: SELECT * FROM `zy_lianxi` WHERE ( type=1 ) LIMIT 1   [ RunTime:0.0000s ]
SQL: SELECT * FROM `zy_lianxi` WHERE ( type=2 ) LIMIT 1   [ RunTime:0.0000s ]

[ 2017-12-14T16:25:46+08:00 ] 111.206.221.113 /zhongying1/index.php/Index/webseo/addSeo
INFO: [ app_init ] --START--
INFO: Run Behavior\BuildLiteBehavior [ RunTime:0.000000s ]
INFO: [ app_init ] --END-- [ RunTime:0.000000s ]
INFO: [ app_begin ] --START--
INFO: Run Behavior\ReadHtmlCacheBehavior [ RunTime:0.000000s ]
INFO: [ app_begin ] --END-- [ RunTime:0.000000s ]
SQL: SHOW COLUMNS FROM `zy_lianxi` [ RunTime:0.0000s ]
SQL: SELECT * FROM `zy_lianxi` WHERE ( type=1 ) LIMIT 1   [ RunTime:0.0000s ]
SQL: SELECT * FROM `zy_lianxi` WHERE ( type=2 ) LIMIT 1   [ RunTime:0.0000s ]

[ 2017-12-14T16:25:46+08:00 ] 111.206.221.77 /zhongying1/index.php/Index/index.html
INFO: [ app_init ] --START--
INFO: Run Behavior\BuildLiteBehavior [ RunTime:0.000000s ]
INFO: [ app_init ] --END-- [ RunTime:0.015625s ]
INFO: [ app_begin ] --START--
INFO: Run Behavior\ReadHtmlCacheBehavior [ RunTime:0.000000s ]
INFO: [ app_begin ] --END-- [ RunTime:0.000000s ]
SQL: SHOW COLUMNS FROM `zy_lianxi` [ RunTime:0.0000s ]
SQL: SELECT * FROM `zy_lianxi` WHERE ( type=1 ) LIMIT 1   [ RunTime:0.0000s ]
SQL: SELECT * FROM `zy_lianxi` WHERE ( type=2 ) LIMIT 1   [ RunTime:0.0000s ]
SQL: SHOW COLUMNS FROM `zy_news` [ RunTime:0.0156s ]
SQL: SELECT * FROM `zy_news` WHERE ( new=0 ) ORDER BY time desc LIMIT 5   [ RunTime:0.0000s ]
SQL: SELECT * FROM `zy_news` WHERE ( new=1 ) LIMIT 1   [ RunTime:0.0000s ]
SQL: SHOW COLUMNS FROM `zy_tongji` [ RunTime:0.0000s ]
SQL: SELECT * FROM `zy_tongji` WHERE ( type=1 ) LIMIT 1   [ RunTime:0.0000s ]
SQL: SELECT * FROM `zy_tongji` WHERE ( type=2 ) LIMIT 1   [ RunTime:0.0000s ]
SQL: SELECT * FROM `zy_tongji` WHERE ( type=3 ) LIMIT 1   [ RunTime:0.0000s ]
INFO: [ view_parse ] --START--
INFO: [ template_filter ] --START--
INFO: Run Behavior\ContentReplaceBehavior [ RunTime:0.000000s ]
INFO: [ template_filter ] --END-- [ RunTime:0.000000s ]
NOTIC: [8] Undefined index: userinfo C:\wamp\www\zhongying1\App\Runtime\Cache\Home\fe3c599a46db2fd61ff75c662c996df3.php 第 37 行.
INFO: Run Behavior\ParseTemplateBehavior [ RunTime:0.015625s ]
INFO: [ view_parse ] --END-- [ RunTime:0.015625s ]
INFO: [ view_filter ] --START--
INFO: Run Behavior\WriteHtmlCacheBehavior [ RunTime:0.000000s ]
INFO: [ view_filter ] --END-- [ RunTime:0.000000s ]
INFO: [ app_end ] --START--
INFO: Run Behavior\ShowPageTraceBehavior [ RunTime:0.000000s ]
INFO: [ app_end ] --END-- [ RunTime:0.000000s ]

[ 2017-12-14T16:25:47+08:00 ] 111.206.221.108 /zhongying1/index.php/Index/webseo/addSeo
INFO: [ app_init ] --START--
INFO: Run Behavior\BuildLiteBehavior [ RunTime:0.000000s ]
INFO: [ app_init ] --END-- [ RunTime:0.000000s ]
INFO: [ app_begin ] --START--
INFO: Run Behavior\ReadHtmlCacheBehavior [ RunTime:0.000000s ]
INFO: [ app_begin ] --END-- [ RunTime:0.000000s ]
SQL: SHOW COLUMNS FROM `zy_lianxi` [ RunTime:0.0000s ]
SQL: SELECT * FROM `zy_lianxi` WHERE ( type=1 ) LIMIT 1   [ RunTime:0.0000s ]
SQL: SELECT * FROM `zy_lianxi` WHERE ( type=2 ) LIMIT 1   [ RunTime:0.0000s ]

[ 2017-12-14T16:25:47+08:00 ] 111.206.221.114 /zhongying1/index.php/Index/index_mobile.html
INFO: [ app_init ] --START--
INFO: Run Behavior\BuildLiteBehavior [ RunTime:0.000000s ]
INFO: [ app_init ] --END-- [ RunTime:0.000000s ]
INFO: [ app_begin ] --START--
INFO: Run Behavior\ReadHtmlCacheBehavior [ RunTime:0.000000s ]
INFO: [ app_begin ] --END-- [ RunTime:0.000000s ]
SQL: SHOW COLUMNS FROM `zy_lianxi` [ RunTime:0.0000s ]
SQL: SELECT * FROM `zy_lianxi` WHERE ( type=1 ) LIMIT 1   [ RunTime:0.0000s ]
SQL: SELECT * FROM `zy_lianxi` WHERE ( type=2 ) LIMIT 1   [ RunTime:0.0000s ]

[ 2017-12-14T16:25:47+08:00 ] 111.206.221.102 /zhongying1/index.php/Index/index.html
INFO: [ app_init ] --START--
INFO: Run Behavior\BuildLiteBehavior [ RunTime:0.000000s ]
INFO: [ app_init ] --END-- [ RunTime:0.000000s ]
INFO: [ app_begin ] --START--
INFO: Run Behavior\ReadHtmlCacheBehavior [ RunTime:0.000000s ]
INFO: [ app_begin ] --END-- [ RunTime:0.000000s ]
SQL: SHOW COLUMNS FROM `zy_lianxi` [ RunTime:0.0000s ]
SQL: SELECT * FROM `zy_lianxi` WHERE ( type=1 ) LIMIT 1   [ RunTime:0.0000s ]
SQL: SELECT * FROM `zy_lianxi` WHERE ( type=2 ) LIMIT 1   [ RunTime:0.0000s ]
SQL: SHOW COLUMNS FROM `zy_news` [ RunTime:0.0000s ]
SQL: SELECT * FROM `zy_news` WHERE ( new=0 ) ORDER BY time desc LIMIT 5   [ RunTime:0.0156s ]
SQL: SELECT * FROM `zy_news` WHERE ( new=1 ) LIMIT 1   [ RunTime:0.0000s ]
SQL: SHOW COLUMNS FROM `zy_tongji` [ RunTime:0.0000s ]
SQL: SELECT * FROM `zy_tongji` WHERE ( type=1 ) LIMIT 1   [ RunTime:0.0000s ]
SQL: SELECT * FROM `zy_tongji` WHERE ( type=2 ) LIMIT 1   [ RunTime:0.0000s ]
SQL: SELECT * FROM `zy_tongji` WHERE ( type=3 ) LIMIT 1   [ RunTime:0.0000s ]
INFO: [ view_parse ] --START--
INFO: [ template_filter ] --START--
INFO: Run Behavior\ContentReplaceBehavior [ RunTime:0.000000s ]
INFO: [ template_filter ] --END-- [ RunTime:0.000000s ]
NOTIC: [8] Undefined index: userinfo C:\wamp\www\zhongying1\App\Runtime\Cache\Home\fe3c599a46db2fd61ff75c662c996df3.php 第 37 行.
INFO: Run Behavior\ParseTemplateBehavior [ RunTime:0.031251s ]
INFO: [ view_parse ] --END-- [ RunTime:0.031251s ]
INFO: [ view_filter ] --START--
INFO: Run Behavior\WriteHtmlCacheBehavior [ RunTime:0.000000s ]
INFO: [ view_filter ] --END-- [ RunTime:0.000000s ]
INFO: [ app_end ] --START--
INFO: Run Behavior\ShowPageTraceBehavior [ RunTime:0.000000s ]
INFO: [ app_end ] --END-- [ RunTime:0.000000s ]

[ 2017-12-14T16:25:48+08:00 ] 111.206.221.67 /zhongying1/index.php/Index/index.html
INFO: [ app_init ] --START--
INFO: Run Behavior\BuildLiteBehavior [ RunTime:0.000000s ]
INFO: [ app_init ] --END-- [ RunTime:0.000000s ]
INFO: [ app_begin ] --START--
INFO: Run Behavior\ReadHtmlCacheBehavior [ RunTime:0.000000s ]
INFO: [ app_begin ] --END-- [ RunTime:0.000000s ]
SQL: SHOW COLUMNS FROM `zy_lianxi` [ RunTime:0.0000s ]
SQL: SELECT * FROM `zy_lianxi` WHERE ( type=1 ) LIMIT 1   [ RunTime:0.0000s ]
SQL: SELECT * FROM `zy_lianxi` WHERE ( type=2 ) LIMIT 1   [ RunTime:0.0000s ]
SQL: SHOW COLUMNS FROM `zy_news` [ RunTime:0.0000s ]
SQL: SELECT * FROM `zy_news` WHERE ( new=0 ) ORDER BY time desc LIMIT 5   [ RunTime:0.0000s ]
SQL: SELECT * FROM `zy_news` WHERE ( new=1 ) LIMIT 1   [ RunTime:0.0000s ]
SQL: SHOW COLUMNS FROM `zy_tongji` [ RunTime:0.0000s ]
SQL: SELECT * FROM `zy_tongji` WHERE ( type=1 ) LIMIT 1   [ RunTime:0.0156s ]
SQL: SELECT * FROM `zy_tongji` WHERE ( type=2 ) LIMIT 1   [ RunTime:0.0000s ]
SQL: SELECT * FROM `zy_tongji` WHERE ( type=3 ) LIMIT 1   [ RunTime:0.0000s ]
INFO: [ view_parse ] --START--
INFO: [ template_filter ] --START--
INFO: Run Behavior\ContentReplaceBehavior [ RunTime:0.000000s ]
INFO: [ template_filter ] --END-- [ RunTime:0.000000s ]
NOTIC: [8] Undefined index: userinfo C:\wamp\www\zhongying1\App\Runtime\Cache\Home\fe3c599a46db2fd61ff75c662c996df3.php 第 37 行.
INFO: Run Behavior\ParseTemplateBehavior [ RunTime:0.015626s ]
INFO: [ view_parse ] --END-- [ RunTime:0.015626s ]
INFO: [ view_filter ] --START--
INFO: Run Behavior\WriteHtmlCacheBehavior [ RunTime:0.000000s ]
INFO: [ view_filter ] --END-- [ RunTime:0.000000s ]
INFO: [ app_end ] --START--
INFO: Run Behavior\ShowPageTraceBehavior [ RunTime:0.000000s ]
INFO: [ app_end ] --END-- [ RunTime:0.000000s ]

[ 2017-12-14T16:25:49+08:00 ] 111.206.221.27 /zhongying1/index.php/Index/webseo/addSeo
INFO: [ app_init ] --START--
INFO: Run Behavior\BuildLiteBehavior [ RunTime:0.000000s ]
INFO: [ app_init ] --END-- [ RunTime:0.000000s ]
INFO: [ app_begin ] --START--
INFO: Run Behavior\ReadHtmlCacheBehavior [ RunTime:0.000000s ]
INFO: [ app_begin ] --END-- [ RunTime:0.000000s ]
SQL: SHOW COLUMNS FROM `zy_lianxi` [ RunTime:0.0000s ]
SQL: SELECT * FROM `zy_lianxi` WHERE ( type=1 ) LIMIT 1   [ RunTime:0.0000s ]
SQL: SELECT * FROM `zy_lianxi` WHERE ( type=2 ) LIMIT 1   [ RunTime:0.0000s ]

[ 2017-12-14T16:25:50+08:00 ] 111.206.221.35 /zhongying1/index.php/Index/index_mobile.html
INFO: [ app_init ] --START--
INFO: Run Behavior\BuildLiteBehavior [ RunTime:0.000000s ]
INFO: [ app_init ] --END-- [ RunTime:0.000000s ]
INFO: [ app_begin ] --START--
INFO: Run Behavior\ReadHtmlCacheBehavior [ RunTime:0.000000s ]
INFO: [ app_begin ] --END-- [ RunTime:0.000000s ]
SQL: SHOW COLUMNS FROM `zy_lianxi` [ RunTime:0.0000s ]
SQL: SELECT * FROM `zy_lianxi` WHERE ( type=1 ) LIMIT 1   [ RunTime:0.0000s ]
SQL: SELECT * FROM `zy_lianxi` WHERE ( type=2 ) LIMIT 1   [ RunTime:0.0000s ]

[ 2017-12-14T16:25:50+08:00 ] 111.206.221.93 /zhongying1/index.php/Index/index.html
INFO: [ app_init ] --START--
INFO: Run Behavior\BuildLiteBehavior [ RunTime:0.000000s ]
INFO: [ app_init ] --END-- [ RunTime:0.000000s ]
INFO: [ app_begin ] --START--
INFO: Run Behavior\ReadHtmlCacheBehavior [ RunTime:0.000000s ]
INFO: [ app_begin ] --END-- [ RunTime:0.000000s ]
SQL: SHOW COLUMNS FROM `zy_lianxi` [ RunTime:0.0000s ]
SQL: SELECT * FROM `zy_lianxi` WHERE ( type=1 ) LIMIT 1   [ RunTime:0.0000s ]
SQL: SELECT * FROM `zy_lianxi` WHERE ( type=2 ) LIMIT 1   [ RunTime:0.0000s ]
SQL: SHOW COLUMNS FROM `zy_news` [ RunTime:0.0000s ]
SQL: SELECT * FROM `zy_news` WHERE ( new=0 ) ORDER BY time desc LIMIT 5   [ RunTime:0.0000s ]
SQL: SELECT * FROM `zy_news` WHERE ( new=1 ) LIMIT 1   [ RunTime:0.0000s ]
SQL: SHOW COLUMNS FROM `zy_tongji` [ RunTime:0.0000s ]
SQL: SELECT * FROM `zy_tongji` WHERE ( type=1 ) LIMIT 1   [ RunTime:0.0000s ]
SQL: SELECT * FROM `zy_tongji` WHERE ( type=2 ) LIMIT 1   [ RunTime:0.0000s ]
SQL: SELECT * FROM `zy_tongji` WHERE ( type=3 ) LIMIT 1   [ RunTime:0.0000s ]
INFO: [ view_parse ] --START--
INFO: [ template_filter ] --START--
INFO: Run Behavior\ContentReplaceBehavior [ RunTime:0.000000s ]
INFO: [ template_filter ] --END-- [ RunTime:0.000000s ]
NOTIC: [8] Undefined index: userinfo C:\wamp\www\zhongying1\App\Runtime\Cache\Home\fe3c599a46db2fd61ff75c662c996df3.php 第 37 行.
INFO: Run Behavior\ParseTemplateBehavior [ RunTime:0.031251s ]
INFO: [ view_parse ] --END-- [ RunTime:0.031251s ]
INFO: [ view_filter ] --START--
INFO: Run Behavior\WriteHtmlCacheBehavior [ RunTime:0.000000s ]
INFO: [ view_filter ] --END-- [ RunTime:0.000000s ]
INFO: [ app_end ] --START--
INFO: Run Behavior\ShowPageTraceBehavior [ RunTime:0.000000s ]
INFO: [ app_end ] --END-- [ RunTime:0.000000s ]

[ 2017-12-14T16:25:50+08:00 ] 111.206.221.105 /zhongying1/index.php/Index/index.html
INFO: [ app_init ] --START--
INFO: Run Behavior\BuildLiteBehavior [ RunTime:0.000000s ]
INFO: [ app_init ] --END-- [ RunTime:0.000000s ]
INFO: [ app_begin ] --START--
INFO: Run Behavior\ReadHtmlCacheBehavior [ RunTime:0.000000s ]
INFO: [ app_begin ] --END-- [ RunTime:0.000000s ]
SQL: SHOW COLUMNS FROM `zy_lianxi` [ RunTime:0.0000s ]
SQL: SELECT * FROM `zy_lianxi` WHERE ( type=1 ) LIMIT 1   [ RunTime:0.0000s ]
SQL: SELECT * FROM `zy_lianxi` WHERE ( type=2 ) LIMIT 1   [ RunTime:0.0000s ]
SQL: SHOW COLUMNS FROM `zy_news` [ RunTime:0.0000s ]
SQL: SELECT * FROM `zy_news` WHERE ( new=0 ) ORDER BY time desc LIMIT 5   [ RunTime:0.0000s ]
SQL: SELECT * FROM `zy_news` WHERE ( new=1 ) LIMIT 1   [ RunTime:0.0000s ]
SQL: SHOW COLUMNS FROM `zy_tongji` [ RunTime:0.0156s ]
SQL: SELECT * FROM `zy_tongji` WHERE ( type=1 ) LIMIT 1   [ RunTime:0.0000s ]
SQL: SELECT * FROM `zy_tongji` WHERE ( type=2 ) LIMIT 1   [ RunTime:0.0000s ]
SQL: SELECT * FROM `zy_tongji` WHERE ( type=3 ) LIMIT 1   [ RunTime:0.0000s ]
INFO: [ view_parse ] --START--
INFO: [ template_filter ] --START--
INFO: Run Behavior\ContentReplaceBehavior [ RunTime:0.000000s ]
INFO: [ template_filter ] --END-- [ RunTime:0.000000s ]
NOTIC: [8] Undefined index: userinfo C:\wamp\www\zhongying1\App\Runtime\Cache\Home\fe3c599a46db2fd61ff75c662c996df3.php 第 37 行.
INFO: Run Behavior\ParseTemplateBehavior [ RunTime:0.015625s ]
INFO: [ view_parse ] --END-- [ RunTime:0.015625s ]
INFO: [ view_filter ] --START--
INFO: Run Behavior\WriteHtmlCacheBehavior [ RunTime:0.000000s ]
INFO: [ view_filter ] --END-- [ RunTime:0.000000s ]
INFO: [ app_end ] --START--
INFO: Run Behavior\ShowPageTraceBehavior [ RunTime:0.000000s ]
INFO: [ app_end ] --END-- [ RunTime:0.000000s ]

[ 2017-12-14T16:25:52+08:00 ] 111.206.221.89 /zhongying1/index.php/Index/webseo/addSeo
INFO: [ app_init ] --START--
INFO: Run Behavior\BuildLiteBehavior [ RunTime:0.000000s ]
INFO: [ app_init ] --END-- [ RunTime:0.000000s ]
INFO: [ app_begin ] --START--
INFO: Run Behavior\ReadHtmlCacheBehavior [ RunTime:0.000000s ]
INFO: [ app_begin ] --END-- [ RunTime:0.000000s ]
SQL: SHOW COLUMNS FROM `zy_lianxi` [ RunTime:0.0000s ]
SQL: SELECT * FROM `zy_lianxi` WHERE ( type=1 ) LIMIT 1   [ RunTime:0.0000s ]
SQL: SELECT * FROM `zy_lianxi` WHERE ( type=2 ) LIMIT 1   [ RunTime:0.0000s ]

[ 2017-12-14T16:25:52+08:00 ] 111.206.221.40 /zhongying1/index.php/Index/index.html
INFO: [ app_init ] --START--
INFO: Run Behavior\BuildLiteBehavior [ RunTime:0.000000s ]
INFO: [ app_init ] --END-- [ RunTime:0.000000s ]
INFO: [ app_begin ] --START--
INFO: Run Behavior\ReadHtmlCacheBehavior [ RunTime:0.000000s ]
INFO: [ app_begin ] --END-- [ RunTime:0.000000s ]
SQL: SHOW COLUMNS FROM `zy_lianxi` [ RunTime:0.0000s ]
SQL: SELECT * FROM `zy_lianxi` WHERE ( type=1 ) LIMIT 1   [ RunTime:0.0000s ]
SQL: SELECT * FROM `zy_lianxi` WHERE ( type=2 ) LIMIT 1   [ RunTime:0.0000s ]
SQL: SHOW COLUMNS FROM `zy_news` [ RunTime:0.0000s ]
SQL: SELECT * FROM `zy_news` WHERE ( new=0 ) ORDER BY time desc LIMIT 5   [ RunTime:0.0000s ]
SQL: SELECT * FROM `zy_news` WHERE ( new=1 ) LIMIT 1   [ RunTime:0.0000s ]
SQL: SHOW COLUMNS FROM `zy_tongji` [ RunTime:0.0000s ]
SQL: SELECT * FROM `zy_tongji` WHERE ( type=1 ) LIMIT 1   [ RunTime:0.0156s ]
SQL: SELECT * FROM `zy_tongji` WHERE ( type=2 ) LIMIT 1   [ RunTime:0.0000s ]
SQL: SELECT * FROM `zy_tongji` WHERE ( type=3 ) LIMIT 1   [ RunTime:0.0000s ]
INFO: [ view_parse ] --START--
INFO: [ template_filter ] --START--
INFO: Run Behavior\ContentReplaceBehavior [ RunTime:0.000000s ]
INFO: [ template_filter ] --END-- [ RunTime:0.000000s ]
NOTIC: [8] Undefined index: userinfo C:\wamp\www\zhongying1\App\Runtime\Cache\Home\fe3c599a46db2fd61ff75c662c996df3.php 第 37 行.
INFO: Run Behavior\ParseTemplateBehavior [ RunTime:0.031251s ]
INFO: [ view_parse ] --END-- [ RunTime:0.031251s ]
INFO: [ view_filter ] --START--
INFO: Run Behavior\WriteHtmlCacheBehavior [ RunTime:0.000000s ]
INFO: [ view_filter ] --END-- [ RunTime:0.000000s ]
INFO: [ app_end ] --START--
INFO: Run Behavior\ShowPageTraceBehavior [ RunTime:0.000000s ]
INFO: [ app_end ] --END-- [ RunTime:0.000000s ]

[ 2017-12-14T16:26:05+08:00 ] 111.206.221.103 /zhongying1/index.php/Index/index_mobile.html
INFO: [ app_init ] --START--
INFO: Run Behavior\BuildLiteBehavior [ RunTime:0.000000s ]
INFO: [ app_init ] --END-- [ RunTime:0.000000s ]
INFO: [ app_begin ] --START--
INFO: Run Behavior\ReadHtmlCacheBehavior [ RunTime:0.015626s ]
INFO: [ app_begin ] --END-- [ RunTime:0.015626s ]
SQL: SHOW COLUMNS FROM `zy_lianxi` [ RunTime:0.0000s ]
SQL: SELECT * FROM `zy_lianxi` WHERE ( type=1 ) LIMIT 1   [ RunTime:0.0000s ]
SQL: SELECT * FROM `zy_lianxi` WHERE ( type=2 ) LIMIT 1   [ RunTime:0.0000s ]

