[ 2017-12-21T23:34:13+08:00 ] 220.181.108.151 /zhongying1/index.php/Join/index
INFO: [ app_init ] --START--
INFO: Run Behavior\BuildLiteBehavior [ RunTime:0.000000s ]
INFO: [ app_init ] --END-- [ RunTime:0.000977s ]
INFO: [ app_begin ] --START--
INFO: Run Behavior\ReadHtmlCacheBehavior [ RunTime:0.000977s ]
INFO: [ app_begin ] --END-- [ RunTime:0.000977s ]
SQL: SHOW COLUMNS FROM `zy_lianxi` [ RunTime:0.0020s ]
SQL: SELECT * FROM `zy_lianxi` WHERE ( type=1 ) LIMIT 1   [ RunTime:0.0010s ]
SQL: SELECT * FROM `zy_lianxi` WHERE ( type=2 ) LIMIT 1   [ RunTime:0.0000s ]
INFO: [ view_parse ] --START--
INFO: [ template_filter ] --START--
INFO: Run Behavior\ContentReplaceBehavior [ RunTime:0.000977s ]
INFO: [ template_filter ] --END-- [ RunTime:0.000977s ]
NOTIC: [8] Undefined index: userinfo C:\wamp\www\zhongying1\App\Runtime\Cache\Home\2af1db0094e82f28a37dd4ad5b362aaa.php 第 38 行.
INFO: Run Behavior\ParseTemplateBehavior [ RunTime:0.020506s ]
INFO: [ view_parse ] --END-- [ RunTime:0.020506s ]
INFO: [ view_filter ] --START--
INFO: Run Behavior\WriteHtmlCacheBehavior [ RunTime:0.000000s ]
INFO: [ view_filter ] --END-- [ RunTime:0.000000s ]
INFO: [ app_end ] --START--
INFO: Run Behavior\ShowPageTraceBehavior [ RunTime:0.000977s ]
INFO: [ app_end ] --END-- [ RunTime:0.000977s ]

[ 2017-12-21T23:34:24+08:00 ] 111.206.221.29 /zhongying1/index.php/Join/webseo/addSeo
INFO: [ app_init ] --START--
INFO: Run Behavior\BuildLiteBehavior [ RunTime:0.000000s ]
INFO: [ app_init ] --END-- [ RunTime:0.000977s ]
INFO: [ app_begin ] --START--
INFO: Run Behavior\ReadHtmlCacheBehavior [ RunTime:0.000977s ]
INFO: [ app_begin ] --END-- [ RunTime:0.000977s ]
SQL: SHOW COLUMNS FROM `zy_lianxi` [ RunTime:0.0039s ]
SQL: SELECT * FROM `zy_lianxi` WHERE ( type=1 ) LIMIT 1   [ RunTime:0.0000s ]
SQL: SELECT * FROM `zy_lianxi` WHERE ( type=2 ) LIMIT 1   [ RunTime:0.0000s ]

[ 2017-12-21T23:34:24+08:00 ] 111.206.221.83 /zhongying1/index.php/Join/_mobile.html
INFO: [ app_init ] --START--
INFO: Run Behavior\BuildLiteBehavior [ RunTime:0.000000s ]
INFO: [ app_init ] --END-- [ RunTime:0.000976s ]
INFO: [ app_begin ] --START--
INFO: Run Behavior\ReadHtmlCacheBehavior [ RunTime:0.000977s ]
INFO: [ app_begin ] --END-- [ RunTime:0.001953s ]
SQL: SHOW COLUMNS FROM `zy_lianxi` [ RunTime:0.0029s ]
SQL: SELECT * FROM `zy_lianxi` WHERE ( type=1 ) LIMIT 1   [ RunTime:0.0010s ]
SQL: SELECT * FROM `zy_lianxi` WHERE ( type=2 ) LIMIT 1   [ RunTime:0.0000s ]

[ 2017-12-21T23:34:24+08:00 ] 111.206.221.34 /zhongying1/index.php/Index/index.html
INFO: [ app_init ] --START--
INFO: Run Behavior\BuildLiteBehavior [ RunTime:0.000000s ]
INFO: [ app_init ] --END-- [ RunTime:0.000977s ]
INFO: [ app_begin ] --START--
INFO: Run Behavior\ReadHtmlCacheBehavior [ RunTime:0.000977s ]
INFO: [ app_begin ] --END-- [ RunTime:0.000977s ]
SQL: SHOW COLUMNS FROM `zy_lianxi` [ RunTime:0.0039s ]
SQL: SELECT * FROM `zy_lianxi` WHERE ( type=1 ) LIMIT 1   [ RunTime:0.0000s ]
SQL: SELECT * FROM `zy_lianxi` WHERE ( type=2 ) LIMIT 1   [ RunTime:0.0000s ]
SQL: SHOW COLUMNS FROM `zy_news` [ RunTime:0.0029s ]
SQL: SELECT * FROM `zy_news` WHERE ( new=0 ) ORDER BY time desc LIMIT 5   [ RunTime:0.0000s ]
SQL: SELECT * FROM `zy_news` WHERE ( new=1 ) LIMIT 1   [ RunTime:0.0010s ]
SQL: SHOW COLUMNS FROM `zy_tongji` [ RunTime:0.0029s ]
SQL: SELECT * FROM `zy_tongji` WHERE ( type=1 ) LIMIT 1   [ RunTime:0.0000s ]
SQL: SELECT * FROM `zy_tongji` WHERE ( type=2 ) LIMIT 1   [ RunTime:0.0000s ]
SQL: SELECT * FROM `zy_tongji` WHERE ( type=3 ) LIMIT 1   [ RunTime:0.0000s ]
INFO: [ view_parse ] --START--
INFO: [ template_filter ] --START--
INFO: Run Behavior\ContentReplaceBehavior [ RunTime:0.000976s ]
INFO: [ template_filter ] --END-- [ RunTime:0.001953s ]
NOTIC: [8] Undefined index: userinfo C:\wamp\www\zhongying1\App\Runtime\Cache\Home\fe3c599a46db2fd61ff75c662c996df3.php 第 37 行.
INFO: Run Behavior\ParseTemplateBehavior [ RunTime:0.034178s ]
INFO: [ view_parse ] --END-- [ RunTime:0.034178s ]
INFO: [ view_filter ] --START--
INFO: Run Behavior\WriteHtmlCacheBehavior [ RunTime:0.000976s ]
INFO: [ view_filter ] --END-- [ RunTime:0.000976s ]
INFO: [ app_end ] --START--
INFO: Run Behavior\ShowPageTraceBehavior [ RunTime:0.000976s ]
INFO: [ app_end ] --END-- [ RunTime:0.000976s ]

[ 2017-12-21T23:34:25+08:00 ] 111.206.221.112 /zhongying1/index.php/Index/index.html
INFO: [ app_init ] --START--
INFO: Run Behavior\BuildLiteBehavior [ RunTime:0.000000s ]
INFO: [ app_init ] --END-- [ RunTime:0.000976s ]
INFO: [ app_begin ] --START--
INFO: Run Behavior\ReadHtmlCacheBehavior [ RunTime:0.000000s ]
INFO: [ app_begin ] --END-- [ RunTime:0.000000s ]
SQL: SHOW COLUMNS FROM `zy_lianxi` [ RunTime:0.0029s ]
SQL: SELECT * FROM `zy_lianxi` WHERE ( type=1 ) LIMIT 1   [ RunTime:0.0010s ]
SQL: SELECT * FROM `zy_lianxi` WHERE ( type=2 ) LIMIT 1   [ RunTime:0.0000s ]
SQL: SHOW COLUMNS FROM `zy_news` [ RunTime:0.0020s ]
SQL: SELECT * FROM `zy_news` WHERE ( new=0 ) ORDER BY time desc LIMIT 5   [ RunTime:0.0000s ]
SQL: SELECT * FROM `zy_news` WHERE ( new=1 ) LIMIT 1   [ RunTime:0.0010s ]
SQL: SHOW COLUMNS FROM `zy_tongji` [ RunTime:0.0029s ]
SQL: SELECT * FROM `zy_tongji` WHERE ( type=1 ) LIMIT 1   [ RunTime:0.0000s ]
SQL: SELECT * FROM `zy_tongji` WHERE ( type=2 ) LIMIT 1   [ RunTime:0.0000s ]
SQL: SELECT * FROM `zy_tongji` WHERE ( type=3 ) LIMIT 1   [ RunTime:0.0000s ]
INFO: [ view_parse ] --START--
INFO: [ template_filter ] --START--
INFO: Run Behavior\ContentReplaceBehavior [ RunTime:0.000977s ]
INFO: [ template_filter ] --END-- [ RunTime:0.000977s ]
NOTIC: [8] Undefined index: userinfo C:\wamp\www\zhongying1\App\Runtime\Cache\Home\fe3c599a46db2fd61ff75c662c996df3.php 第 37 行.
INFO: Run Behavior\ParseTemplateBehavior [ RunTime:0.020507s ]
INFO: [ view_parse ] --END-- [ RunTime:0.021483s ]
INFO: [ view_filter ] --START--
INFO: Run Behavior\WriteHtmlCacheBehavior [ RunTime:0.000000s ]
INFO: [ view_filter ] --END-- [ RunTime:0.000000s ]
INFO: [ app_end ] --START--
INFO: Run Behavior\ShowPageTraceBehavior [ RunTime:0.000000s ]
INFO: [ app_end ] --END-- [ RunTime:0.000000s ]

[ 2017-12-21T23:34:28+08:00 ] 111.206.221.30 /zhongying1/index.php/Index/webseo/addSeo
INFO: [ app_init ] --START--
INFO: Run Behavior\BuildLiteBehavior [ RunTime:0.000000s ]
INFO: [ app_init ] --END-- [ RunTime:0.000977s ]
INFO: [ app_begin ] --START--
INFO: Run Behavior\ReadHtmlCacheBehavior [ RunTime:0.000000s ]
INFO: [ app_begin ] --END-- [ RunTime:0.000977s ]
SQL: SHOW COLUMNS FROM `zy_lianxi` [ RunTime:0.0029s ]
SQL: SELECT * FROM `zy_lianxi` WHERE ( type=1 ) LIMIT 1   [ RunTime:0.0000s ]
SQL: SELECT * FROM `zy_lianxi` WHERE ( type=2 ) LIMIT 1   [ RunTime:0.0010s ]

[ 2017-12-21T23:34:28+08:00 ] 111.206.221.31 /zhongying1/index.php/Index/index.html
INFO: [ app_init ] --START--
INFO: Run Behavior\BuildLiteBehavior [ RunTime:0.000000s ]
INFO: [ app_init ] --END-- [ RunTime:0.000977s ]
INFO: [ app_begin ] --START--
INFO: Run Behavior\ReadHtmlCacheBehavior [ RunTime:0.000977s ]
INFO: [ app_begin ] --END-- [ RunTime:0.000977s ]
SQL: SHOW COLUMNS FROM `zy_lianxi` [ RunTime:0.0029s ]
SQL: SELECT * FROM `zy_lianxi` WHERE ( type=1 ) LIMIT 1   [ RunTime:0.0010s ]
SQL: SELECT * FROM `zy_lianxi` WHERE ( type=2 ) LIMIT 1   [ RunTime:0.0000s ]
SQL: SHOW COLUMNS FROM `zy_news` [ RunTime:0.0020s ]
SQL: SELECT * FROM `zy_news` WHERE ( new=0 ) ORDER BY time desc LIMIT 5   [ RunTime:0.0000s ]
SQL: SELECT * FROM `zy_news` WHERE ( new=1 ) LIMIT 1   [ RunTime:0.0010s ]
SQL: SHOW COLUMNS FROM `zy_tongji` [ RunTime:0.0010s ]
SQL: SELECT * FROM `zy_tongji` WHERE ( type=1 ) LIMIT 1   [ RunTime:0.0000s ]
SQL: SELECT * FROM `zy_tongji` WHERE ( type=2 ) LIMIT 1   [ RunTime:0.0000s ]
SQL: SELECT * FROM `zy_tongji` WHERE ( type=3 ) LIMIT 1   [ RunTime:0.0000s ]
INFO: [ view_parse ] --START--
INFO: [ template_filter ] --START--
INFO: Run Behavior\ContentReplaceBehavior [ RunTime:0.000000s ]
INFO: [ template_filter ] --END-- [ RunTime:0.000976s ]
NOTIC: [8] Undefined index: userinfo C:\wamp\www\zhongying1\App\Runtime\Cache\Home\fe3c599a46db2fd61ff75c662c996df3.php 第 37 行.
INFO: Run Behavior\ParseTemplateBehavior [ RunTime:0.018553s ]
INFO: [ view_parse ] --END-- [ RunTime:0.018553s ]
INFO: [ view_filter ] --START--
INFO: Run Behavior\WriteHtmlCacheBehavior [ RunTime:0.000977s ]
INFO: [ view_filter ] --END-- [ RunTime:0.000977s ]
INFO: [ app_end ] --START--
INFO: Run Behavior\ShowPageTraceBehavior [ RunTime:0.000976s ]
INFO: [ app_end ] --END-- [ RunTime:0.000976s ]

[ 2017-12-21T23:34:35+08:00 ] 111.206.221.97 /zhongying1/index.php/Index/index_mobile.html
INFO: [ app_init ] --START--
INFO: Run Behavior\BuildLiteBehavior [ RunTime:0.000000s ]
INFO: [ app_init ] --END-- [ RunTime:0.000976s ]
INFO: [ app_begin ] --START--
INFO: Run Behavior\ReadHtmlCacheBehavior [ RunTime:0.000976s ]
INFO: [ app_begin ] --END-- [ RunTime:0.001953s ]
SQL: SHOW COLUMNS FROM `zy_lianxi` [ RunTime:0.0020s ]
SQL: SELECT * FROM `zy_lianxi` WHERE ( type=1 ) LIMIT 1   [ RunTime:0.0000s ]
SQL: SELECT * FROM `zy_lianxi` WHERE ( type=2 ) LIMIT 1   [ RunTime:0.0000s ]

[ 2017-12-21T23:34:35+08:00 ] 111.206.221.100 /zhongying1/index.php/Index/index.html
INFO: [ app_init ] --START--
INFO: Run Behavior\BuildLiteBehavior [ RunTime:0.000000s ]
INFO: [ app_init ] --END-- [ RunTime:0.000976s ]
INFO: [ app_begin ] --START--
INFO: Run Behavior\ReadHtmlCacheBehavior [ RunTime:0.000976s ]
INFO: [ app_begin ] --END-- [ RunTime:0.000976s ]
SQL: SHOW COLUMNS FROM `zy_lianxi` [ RunTime:0.0020s ]
SQL: SELECT * FROM `zy_lianxi` WHERE ( type=1 ) LIMIT 1   [ RunTime:0.0010s ]
SQL: SELECT * FROM `zy_lianxi` WHERE ( type=2 ) LIMIT 1   [ RunTime:0.0000s ]
SQL: SHOW COLUMNS FROM `zy_news` [ RunTime:0.0020s ]
SQL: SELECT * FROM `zy_news` WHERE ( new=0 ) ORDER BY time desc LIMIT 5   [ RunTime:0.0000s ]
SQL: SELECT * FROM `zy_news` WHERE ( new=1 ) LIMIT 1   [ RunTime:0.0010s ]
SQL: SHOW COLUMNS FROM `zy_tongji` [ RunTime:0.0029s ]
SQL: SELECT * FROM `zy_tongji` WHERE ( type=1 ) LIMIT 1   [ RunTime:0.0000s ]
SQL: SELECT * FROM `zy_tongji` WHERE ( type=2 ) LIMIT 1   [ RunTime:0.0010s ]
SQL: SELECT * FROM `zy_tongji` WHERE ( type=3 ) LIMIT 1   [ RunTime:0.0000s ]
INFO: [ view_parse ] --START--
INFO: [ template_filter ] --START--
INFO: Run Behavior\ContentReplaceBehavior [ RunTime:0.000977s ]
INFO: [ template_filter ] --END-- [ RunTime:0.000977s ]
NOTIC: [8] Undefined index: userinfo C:\wamp\www\zhongying1\App\Runtime\Cache\Home\fe3c599a46db2fd61ff75c662c996df3.php 第 37 行.
INFO: Run Behavior\ParseTemplateBehavior [ RunTime:0.026365s ]
INFO: [ view_parse ] --END-- [ RunTime:0.026365s ]
INFO: [ view_filter ] --START--
INFO: Run Behavior\WriteHtmlCacheBehavior [ RunTime:0.000977s ]
INFO: [ view_filter ] --END-- [ RunTime:0.000977s ]
INFO: [ app_end ] --START--
INFO: Run Behavior\ShowPageTraceBehavior [ RunTime:0.000000s ]
INFO: [ app_end ] --END-- [ RunTime:0.001953s ]

[ 2017-12-21T23:34:39+08:00 ] 111.206.221.91 /zhongying1/index.php/Index/webseo/addSeo
INFO: [ app_init ] --START--
INFO: Run Behavior\BuildLiteBehavior [ RunTime:0.000000s ]
INFO: [ app_init ] --END-- [ RunTime:0.000000s ]
INFO: [ app_begin ] --START--
INFO: Run Behavior\ReadHtmlCacheBehavior [ RunTime:0.000977s ]
INFO: [ app_begin ] --END-- [ RunTime:0.000977s ]
SQL: SHOW COLUMNS FROM `zy_lianxi` [ RunTime:0.0029s ]
SQL: SELECT * FROM `zy_lianxi` WHERE ( type=1 ) LIMIT 1   [ RunTime:0.0010s ]
SQL: SELECT * FROM `zy_lianxi` WHERE ( type=2 ) LIMIT 1   [ RunTime:0.0000s ]

[ 2017-12-21T23:34:39+08:00 ] 111.206.221.23 /zhongying1/index.php/Index/index_mobile.html
INFO: [ app_init ] --START--
INFO: Run Behavior\BuildLiteBehavior [ RunTime:0.000000s ]
INFO: [ app_init ] --END-- [ RunTime:0.000000s ]
INFO: [ app_begin ] --START--
INFO: Run Behavior\ReadHtmlCacheBehavior [ RunTime:0.000976s ]
INFO: [ app_begin ] --END-- [ RunTime:0.000976s ]
SQL: SHOW COLUMNS FROM `zy_lianxi` [ RunTime:0.0020s ]
SQL: SELECT * FROM `zy_lianxi` WHERE ( type=1 ) LIMIT 1   [ RunTime:0.0000s ]
SQL: SELECT * FROM `zy_lianxi` WHERE ( type=2 ) LIMIT 1   [ RunTime:0.0000s ]

[ 2017-12-21T23:34:39+08:00 ] 111.206.221.34 /zhongying1/index.php/Index/index.html
INFO: [ app_init ] --START--
INFO: Run Behavior\BuildLiteBehavior [ RunTime:0.000000s ]
INFO: [ app_init ] --END-- [ RunTime:0.000000s ]
INFO: [ app_begin ] --START--
INFO: Run Behavior\ReadHtmlCacheBehavior [ RunTime:0.000977s ]
INFO: [ app_begin ] --END-- [ RunTime:0.000977s ]
SQL: SHOW COLUMNS FROM `zy_lianxi` [ RunTime:0.0020s ]
SQL: SELECT * FROM `zy_lianxi` WHERE ( type=1 ) LIMIT 1   [ RunTime:0.0000s ]
SQL: SELECT * FROM `zy_lianxi` WHERE ( type=2 ) LIMIT 1   [ RunTime:0.0000s ]
SQL: SHOW COLUMNS FROM `zy_news` [ RunTime:0.0029s ]
SQL: SELECT * FROM `zy_news` WHERE ( new=0 ) ORDER BY time desc LIMIT 5   [ RunTime:0.0000s ]
SQL: SELECT * FROM `zy_news` WHERE ( new=1 ) LIMIT 1   [ RunTime:0.0000s ]
SQL: SHOW COLUMNS FROM `zy_tongji` [ RunTime:0.0020s ]
SQL: SELECT * FROM `zy_tongji` WHERE ( type=1 ) LIMIT 1   [ RunTime:0.0000s ]
SQL: SELECT * FROM `zy_tongji` WHERE ( type=2 ) LIMIT 1   [ RunTime:0.0000s ]
SQL: SELECT * FROM `zy_tongji` WHERE ( type=3 ) LIMIT 1   [ RunTime:0.0000s ]
INFO: [ view_parse ] --START--
INFO: [ template_filter ] --START--
INFO: Run Behavior\ContentReplaceBehavior [ RunTime:0.001953s ]
INFO: [ template_filter ] --END-- [ RunTime:0.001953s ]
NOTIC: [8] Undefined index: userinfo C:\wamp\www\zhongying1\App\Runtime\Cache\Home\fe3c599a46db2fd61ff75c662c996df3.php 第 37 行.
INFO: Run Behavior\ParseTemplateBehavior [ RunTime:0.031248s ]
INFO: [ view_parse ] --END-- [ RunTime:0.031248s ]
INFO: [ view_filter ] --START--
INFO: Run Behavior\WriteHtmlCacheBehavior [ RunTime:0.000000s ]
INFO: [ view_filter ] --END-- [ RunTime:0.000976s ]
INFO: [ app_end ] --START--
INFO: Run Behavior\ShowPageTraceBehavior [ RunTime:0.000976s ]
INFO: [ app_end ] --END-- [ RunTime:0.000976s ]

