[ 2017-12-16T08:10:59+08:00 ] 123.125.71.38 /zhongying1/index.php/Help/index_xq?id=3001
INFO: [ app_init ] --START--
INFO: Run Behavior\BuildLiteBehavior [ RunTime:0.000000s ]
INFO: [ app_init ] --END-- [ RunTime:0.000000s ]
INFO: [ app_begin ] --START--
INFO: Run Behavior\ReadHtmlCacheBehavior [ RunTime:0.000000s ]
INFO: [ app_begin ] --END-- [ RunTime:0.000000s ]
SQL: SHOW COLUMNS FROM `zy_lianxi` [ RunTime:0.0000s ]
SQL: SELECT * FROM `zy_lianxi` WHERE ( type=1 ) LIMIT 1   [ RunTime:0.0000s ]
SQL: SELECT * FROM `zy_lianxi` WHERE ( type=2 ) LIMIT 1   [ RunTime:0.0000s ]
INFO: [ view_parse ] --START--
INFO: [ template_filter ] --START--
INFO: Run Behavior\ContentReplaceBehavior [ RunTime:0.000000s ]
INFO: [ template_filter ] --END-- [ RunTime:0.000000s ]
NOTIC: [8] Undefined index: userinfo C:\wamp\www\zhongying1\App\Runtime\Cache\Home\8ec7f88d801be0b155fdb5628bb0774e.php 第 34 行.
INFO: Run Behavior\ParseTemplateBehavior [ RunTime:0.000000s ]
INFO: [ view_parse ] --END-- [ RunTime:0.000000s ]
INFO: [ view_filter ] --START--
INFO: Run Behavior\WriteHtmlCacheBehavior [ RunTime:0.000000s ]
INFO: [ view_filter ] --END-- [ RunTime:0.000000s ]
INFO: [ app_end ] --START--
INFO: Run Behavior\ShowPageTraceBehavior [ RunTime:0.000000s ]
INFO: [ app_end ] --END-- [ RunTime:0.000000s ]

[ 2017-12-16T08:11:10+08:00 ] 111.206.221.40 /zhongying1/index.php/Help/webseo/addSeo
INFO: [ app_init ] --START--
INFO: Run Behavior\BuildLiteBehavior [ RunTime:0.000000s ]
INFO: [ app_init ] --END-- [ RunTime:0.015624s ]
INFO: [ app_begin ] --START--
INFO: Run Behavior\ReadHtmlCacheBehavior [ RunTime:0.000000s ]
INFO: [ app_begin ] --END-- [ RunTime:0.000000s ]
SQL: SHOW COLUMNS FROM `zy_lianxi` [ RunTime:0.0000s ]
SQL: SELECT * FROM `zy_lianxi` WHERE ( type=1 ) LIMIT 1   [ RunTime:0.0000s ]
SQL: SELECT * FROM `zy_lianxi` WHERE ( type=2 ) LIMIT 1   [ RunTime:0.0000s ]

[ 2017-12-16T08:11:10+08:00 ] 111.206.221.30 /zhongying1/index.php/Help/_mobile.html?id=3001
INFO: [ app_init ] --START--
INFO: Run Behavior\BuildLiteBehavior [ RunTime:0.000000s ]
INFO: [ app_init ] --END-- [ RunTime:0.000000s ]
INFO: [ app_begin ] --START--
INFO: Run Behavior\ReadHtmlCacheBehavior [ RunTime:0.000000s ]
INFO: [ app_begin ] --END-- [ RunTime:0.000000s ]
SQL: SHOW COLUMNS FROM `zy_lianxi` [ RunTime:0.0000s ]
SQL: SELECT * FROM `zy_lianxi` WHERE ( type=1 ) LIMIT 1   [ RunTime:0.0000s ]
SQL: SELECT * FROM `zy_lianxi` WHERE ( type=2 ) LIMIT 1   [ RunTime:0.0000s ]

[ 2017-12-16T08:11:10+08:00 ] 111.206.221.25 /zhongying1/index.php/Index/index.html
INFO: [ app_init ] --START--
INFO: Run Behavior\BuildLiteBehavior [ RunTime:0.000000s ]
INFO: [ app_init ] --END-- [ RunTime:0.000000s ]
INFO: [ app_begin ] --START--
INFO: Run Behavior\ReadHtmlCacheBehavior [ RunTime:0.000000s ]
INFO: [ app_begin ] --END-- [ RunTime:0.000000s ]
SQL: SHOW COLUMNS FROM `zy_lianxi` [ RunTime:0.0000s ]
SQL: SELECT * FROM `zy_lianxi` WHERE ( type=1 ) LIMIT 1   [ RunTime:0.0000s ]
SQL: SELECT * FROM `zy_lianxi` WHERE ( type=2 ) LIMIT 1   [ RunTime:0.0000s ]
SQL: SHOW COLUMNS FROM `zy_news` [ RunTime:0.0000s ]
SQL: SELECT * FROM `zy_news` WHERE ( new=0 ) ORDER BY time desc LIMIT 5   [ RunTime:0.0000s ]
SQL: SELECT * FROM `zy_news` WHERE ( new=1 ) LIMIT 1   [ RunTime:0.0000s ]
SQL: SHOW COLUMNS FROM `zy_tongji` [ RunTime:0.0000s ]
SQL: SELECT * FROM `zy_tongji` WHERE ( type=1 ) LIMIT 1   [ RunTime:0.0000s ]
SQL: SELECT * FROM `zy_tongji` WHERE ( type=2 ) LIMIT 1   [ RunTime:0.0000s ]
SQL: SELECT * FROM `zy_tongji` WHERE ( type=3 ) LIMIT 1   [ RunTime:0.0000s ]
INFO: [ view_parse ] --START--
INFO: [ template_filter ] --START--
INFO: Run Behavior\ContentReplaceBehavior [ RunTime:0.000000s ]
INFO: [ template_filter ] --END-- [ RunTime:0.000000s ]
NOTIC: [8] Undefined index: userinfo C:\wamp\www\zhongying1\App\Runtime\Cache\Home\fe3c599a46db2fd61ff75c662c996df3.php 第 37 行.
INFO: Run Behavior\ParseTemplateBehavior [ RunTime:0.031249s ]
INFO: [ view_parse ] --END-- [ RunTime:0.031249s ]
INFO: [ view_filter ] --START--
INFO: Run Behavior\WriteHtmlCacheBehavior [ RunTime:0.000000s ]
INFO: [ view_filter ] --END-- [ RunTime:0.000000s ]
INFO: [ app_end ] --START--
INFO: Run Behavior\ShowPageTraceBehavior [ RunTime:0.000000s ]
INFO: [ app_end ] --END-- [ RunTime:0.000000s ]

[ 2017-12-16T08:11:11+08:00 ] 111.206.221.78 /zhongying1/index.php/Index/index.html
INFO: [ app_init ] --START--
INFO: Run Behavior\BuildLiteBehavior [ RunTime:0.000000s ]
INFO: [ app_init ] --END-- [ RunTime:0.000000s ]
INFO: [ app_begin ] --START--
INFO: Run Behavior\ReadHtmlCacheBehavior [ RunTime:0.000000s ]
INFO: [ app_begin ] --END-- [ RunTime:0.000000s ]
SQL: SHOW COLUMNS FROM `zy_lianxi` [ RunTime:0.0000s ]
SQL: SELECT * FROM `zy_lianxi` WHERE ( type=1 ) LIMIT 1   [ RunTime:0.0156s ]
SQL: SELECT * FROM `zy_lianxi` WHERE ( type=2 ) LIMIT 1   [ RunTime:0.0000s ]
SQL: SHOW COLUMNS FROM `zy_news` [ RunTime:0.0000s ]
SQL: SELECT * FROM `zy_news` WHERE ( new=0 ) ORDER BY time desc LIMIT 5   [ RunTime:0.0000s ]
SQL: SELECT * FROM `zy_news` WHERE ( new=1 ) LIMIT 1   [ RunTime:0.0000s ]
SQL: SHOW COLUMNS FROM `zy_tongji` [ RunTime:0.0000s ]
SQL: SELECT * FROM `zy_tongji` WHERE ( type=1 ) LIMIT 1   [ RunTime:0.0000s ]
SQL: SELECT * FROM `zy_tongji` WHERE ( type=2 ) LIMIT 1   [ RunTime:0.0000s ]
SQL: SELECT * FROM `zy_tongji` WHERE ( type=3 ) LIMIT 1   [ RunTime:0.0000s ]
INFO: [ view_parse ] --START--
INFO: [ template_filter ] --START--
INFO: Run Behavior\ContentReplaceBehavior [ RunTime:0.000000s ]
INFO: [ template_filter ] --END-- [ RunTime:0.000000s ]
NOTIC: [8] Undefined index: userinfo C:\wamp\www\zhongying1\App\Runtime\Cache\Home\fe3c599a46db2fd61ff75c662c996df3.php 第 37 行.
INFO: Run Behavior\ParseTemplateBehavior [ RunTime:0.015625s ]
INFO: [ view_parse ] --END-- [ RunTime:0.015625s ]
INFO: [ view_filter ] --START--
INFO: Run Behavior\WriteHtmlCacheBehavior [ RunTime:0.000000s ]
INFO: [ view_filter ] --END-- [ RunTime:0.000000s ]
INFO: [ app_end ] --START--
INFO: Run Behavior\ShowPageTraceBehavior [ RunTime:0.000000s ]
INFO: [ app_end ] --END-- [ RunTime:0.000000s ]

[ 2017-12-16T08:11:13+08:00 ] 111.206.221.32 /zhongying1/index.php/Index/webseo/addSeo
INFO: [ app_init ] --START--
INFO: Run Behavior\BuildLiteBehavior [ RunTime:0.000000s ]
INFO: [ app_init ] --END-- [ RunTime:0.000000s ]
INFO: [ app_begin ] --START--
INFO: Run Behavior\ReadHtmlCacheBehavior [ RunTime:0.000000s ]
INFO: [ app_begin ] --END-- [ RunTime:0.000000s ]
SQL: SHOW COLUMNS FROM `zy_lianxi` [ RunTime:0.0000s ]
SQL: SELECT * FROM `zy_lianxi` WHERE ( type=1 ) LIMIT 1   [ RunTime:0.0000s ]
SQL: SELECT * FROM `zy_lianxi` WHERE ( type=2 ) LIMIT 1   [ RunTime:0.0000s ]

[ 2017-12-16T08:11:13+08:00 ] 111.206.221.31 /zhongying1/index.php/Index/index_mobile.html
INFO: [ app_init ] --START--
INFO: Run Behavior\BuildLiteBehavior [ RunTime:0.000000s ]
INFO: [ app_init ] --END-- [ RunTime:0.000000s ]
INFO: [ app_begin ] --START--
INFO: Run Behavior\ReadHtmlCacheBehavior [ RunTime:0.000000s ]
INFO: [ app_begin ] --END-- [ RunTime:0.000000s ]
SQL: SHOW COLUMNS FROM `zy_lianxi` [ RunTime:0.0000s ]
SQL: SELECT * FROM `zy_lianxi` WHERE ( type=1 ) LIMIT 1   [ RunTime:0.0000s ]
SQL: SELECT * FROM `zy_lianxi` WHERE ( type=2 ) LIMIT 1   [ RunTime:0.0000s ]

[ 2017-12-16T08:11:13+08:00 ] 111.206.221.25 /zhongying1/index.php/Index/index.html
INFO: [ app_init ] --START--
INFO: Run Behavior\BuildLiteBehavior [ RunTime:0.000000s ]
INFO: [ app_init ] --END-- [ RunTime:0.000000s ]
INFO: [ app_begin ] --START--
INFO: Run Behavior\ReadHtmlCacheBehavior [ RunTime:0.000000s ]
INFO: [ app_begin ] --END-- [ RunTime:0.000000s ]
SQL: SHOW COLUMNS FROM `zy_lianxi` [ RunTime:0.0156s ]
SQL: SELECT * FROM `zy_lianxi` WHERE ( type=1 ) LIMIT 1   [ RunTime:0.0000s ]
SQL: SELECT * FROM `zy_lianxi` WHERE ( type=2 ) LIMIT 1   [ RunTime:0.0000s ]
SQL: SHOW COLUMNS FROM `zy_news` [ RunTime:0.0000s ]
SQL: SELECT * FROM `zy_news` WHERE ( new=0 ) ORDER BY time desc LIMIT 5   [ RunTime:0.0000s ]
SQL: SELECT * FROM `zy_news` WHERE ( new=1 ) LIMIT 1   [ RunTime:0.0000s ]
SQL: SHOW COLUMNS FROM `zy_tongji` [ RunTime:0.0000s ]
SQL: SELECT * FROM `zy_tongji` WHERE ( type=1 ) LIMIT 1   [ RunTime:0.0000s ]
SQL: SELECT * FROM `zy_tongji` WHERE ( type=2 ) LIMIT 1   [ RunTime:0.0000s ]
SQL: SELECT * FROM `zy_tongji` WHERE ( type=3 ) LIMIT 1   [ RunTime:0.0000s ]
INFO: [ view_parse ] --START--
INFO: [ template_filter ] --START--
INFO: Run Behavior\ContentReplaceBehavior [ RunTime:0.000000s ]
INFO: [ template_filter ] --END-- [ RunTime:0.000000s ]
NOTIC: [8] Undefined index: userinfo C:\wamp\www\zhongying1\App\Runtime\Cache\Home\fe3c599a46db2fd61ff75c662c996df3.php 第 37 行.
INFO: Run Behavior\ParseTemplateBehavior [ RunTime:0.031249s ]
INFO: [ view_parse ] --END-- [ RunTime:0.031249s ]
INFO: [ view_filter ] --START--
INFO: Run Behavior\WriteHtmlCacheBehavior [ RunTime:0.000000s ]
INFO: [ view_filter ] --END-- [ RunTime:0.000000s ]
INFO: [ app_end ] --START--
INFO: Run Behavior\ShowPageTraceBehavior [ RunTime:0.000000s ]
INFO: [ app_end ] --END-- [ RunTime:0.000000s ]

[ 2017-12-16T08:11:16+08:00 ] 111.206.221.35 /zhongying1/index.php/Index/index.html
INFO: [ app_init ] --START--
INFO: Run Behavior\BuildLiteBehavior [ RunTime:0.000000s ]
INFO: [ app_init ] --END-- [ RunTime:0.000000s ]
INFO: [ app_begin ] --START--
INFO: Run Behavior\ReadHtmlCacheBehavior [ RunTime:0.000000s ]
INFO: [ app_begin ] --END-- [ RunTime:0.000000s ]
SQL: SHOW COLUMNS FROM `zy_lianxi` [ RunTime:0.0000s ]
SQL: SELECT * FROM `zy_lianxi` WHERE ( type=1 ) LIMIT 1   [ RunTime:0.0000s ]
SQL: SELECT * FROM `zy_lianxi` WHERE ( type=2 ) LIMIT 1   [ RunTime:0.0000s ]
SQL: SHOW COLUMNS FROM `zy_news` [ RunTime:0.0000s ]
SQL: SELECT * FROM `zy_news` WHERE ( new=0 ) ORDER BY time desc LIMIT 5   [ RunTime:0.0000s ]
SQL: SELECT * FROM `zy_news` WHERE ( new=1 ) LIMIT 1   [ RunTime:0.0000s ]
SQL: SHOW COLUMNS FROM `zy_tongji` [ RunTime:0.0000s ]
SQL: SELECT * FROM `zy_tongji` WHERE ( type=1 ) LIMIT 1   [ RunTime:0.0000s ]
SQL: SELECT * FROM `zy_tongji` WHERE ( type=2 ) LIMIT 1   [ RunTime:0.0000s ]
SQL: SELECT * FROM `zy_tongji` WHERE ( type=3 ) LIMIT 1   [ RunTime:0.0000s ]
INFO: [ view_parse ] --START--
INFO: [ template_filter ] --START--
INFO: Run Behavior\ContentReplaceBehavior [ RunTime:0.000000s ]
INFO: [ template_filter ] --END-- [ RunTime:0.000000s ]
NOTIC: [8] Undefined index: userinfo C:\wamp\www\zhongying1\App\Runtime\Cache\Home\fe3c599a46db2fd61ff75c662c996df3.php 第 37 行.
INFO: Run Behavior\ParseTemplateBehavior [ RunTime:0.015625s ]
INFO: [ view_parse ] --END-- [ RunTime:0.015625s ]
INFO: [ view_filter ] --START--
INFO: Run Behavior\WriteHtmlCacheBehavior [ RunTime:0.000000s ]
INFO: [ view_filter ] --END-- [ RunTime:0.000000s ]
INFO: [ app_end ] --START--
INFO: Run Behavior\ShowPageTraceBehavior [ RunTime:0.000000s ]
INFO: [ app_end ] --END-- [ RunTime:0.000000s ]

[ 2017-12-16T08:11:18+08:00 ] 111.206.221.33 /zhongying1/index.php/Index/webseo/addSeo
INFO: [ app_init ] --START--
INFO: Run Behavior\BuildLiteBehavior [ RunTime:0.000000s ]
INFO: [ app_init ] --END-- [ RunTime:0.000000s ]
INFO: [ app_begin ] --START--
INFO: Run Behavior\ReadHtmlCacheBehavior [ RunTime:0.000000s ]
INFO: [ app_begin ] --END-- [ RunTime:0.000000s ]
SQL: SHOW COLUMNS FROM `zy_lianxi` [ RunTime:0.0000s ]
SQL: SELECT * FROM `zy_lianxi` WHERE ( type=1 ) LIMIT 1   [ RunTime:0.0000s ]
SQL: SELECT * FROM `zy_lianxi` WHERE ( type=2 ) LIMIT 1   [ RunTime:0.0000s ]

[ 2017-12-16T08:11:18+08:00 ] 111.206.221.39 /zhongying1/index.php/Index/index_mobile.html
INFO: [ app_init ] --START--
INFO: Run Behavior\BuildLiteBehavior [ RunTime:0.000000s ]
INFO: [ app_init ] --END-- [ RunTime:0.000000s ]
INFO: [ app_begin ] --START--
INFO: Run Behavior\ReadHtmlCacheBehavior [ RunTime:0.000000s ]
INFO: [ app_begin ] --END-- [ RunTime:0.000000s ]
SQL: SHOW COLUMNS FROM `zy_lianxi` [ RunTime:0.0000s ]
SQL: SELECT * FROM `zy_lianxi` WHERE ( type=1 ) LIMIT 1   [ RunTime:0.0000s ]
SQL: SELECT * FROM `zy_lianxi` WHERE ( type=2 ) LIMIT 1   [ RunTime:0.0000s ]

[ 2017-12-16T08:11:18+08:00 ] 111.206.221.90 /zhongying1/index.php/Index/index.html
INFO: [ app_init ] --START--
INFO: Run Behavior\BuildLiteBehavior [ RunTime:0.000000s ]
INFO: [ app_init ] --END-- [ RunTime:0.000000s ]
INFO: [ app_begin ] --START--
INFO: Run Behavior\ReadHtmlCacheBehavior [ RunTime:0.000000s ]
INFO: [ app_begin ] --END-- [ RunTime:0.000000s ]
SQL: SHOW COLUMNS FROM `zy_lianxi` [ RunTime:0.0000s ]
SQL: SELECT * FROM `zy_lianxi` WHERE ( type=1 ) LIMIT 1   [ RunTime:0.0000s ]
SQL: SELECT * FROM `zy_lianxi` WHERE ( type=2 ) LIMIT 1   [ RunTime:0.0000s ]
SQL: SHOW COLUMNS FROM `zy_news` [ RunTime:0.0000s ]
SQL: SELECT * FROM `zy_news` WHERE ( new=0 ) ORDER BY time desc LIMIT 5   [ RunTime:0.0000s ]
SQL: SELECT * FROM `zy_news` WHERE ( new=1 ) LIMIT 1   [ RunTime:0.0000s ]
SQL: SHOW COLUMNS FROM `zy_tongji` [ RunTime:0.0000s ]
SQL: SELECT * FROM `zy_tongji` WHERE ( type=1 ) LIMIT 1   [ RunTime:0.0000s ]
SQL: SELECT * FROM `zy_tongji` WHERE ( type=2 ) LIMIT 1   [ RunTime:0.0000s ]
SQL: SELECT * FROM `zy_tongji` WHERE ( type=3 ) LIMIT 1   [ RunTime:0.0000s ]
INFO: [ view_parse ] --START--
INFO: [ template_filter ] --START--
INFO: Run Behavior\ContentReplaceBehavior [ RunTime:0.000000s ]
INFO: [ template_filter ] --END-- [ RunTime:0.000000s ]
NOTIC: [8] Undefined index: userinfo C:\wamp\www\zhongying1\App\Runtime\Cache\Home\fe3c599a46db2fd61ff75c662c996df3.php 第 37 行.
INFO: Run Behavior\ParseTemplateBehavior [ RunTime:0.015625s ]
INFO: [ view_parse ] --END-- [ RunTime:0.015625s ]
INFO: [ view_filter ] --START--
INFO: Run Behavior\WriteHtmlCacheBehavior [ RunTime:0.000000s ]
INFO: [ view_filter ] --END-- [ RunTime:0.000000s ]
INFO: [ app_end ] --START--
INFO: Run Behavior\ShowPageTraceBehavior [ RunTime:0.000000s ]
INFO: [ app_end ] --END-- [ RunTime:0.000000s ]

[ 2017-12-16T08:11:19+08:00 ] 111.206.221.106 /zhongying1/index.php/Index/index.html
INFO: [ app_init ] --START--
INFO: Run Behavior\BuildLiteBehavior [ RunTime:0.000000s ]
INFO: [ app_init ] --END-- [ RunTime:0.000000s ]
INFO: [ app_begin ] --START--
INFO: Run Behavior\ReadHtmlCacheBehavior [ RunTime:0.000000s ]
INFO: [ app_begin ] --END-- [ RunTime:0.000000s ]
SQL: SHOW COLUMNS FROM `zy_lianxi` [ RunTime:0.0000s ]
SQL: SELECT * FROM `zy_lianxi` WHERE ( type=1 ) LIMIT 1   [ RunTime:0.0000s ]
SQL: SELECT * FROM `zy_lianxi` WHERE ( type=2 ) LIMIT 1   [ RunTime:0.0000s ]
SQL: SHOW COLUMNS FROM `zy_news` [ RunTime:0.0000s ]
SQL: SELECT * FROM `zy_news` WHERE ( new=0 ) ORDER BY time desc LIMIT 5   [ RunTime:0.0000s ]
SQL: SELECT * FROM `zy_news` WHERE ( new=1 ) LIMIT 1   [ RunTime:0.0000s ]
SQL: SHOW COLUMNS FROM `zy_tongji` [ RunTime:0.0000s ]
SQL: SELECT * FROM `zy_tongji` WHERE ( type=1 ) LIMIT 1   [ RunTime:0.0000s ]
SQL: SELECT * FROM `zy_tongji` WHERE ( type=2 ) LIMIT 1   [ RunTime:0.0000s ]
SQL: SELECT * FROM `zy_tongji` WHERE ( type=3 ) LIMIT 1   [ RunTime:0.0000s ]
INFO: [ view_parse ] --START--
INFO: [ template_filter ] --START--
INFO: Run Behavior\ContentReplaceBehavior [ RunTime:0.000000s ]
INFO: [ template_filter ] --END-- [ RunTime:0.000000s ]
NOTIC: [8] Undefined index: userinfo C:\wamp\www\zhongying1\App\Runtime\Cache\Home\fe3c599a46db2fd61ff75c662c996df3.php 第 37 行.
INFO: Run Behavior\ParseTemplateBehavior [ RunTime:0.031249s ]
INFO: [ view_parse ] --END-- [ RunTime:0.031249s ]
INFO: [ view_filter ] --START--
INFO: Run Behavior\WriteHtmlCacheBehavior [ RunTime:0.000000s ]
INFO: [ view_filter ] --END-- [ RunTime:0.000000s ]
INFO: [ app_end ] --START--
INFO: Run Behavior\ShowPageTraceBehavior [ RunTime:0.000000s ]
INFO: [ app_end ] --END-- [ RunTime:0.000000s ]

[ 2017-12-16T08:11:20+08:00 ] 111.206.221.70 /zhongying1/index.php/Index/webseo/addSeo
INFO: [ app_init ] --START--
INFO: Run Behavior\BuildLiteBehavior [ RunTime:0.000000s ]
INFO: [ app_init ] --END-- [ RunTime:0.000000s ]
INFO: [ app_begin ] --START--
INFO: Run Behavior\ReadHtmlCacheBehavior [ RunTime:0.000000s ]
INFO: [ app_begin ] --END-- [ RunTime:0.000000s ]
SQL: SHOW COLUMNS FROM `zy_lianxi` [ RunTime:0.0000s ]
SQL: SELECT * FROM `zy_lianxi` WHERE ( type=1 ) LIMIT 1   [ RunTime:0.0000s ]
SQL: SELECT * FROM `zy_lianxi` WHERE ( type=2 ) LIMIT 1   [ RunTime:0.0000s ]

[ 2017-12-16T08:11:20+08:00 ] 111.206.221.76 /zhongying1/index.php/Index/index_mobile.html
INFO: [ app_init ] --START--
INFO: Run Behavior\BuildLiteBehavior [ RunTime:0.000000s ]
INFO: [ app_init ] --END-- [ RunTime:0.000000s ]
INFO: [ app_begin ] --START--
INFO: Run Behavior\ReadHtmlCacheBehavior [ RunTime:0.000000s ]
INFO: [ app_begin ] --END-- [ RunTime:0.000000s ]
SQL: SHOW COLUMNS FROM `zy_lianxi` [ RunTime:0.0000s ]
SQL: SELECT * FROM `zy_lianxi` WHERE ( type=1 ) LIMIT 1   [ RunTime:0.0000s ]
SQL: SELECT * FROM `zy_lianxi` WHERE ( type=2 ) LIMIT 1   [ RunTime:0.0156s ]

[ 2017-12-16T08:11:20+08:00 ] 111.206.221.31 /zhongying1/index.php/Index/index.html
INFO: [ app_init ] --START--
INFO: Run Behavior\BuildLiteBehavior [ RunTime:0.000000s ]
INFO: [ app_init ] --END-- [ RunTime:0.000000s ]
INFO: [ app_begin ] --START--
INFO: Run Behavior\ReadHtmlCacheBehavior [ RunTime:0.000000s ]
INFO: [ app_begin ] --END-- [ RunTime:0.000000s ]
SQL: SHOW COLUMNS FROM `zy_lianxi` [ RunTime:0.0000s ]
SQL: SELECT * FROM `zy_lianxi` WHERE ( type=1 ) LIMIT 1   [ RunTime:0.0000s ]
SQL: SELECT * FROM `zy_lianxi` WHERE ( type=2 ) LIMIT 1   [ RunTime:0.0000s ]
SQL: SHOW COLUMNS FROM `zy_news` [ RunTime:0.0000s ]
SQL: SELECT * FROM `zy_news` WHERE ( new=0 ) ORDER BY time desc LIMIT 5   [ RunTime:0.0000s ]
SQL: SELECT * FROM `zy_news` WHERE ( new=1 ) LIMIT 1   [ RunTime:0.0000s ]
SQL: SHOW COLUMNS FROM `zy_tongji` [ RunTime:0.0000s ]
SQL: SELECT * FROM `zy_tongji` WHERE ( type=1 ) LIMIT 1   [ RunTime:0.0000s ]
SQL: SELECT * FROM `zy_tongji` WHERE ( type=2 ) LIMIT 1   [ RunTime:0.0000s ]
SQL: SELECT * FROM `zy_tongji` WHERE ( type=3 ) LIMIT 1   [ RunTime:0.0000s ]
INFO: [ view_parse ] --START--
INFO: [ template_filter ] --START--
INFO: Run Behavior\ContentReplaceBehavior [ RunTime:0.000000s ]
INFO: [ template_filter ] --END-- [ RunTime:0.000000s ]
NOTIC: [8] Undefined index: userinfo C:\wamp\www\zhongying1\App\Runtime\Cache\Home\fe3c599a46db2fd61ff75c662c996df3.php 第 37 行.
INFO: Run Behavior\ParseTemplateBehavior [ RunTime:0.015624s ]
INFO: [ view_parse ] --END-- [ RunTime:0.015624s ]
INFO: [ view_filter ] --START--
INFO: Run Behavior\WriteHtmlCacheBehavior [ RunTime:0.000000s ]
INFO: [ view_filter ] --END-- [ RunTime:0.000000s ]
INFO: [ app_end ] --START--
INFO: Run Behavior\ShowPageTraceBehavior [ RunTime:0.000000s ]
INFO: [ app_end ] --END-- [ RunTime:0.000000s ]

[ 2017-12-16T08:11:24+08:00 ] 111.206.221.89 /zhongying1/index.php/Index/index.html
INFO: [ app_init ] --START--
INFO: Run Behavior\BuildLiteBehavior [ RunTime:0.000000s ]
INFO: [ app_init ] --END-- [ RunTime:0.000000s ]
INFO: [ app_begin ] --START--
INFO: Run Behavior\ReadHtmlCacheBehavior [ RunTime:0.000000s ]
INFO: [ app_begin ] --END-- [ RunTime:0.000000s ]
SQL: SHOW COLUMNS FROM `zy_lianxi` [ RunTime:0.0000s ]
SQL: SELECT * FROM `zy_lianxi` WHERE ( type=1 ) LIMIT 1   [ RunTime:0.0000s ]
SQL: SELECT * FROM `zy_lianxi` WHERE ( type=2 ) LIMIT 1   [ RunTime:0.0000s ]
SQL: SHOW COLUMNS FROM `zy_news` [ RunTime:0.0000s ]
SQL: SELECT * FROM `zy_news` WHERE ( new=0 ) ORDER BY time desc LIMIT 5   [ RunTime:0.0000s ]
SQL: SELECT * FROM `zy_news` WHERE ( new=1 ) LIMIT 1   [ RunTime:0.0000s ]
SQL: SHOW COLUMNS FROM `zy_tongji` [ RunTime:0.0000s ]
SQL: SELECT * FROM `zy_tongji` WHERE ( type=1 ) LIMIT 1   [ RunTime:0.0000s ]
SQL: SELECT * FROM `zy_tongji` WHERE ( type=2 ) LIMIT 1   [ RunTime:0.0000s ]
SQL: SELECT * FROM `zy_tongji` WHERE ( type=3 ) LIMIT 1   [ RunTime:0.0000s ]
INFO: [ view_parse ] --START--
INFO: [ template_filter ] --START--
INFO: Run Behavior\ContentReplaceBehavior [ RunTime:0.015624s ]
INFO: [ template_filter ] --END-- [ RunTime:0.015624s ]
NOTIC: [8] Undefined index: userinfo C:\wamp\www\zhongying1\App\Runtime\Cache\Home\fe3c599a46db2fd61ff75c662c996df3.php 第 37 行.
INFO: Run Behavior\ParseTemplateBehavior [ RunTime:0.015624s ]
INFO: [ view_parse ] --END-- [ RunTime:0.015624s ]
INFO: [ view_filter ] --START--
INFO: Run Behavior\WriteHtmlCacheBehavior [ RunTime:0.000000s ]
INFO: [ view_filter ] --END-- [ RunTime:0.000000s ]
INFO: [ app_end ] --START--
INFO: Run Behavior\ShowPageTraceBehavior [ RunTime:0.000000s ]
INFO: [ app_end ] --END-- [ RunTime:0.000000s ]

[ 2017-12-16T08:11:24+08:00 ] 111.206.221.115 /zhongying1/index.php/Index/webseo/addSeo
INFO: [ app_init ] --START--
INFO: Run Behavior\BuildLiteBehavior [ RunTime:0.000000s ]
INFO: [ app_init ] --END-- [ RunTime:0.000000s ]
INFO: [ app_begin ] --START--
INFO: Run Behavior\ReadHtmlCacheBehavior [ RunTime:0.000000s ]
INFO: [ app_begin ] --END-- [ RunTime:0.000000s ]
SQL: SHOW COLUMNS FROM `zy_lianxi` [ RunTime:0.0000s ]
SQL: SELECT * FROM `zy_lianxi` WHERE ( type=1 ) LIMIT 1   [ RunTime:0.0000s ]
SQL: SELECT * FROM `zy_lianxi` WHERE ( type=2 ) LIMIT 1   [ RunTime:0.0000s ]

[ 2017-12-16T08:11:24+08:00 ] 111.206.221.67 /zhongying1/index.php/Index/index_mobile.html
INFO: [ app_init ] --START--
INFO: Run Behavior\BuildLiteBehavior [ RunTime:0.000000s ]
INFO: [ app_init ] --END-- [ RunTime:0.000000s ]
INFO: [ app_begin ] --START--
INFO: Run Behavior\ReadHtmlCacheBehavior [ RunTime:0.015625s ]
INFO: [ app_begin ] --END-- [ RunTime:0.015625s ]
SQL: SHOW COLUMNS FROM `zy_lianxi` [ RunTime:0.0000s ]
SQL: SELECT * FROM `zy_lianxi` WHERE ( type=1 ) LIMIT 1   [ RunTime:0.0000s ]
SQL: SELECT * FROM `zy_lianxi` WHERE ( type=2 ) LIMIT 1   [ RunTime:0.0000s ]

[ 2017-12-16T08:11:25+08:00 ] 111.206.221.81 /zhongying1/index.php/Index/index.html
INFO: [ app_init ] --START--
INFO: Run Behavior\BuildLiteBehavior [ RunTime:0.000000s ]
INFO: [ app_init ] --END-- [ RunTime:0.000000s ]
INFO: [ app_begin ] --START--
INFO: Run Behavior\ReadHtmlCacheBehavior [ RunTime:0.000000s ]
INFO: [ app_begin ] --END-- [ RunTime:0.000000s ]
SQL: SHOW COLUMNS FROM `zy_lianxi` [ RunTime:0.0000s ]
SQL: SELECT * FROM `zy_lianxi` WHERE ( type=1 ) LIMIT 1   [ RunTime:0.0000s ]
SQL: SELECT * FROM `zy_lianxi` WHERE ( type=2 ) LIMIT 1   [ RunTime:0.0000s ]
SQL: SHOW COLUMNS FROM `zy_news` [ RunTime:0.0156s ]
SQL: SELECT * FROM `zy_news` WHERE ( new=0 ) ORDER BY time desc LIMIT 5   [ RunTime:0.0000s ]
SQL: SELECT * FROM `zy_news` WHERE ( new=1 ) LIMIT 1   [ RunTime:0.0000s ]
SQL: SHOW COLUMNS FROM `zy_tongji` [ RunTime:0.0000s ]
SQL: SELECT * FROM `zy_tongji` WHERE ( type=1 ) LIMIT 1   [ RunTime:0.0000s ]
SQL: SELECT * FROM `zy_tongji` WHERE ( type=2 ) LIMIT 1   [ RunTime:0.0000s ]
SQL: SELECT * FROM `zy_tongji` WHERE ( type=3 ) LIMIT 1   [ RunTime:0.0000s ]
INFO: [ view_parse ] --START--
INFO: [ template_filter ] --START--
INFO: Run Behavior\ContentReplaceBehavior [ RunTime:0.000000s ]
INFO: [ template_filter ] --END-- [ RunTime:0.000000s ]
NOTIC: [8] Undefined index: userinfo C:\wamp\www\zhongying1\App\Runtime\Cache\Home\fe3c599a46db2fd61ff75c662c996df3.php 第 37 行.
INFO: Run Behavior\ParseTemplateBehavior [ RunTime:0.015625s ]
INFO: [ view_parse ] --END-- [ RunTime:0.015625s ]
INFO: [ view_filter ] --START--
INFO: Run Behavior\WriteHtmlCacheBehavior [ RunTime:0.000000s ]
INFO: [ view_filter ] --END-- [ RunTime:0.000000s ]
INFO: [ app_end ] --START--
INFO: Run Behavior\ShowPageTraceBehavior [ RunTime:0.000000s ]
INFO: [ app_end ] --END-- [ RunTime:0.000000s ]

[ 2017-12-16T08:11:25+08:00 ] 111.206.221.100 /zhongying1/index.php/Index/index.html
INFO: [ app_init ] --START--
INFO: Run Behavior\BuildLiteBehavior [ RunTime:0.000000s ]
INFO: [ app_init ] --END-- [ RunTime:0.000000s ]
INFO: [ app_begin ] --START--
INFO: Run Behavior\ReadHtmlCacheBehavior [ RunTime:0.000000s ]
INFO: [ app_begin ] --END-- [ RunTime:0.000000s ]
SQL: SHOW COLUMNS FROM `zy_lianxi` [ RunTime:0.0000s ]
SQL: SELECT * FROM `zy_lianxi` WHERE ( type=1 ) LIMIT 1   [ RunTime:0.0156s ]
SQL: SELECT * FROM `zy_lianxi` WHERE ( type=2 ) LIMIT 1   [ RunTime:0.0000s ]
SQL: SHOW COLUMNS FROM `zy_news` [ RunTime:0.0000s ]
SQL: SELECT * FROM `zy_news` WHERE ( new=0 ) ORDER BY time desc LIMIT 5   [ RunTime:0.0000s ]
SQL: SELECT * FROM `zy_news` WHERE ( new=1 ) LIMIT 1   [ RunTime:0.0000s ]
SQL: SHOW COLUMNS FROM `zy_tongji` [ RunTime:0.0000s ]
SQL: SELECT * FROM `zy_tongji` WHERE ( type=1 ) LIMIT 1   [ RunTime:0.0000s ]
SQL: SELECT * FROM `zy_tongji` WHERE ( type=2 ) LIMIT 1   [ RunTime:0.0000s ]
SQL: SELECT * FROM `zy_tongji` WHERE ( type=3 ) LIMIT 1   [ RunTime:0.0000s ]
INFO: [ view_parse ] --START--
INFO: [ template_filter ] --START--
INFO: Run Behavior\ContentReplaceBehavior [ RunTime:0.000000s ]
INFO: [ template_filter ] --END-- [ RunTime:0.000000s ]
NOTIC: [8] Undefined index: userinfo C:\wamp\www\zhongying1\App\Runtime\Cache\Home\fe3c599a46db2fd61ff75c662c996df3.php 第 37 行.
INFO: Run Behavior\ParseTemplateBehavior [ RunTime:0.031249s ]
INFO: [ view_parse ] --END-- [ RunTime:0.031249s ]
INFO: [ view_filter ] --START--
INFO: Run Behavior\WriteHtmlCacheBehavior [ RunTime:0.000000s ]
INFO: [ view_filter ] --END-- [ RunTime:0.000000s ]
INFO: [ app_end ] --START--
INFO: Run Behavior\ShowPageTraceBehavior [ RunTime:0.000000s ]
INFO: [ app_end ] --END-- [ RunTime:0.000000s ]

[ 2017-12-16T08:11:27+08:00 ] 111.206.221.113 /zhongying1/index.php/Index/webseo/addSeo
INFO: [ app_init ] --START--
INFO: Run Behavior\BuildLiteBehavior [ RunTime:0.000000s ]
INFO: [ app_init ] --END-- [ RunTime:0.000000s ]
INFO: [ app_begin ] --START--
INFO: Run Behavior\ReadHtmlCacheBehavior [ RunTime:0.000000s ]
INFO: [ app_begin ] --END-- [ RunTime:0.000000s ]
SQL: SHOW COLUMNS FROM `zy_lianxi` [ RunTime:0.0000s ]
SQL: SELECT * FROM `zy_lianxi` WHERE ( type=1 ) LIMIT 1   [ RunTime:0.0000s ]
SQL: SELECT * FROM `zy_lianxi` WHERE ( type=2 ) LIMIT 1   [ RunTime:0.0000s ]

[ 2017-12-16T08:11:27+08:00 ] 111.206.221.112 /zhongying1/index.php/Index/index_mobile.html
INFO: [ app_init ] --START--
INFO: Run Behavior\BuildLiteBehavior [ RunTime:0.000000s ]
INFO: [ app_init ] --END-- [ RunTime:0.000000s ]
INFO: [ app_begin ] --START--
INFO: Run Behavior\ReadHtmlCacheBehavior [ RunTime:0.000000s ]
INFO: [ app_begin ] --END-- [ RunTime:0.000000s ]
SQL: SHOW COLUMNS FROM `zy_lianxi` [ RunTime:0.0156s ]
SQL: SELECT * FROM `zy_lianxi` WHERE ( type=1 ) LIMIT 1   [ RunTime:0.0000s ]
SQL: SELECT * FROM `zy_lianxi` WHERE ( type=2 ) LIMIT 1   [ RunTime:0.0000s ]

[ 2017-12-16T08:11:27+08:00 ] 111.206.221.99 /zhongying1/index.php/Index/index.html
INFO: [ app_init ] --START--
INFO: Run Behavior\BuildLiteBehavior [ RunTime:0.000000s ]
INFO: [ app_init ] --END-- [ RunTime:0.000000s ]
INFO: [ app_begin ] --START--
INFO: Run Behavior\ReadHtmlCacheBehavior [ RunTime:0.000000s ]
INFO: [ app_begin ] --END-- [ RunTime:0.000000s ]
SQL: SHOW COLUMNS FROM `zy_lianxi` [ RunTime:0.0000s ]
SQL: SELECT * FROM `zy_lianxi` WHERE ( type=1 ) LIMIT 1   [ RunTime:0.0000s ]
SQL: SELECT * FROM `zy_lianxi` WHERE ( type=2 ) LIMIT 1   [ RunTime:0.0000s ]
SQL: SHOW COLUMNS FROM `zy_news` [ RunTime:0.0000s ]
SQL: SELECT * FROM `zy_news` WHERE ( new=0 ) ORDER BY time desc LIMIT 5   [ RunTime:0.0000s ]
SQL: SELECT * FROM `zy_news` WHERE ( new=1 ) LIMIT 1   [ RunTime:0.0000s ]
SQL: SHOW COLUMNS FROM `zy_tongji` [ RunTime:0.0000s ]
SQL: SELECT * FROM `zy_tongji` WHERE ( type=1 ) LIMIT 1   [ RunTime:0.0000s ]
SQL: SELECT * FROM `zy_tongji` WHERE ( type=2 ) LIMIT 1   [ RunTime:0.0000s ]
SQL: SELECT * FROM `zy_tongji` WHERE ( type=3 ) LIMIT 1   [ RunTime:0.0000s ]
INFO: [ view_parse ] --START--
INFO: [ template_filter ] --START--
INFO: Run Behavior\ContentReplaceBehavior [ RunTime:0.000000s ]
INFO: [ template_filter ] --END-- [ RunTime:0.000000s ]
NOTIC: [8] Undefined index: userinfo C:\wamp\www\zhongying1\App\Runtime\Cache\Home\fe3c599a46db2fd61ff75c662c996df3.php 第 37 行.
INFO: Run Behavior\ParseTemplateBehavior [ RunTime:0.015624s ]
INFO: [ view_parse ] --END-- [ RunTime:0.015624s ]
INFO: [ view_filter ] --START--
INFO: Run Behavior\WriteHtmlCacheBehavior [ RunTime:0.000000s ]
INFO: [ view_filter ] --END-- [ RunTime:0.000000s ]
INFO: [ app_end ] --START--
INFO: Run Behavior\ShowPageTraceBehavior [ RunTime:0.000000s ]
INFO: [ app_end ] --END-- [ RunTime:0.000000s ]

[ 2017-12-16T08:11:27+08:00 ] 111.206.221.39 /zhongying1/index.php/Index/index.html
INFO: [ app_init ] --START--
INFO: Run Behavior\BuildLiteBehavior [ RunTime:0.000000s ]
INFO: [ app_init ] --END-- [ RunTime:0.000000s ]
INFO: [ app_begin ] --START--
INFO: Run Behavior\ReadHtmlCacheBehavior [ RunTime:0.000000s ]
INFO: [ app_begin ] --END-- [ RunTime:0.015625s ]
SQL: SHOW COLUMNS FROM `zy_lianxi` [ RunTime:0.0000s ]
SQL: SELECT * FROM `zy_lianxi` WHERE ( type=1 ) LIMIT 1   [ RunTime:0.0000s ]
SQL: SELECT * FROM `zy_lianxi` WHERE ( type=2 ) LIMIT 1   [ RunTime:0.0000s ]
SQL: SHOW COLUMNS FROM `zy_news` [ RunTime:0.0000s ]
SQL: SELECT * FROM `zy_news` WHERE ( new=0 ) ORDER BY time desc LIMIT 5   [ RunTime:0.0000s ]
SQL: SELECT * FROM `zy_news` WHERE ( new=1 ) LIMIT 1   [ RunTime:0.0000s ]
SQL: SHOW COLUMNS FROM `zy_tongji` [ RunTime:0.0000s ]
SQL: SELECT * FROM `zy_tongji` WHERE ( type=1 ) LIMIT 1   [ RunTime:0.0000s ]
SQL: SELECT * FROM `zy_tongji` WHERE ( type=2 ) LIMIT 1   [ RunTime:0.0000s ]
SQL: SELECT * FROM `zy_tongji` WHERE ( type=3 ) LIMIT 1   [ RunTime:0.0000s ]
INFO: [ view_parse ] --START--
INFO: [ template_filter ] --START--
INFO: Run Behavior\ContentReplaceBehavior [ RunTime:0.000000s ]
INFO: [ template_filter ] --END-- [ RunTime:0.000000s ]
NOTIC: [8] Undefined index: userinfo C:\wamp\www\zhongying1\App\Runtime\Cache\Home\fe3c599a46db2fd61ff75c662c996df3.php 第 37 行.
INFO: Run Behavior\ParseTemplateBehavior [ RunTime:0.015625s ]
INFO: [ view_parse ] --END-- [ RunTime:0.015625s ]
INFO: [ view_filter ] --START--
INFO: Run Behavior\WriteHtmlCacheBehavior [ RunTime:0.015624s ]
INFO: [ view_filter ] --END-- [ RunTime:0.015624s ]
INFO: [ app_end ] --START--
INFO: Run Behavior\ShowPageTraceBehavior [ RunTime:0.000000s ]
INFO: [ app_end ] --END-- [ RunTime:0.000000s ]

[ 2017-12-16T08:11:29+08:00 ] 111.206.221.33 /zhongying1/index.php/Index/index.html
INFO: [ app_init ] --START--
INFO: Run Behavior\BuildLiteBehavior [ RunTime:0.000000s ]
INFO: [ app_init ] --END-- [ RunTime:0.000000s ]
INFO: [ app_begin ] --START--
INFO: Run Behavior\ReadHtmlCacheBehavior [ RunTime:0.000000s ]
INFO: [ app_begin ] --END-- [ RunTime:0.000000s ]
SQL: SHOW COLUMNS FROM `zy_lianxi` [ RunTime:0.0000s ]
SQL: SELECT * FROM `zy_lianxi` WHERE ( type=1 ) LIMIT 1   [ RunTime:0.0000s ]
SQL: SELECT * FROM `zy_lianxi` WHERE ( type=2 ) LIMIT 1   [ RunTime:0.0000s ]
SQL: SHOW COLUMNS FROM `zy_news` [ RunTime:0.0000s ]
SQL: SELECT * FROM `zy_news` WHERE ( new=0 ) ORDER BY time desc LIMIT 5   [ RunTime:0.0000s ]
SQL: SELECT * FROM `zy_news` WHERE ( new=1 ) LIMIT 1   [ RunTime:0.0000s ]
SQL: SHOW COLUMNS FROM `zy_tongji` [ RunTime:0.0000s ]
SQL: SELECT * FROM `zy_tongji` WHERE ( type=1 ) LIMIT 1   [ RunTime:0.0000s ]
SQL: SELECT * FROM `zy_tongji` WHERE ( type=2 ) LIMIT 1   [ RunTime:0.0000s ]
SQL: SELECT * FROM `zy_tongji` WHERE ( type=3 ) LIMIT 1   [ RunTime:0.0000s ]
INFO: [ view_parse ] --START--
INFO: [ template_filter ] --START--
INFO: Run Behavior\ContentReplaceBehavior [ RunTime:0.000000s ]
INFO: [ template_filter ] --END-- [ RunTime:0.000000s ]
NOTIC: [8] Undefined index: userinfo C:\wamp\www\zhongying1\App\Runtime\Cache\Home\fe3c599a46db2fd61ff75c662c996df3.php 第 37 行.
INFO: Run Behavior\ParseTemplateBehavior [ RunTime:0.031249s ]
INFO: [ view_parse ] --END-- [ RunTime:0.031249s ]
INFO: [ view_filter ] --START--
INFO: Run Behavior\WriteHtmlCacheBehavior [ RunTime:0.000000s ]
INFO: [ view_filter ] --END-- [ RunTime:0.000000s ]
INFO: [ app_end ] --START--
INFO: Run Behavior\ShowPageTraceBehavior [ RunTime:0.000000s ]
INFO: [ app_end ] --END-- [ RunTime:0.000000s ]

[ 2017-12-16T08:11:30+08:00 ] 111.206.221.35 /zhongying1/index.php/Index/webseo/addSeo
INFO: [ app_init ] --START--
INFO: Run Behavior\BuildLiteBehavior [ RunTime:0.000000s ]
INFO: [ app_init ] --END-- [ RunTime:0.000000s ]
INFO: [ app_begin ] --START--
INFO: Run Behavior\ReadHtmlCacheBehavior [ RunTime:0.015625s ]
INFO: [ app_begin ] --END-- [ RunTime:0.015625s ]
SQL: SHOW COLUMNS FROM `zy_lianxi` [ RunTime:0.0000s ]
SQL: SELECT * FROM `zy_lianxi` WHERE ( type=1 ) LIMIT 1   [ RunTime:0.0000s ]
SQL: SELECT * FROM `zy_lianxi` WHERE ( type=2 ) LIMIT 1   [ RunTime:0.0000s ]

[ 2017-12-16T08:11:30+08:00 ] 111.206.221.102 /zhongying1/index.php/Index/index_mobile.html
INFO: [ app_init ] --START--
INFO: Run Behavior\BuildLiteBehavior [ RunTime:0.000000s ]
INFO: [ app_init ] --END-- [ RunTime:0.000000s ]
INFO: [ app_begin ] --START--
INFO: Run Behavior\ReadHtmlCacheBehavior [ RunTime:0.000000s ]
INFO: [ app_begin ] --END-- [ RunTime:0.000000s ]
SQL: SHOW COLUMNS FROM `zy_lianxi` [ RunTime:0.0000s ]
SQL: SELECT * FROM `zy_lianxi` WHERE ( type=1 ) LIMIT 1   [ RunTime:0.0000s ]
SQL: SELECT * FROM `zy_lianxi` WHERE ( type=2 ) LIMIT 1   [ RunTime:0.0000s ]

[ 2017-12-16T08:11:30+08:00 ] 111.206.221.105 /zhongying1/index.php/Index/index.html
INFO: [ app_init ] --START--
INFO: Run Behavior\BuildLiteBehavior [ RunTime:0.000000s ]
INFO: [ app_init ] --END-- [ RunTime:0.000000s ]
INFO: [ app_begin ] --START--
INFO: Run Behavior\ReadHtmlCacheBehavior [ RunTime:0.000000s ]
INFO: [ app_begin ] --END-- [ RunTime:0.000000s ]
SQL: SHOW COLUMNS FROM `zy_lianxi` [ RunTime:0.0000s ]
SQL: SELECT * FROM `zy_lianxi` WHERE ( type=1 ) LIMIT 1   [ RunTime:0.0000s ]
SQL: SELECT * FROM `zy_lianxi` WHERE ( type=2 ) LIMIT 1   [ RunTime:0.0000s ]
SQL: SHOW COLUMNS FROM `zy_news` [ RunTime:0.0000s ]
SQL: SELECT * FROM `zy_news` WHERE ( new=0 ) ORDER BY time desc LIMIT 5   [ RunTime:0.0000s ]
SQL: SELECT * FROM `zy_news` WHERE ( new=1 ) LIMIT 1   [ RunTime:0.0000s ]
SQL: SHOW COLUMNS FROM `zy_tongji` [ RunTime:0.0156s ]
SQL: SELECT * FROM `zy_tongji` WHERE ( type=1 ) LIMIT 1   [ RunTime:0.0000s ]
SQL: SELECT * FROM `zy_tongji` WHERE ( type=2 ) LIMIT 1   [ RunTime:0.0000s ]
SQL: SELECT * FROM `zy_tongji` WHERE ( type=3 ) LIMIT 1   [ RunTime:0.0000s ]
INFO: [ view_parse ] --START--
INFO: [ template_filter ] --START--
INFO: Run Behavior\ContentReplaceBehavior [ RunTime:0.000000s ]
INFO: [ template_filter ] --END-- [ RunTime:0.000000s ]
NOTIC: [8] Undefined index: userinfo C:\wamp\www\zhongying1\App\Runtime\Cache\Home\fe3c599a46db2fd61ff75c662c996df3.php 第 37 行.
INFO: Run Behavior\ParseTemplateBehavior [ RunTime:0.015625s ]
INFO: [ view_parse ] --END-- [ RunTime:0.015625s ]
INFO: [ view_filter ] --START--
INFO: Run Behavior\WriteHtmlCacheBehavior [ RunTime:0.000000s ]
INFO: [ view_filter ] --END-- [ RunTime:0.000000s ]
INFO: [ app_end ] --START--
INFO: Run Behavior\ShowPageTraceBehavior [ RunTime:0.000000s ]
INFO: [ app_end ] --END-- [ RunTime:0.000000s ]

[ 2017-12-16T08:11:31+08:00 ] 111.206.221.67 /zhongying1/index.php/Index/index.html
INFO: [ app_init ] --START--
INFO: Run Behavior\BuildLiteBehavior [ RunTime:0.000000s ]
INFO: [ app_init ] --END-- [ RunTime:0.000000s ]
INFO: [ app_begin ] --START--
INFO: Run Behavior\ReadHtmlCacheBehavior [ RunTime:0.000000s ]
INFO: [ app_begin ] --END-- [ RunTime:0.000000s ]
SQL: SHOW COLUMNS FROM `zy_lianxi` [ RunTime:0.0000s ]
SQL: SELECT * FROM `zy_lianxi` WHERE ( type=1 ) LIMIT 1   [ RunTime:0.0000s ]
SQL: SELECT * FROM `zy_lianxi` WHERE ( type=2 ) LIMIT 1   [ RunTime:0.0000s ]
SQL: SHOW COLUMNS FROM `zy_news` [ RunTime:0.0156s ]
SQL: SELECT * FROM `zy_news` WHERE ( new=0 ) ORDER BY time desc LIMIT 5   [ RunTime:0.0000s ]
SQL: SELECT * FROM `zy_news` WHERE ( new=1 ) LIMIT 1   [ RunTime:0.0000s ]
SQL: SHOW COLUMNS FROM `zy_tongji` [ RunTime:0.0000s ]
SQL: SELECT * FROM `zy_tongji` WHERE ( type=1 ) LIMIT 1   [ RunTime:0.0000s ]
SQL: SELECT * FROM `zy_tongji` WHERE ( type=2 ) LIMIT 1   [ RunTime:0.0000s ]
SQL: SELECT * FROM `zy_tongji` WHERE ( type=3 ) LIMIT 1   [ RunTime:0.0000s ]
INFO: [ view_parse ] --START--
INFO: [ template_filter ] --START--
INFO: Run Behavior\ContentReplaceBehavior [ RunTime:0.000000s ]
INFO: [ template_filter ] --END-- [ RunTime:0.000000s ]
NOTIC: [8] Undefined index: userinfo C:\wamp\www\zhongying1\App\Runtime\Cache\Home\fe3c599a46db2fd61ff75c662c996df3.php 第 37 行.
INFO: Run Behavior\ParseTemplateBehavior [ RunTime:0.015624s ]
INFO: [ view_parse ] --END-- [ RunTime:0.015624s ]
INFO: [ view_filter ] --START--
INFO: Run Behavior\WriteHtmlCacheBehavior [ RunTime:0.000000s ]
INFO: [ view_filter ] --END-- [ RunTime:0.000000s ]
INFO: [ app_end ] --START--
INFO: Run Behavior\ShowPageTraceBehavior [ RunTime:0.000000s ]
INFO: [ app_end ] --END-- [ RunTime:0.000000s ]

[ 2017-12-16T08:11:32+08:00 ] 111.206.221.102 /zhongying1/index.php/Index/webseo/addSeo
INFO: [ app_init ] --START--
INFO: Run Behavior\BuildLiteBehavior [ RunTime:0.000000s ]
INFO: [ app_init ] --END-- [ RunTime:0.000000s ]
INFO: [ app_begin ] --START--
INFO: Run Behavior\ReadHtmlCacheBehavior [ RunTime:0.000000s ]
INFO: [ app_begin ] --END-- [ RunTime:0.000000s ]
SQL: SHOW COLUMNS FROM `zy_lianxi` [ RunTime:0.0000s ]
SQL: SELECT * FROM `zy_lianxi` WHERE ( type=1 ) LIMIT 1   [ RunTime:0.0000s ]
SQL: SELECT * FROM `zy_lianxi` WHERE ( type=2 ) LIMIT 1   [ RunTime:0.0000s ]

[ 2017-12-16T08:11:32+08:00 ] 111.206.221.67 /zhongying1/index.php/Index/index_mobile.html
INFO: [ app_init ] --START--
INFO: Run Behavior\BuildLiteBehavior [ RunTime:0.000000s ]
INFO: [ app_init ] --END-- [ RunTime:0.000000s ]
INFO: [ app_begin ] --START--
INFO: Run Behavior\ReadHtmlCacheBehavior [ RunTime:0.000000s ]
INFO: [ app_begin ] --END-- [ RunTime:0.000000s ]
SQL: SHOW COLUMNS FROM `zy_lianxi` [ RunTime:0.0000s ]
SQL: SELECT * FROM `zy_lianxi` WHERE ( type=1 ) LIMIT 1   [ RunTime:0.0000s ]
SQL: SELECT * FROM `zy_lianxi` WHERE ( type=2 ) LIMIT 1   [ RunTime:0.0000s ]

[ 2017-12-16T08:11:32+08:00 ] 111.206.221.97 /zhongying1/index.php/Index/index.html
INFO: [ app_init ] --START--
INFO: Run Behavior\BuildLiteBehavior [ RunTime:0.000000s ]
INFO: [ app_init ] --END-- [ RunTime:0.000000s ]
INFO: [ app_begin ] --START--
INFO: Run Behavior\ReadHtmlCacheBehavior [ RunTime:0.000000s ]
INFO: [ app_begin ] --END-- [ RunTime:0.000000s ]
SQL: SHOW COLUMNS FROM `zy_lianxi` [ RunTime:0.0000s ]
SQL: SELECT * FROM `zy_lianxi` WHERE ( type=1 ) LIMIT 1   [ RunTime:0.0000s ]
SQL: SELECT * FROM `zy_lianxi` WHERE ( type=2 ) LIMIT 1   [ RunTime:0.0000s ]
SQL: SHOW COLUMNS FROM `zy_news` [ RunTime:0.0000s ]
SQL: SELECT * FROM `zy_news` WHERE ( new=0 ) ORDER BY time desc LIMIT 5   [ RunTime:0.0000s ]
SQL: SELECT * FROM `zy_news` WHERE ( new=1 ) LIMIT 1   [ RunTime:0.0000s ]
SQL: SHOW COLUMNS FROM `zy_tongji` [ RunTime:0.0000s ]
SQL: SELECT * FROM `zy_tongji` WHERE ( type=1 ) LIMIT 1   [ RunTime:0.0000s ]
SQL: SELECT * FROM `zy_tongji` WHERE ( type=2 ) LIMIT 1   [ RunTime:0.0000s ]
SQL: SELECT * FROM `zy_tongji` WHERE ( type=3 ) LIMIT 1   [ RunTime:0.0000s ]
INFO: [ view_parse ] --START--
INFO: [ template_filter ] --START--
INFO: Run Behavior\ContentReplaceBehavior [ RunTime:0.000000s ]
INFO: [ template_filter ] --END-- [ RunTime:0.000000s ]
NOTIC: [8] Undefined index: userinfo C:\wamp\www\zhongying1\App\Runtime\Cache\Home\fe3c599a46db2fd61ff75c662c996df3.php 第 37 行.
INFO: Run Behavior\ParseTemplateBehavior [ RunTime:0.015625s ]
INFO: [ view_parse ] --END-- [ RunTime:0.015625s ]
INFO: [ view_filter ] --START--
INFO: Run Behavior\WriteHtmlCacheBehavior [ RunTime:0.000000s ]
INFO: [ view_filter ] --END-- [ RunTime:0.000000s ]
INFO: [ app_end ] --START--
INFO: Run Behavior\ShowPageTraceBehavior [ RunTime:0.000000s ]
INFO: [ app_end ] --END-- [ RunTime:0.000000s ]

[ 2017-12-16T08:11:33+08:00 ] 111.206.221.48 /zhongying1/index.php/Index/index.html
INFO: [ app_init ] --START--
INFO: Run Behavior\BuildLiteBehavior [ RunTime:0.000000s ]
INFO: [ app_init ] --END-- [ RunTime:0.000000s ]
INFO: [ app_begin ] --START--
INFO: Run Behavior\ReadHtmlCacheBehavior [ RunTime:0.000000s ]
INFO: [ app_begin ] --END-- [ RunTime:0.000000s ]
SQL: SHOW COLUMNS FROM `zy_lianxi` [ RunTime:0.0000s ]
SQL: SELECT * FROM `zy_lianxi` WHERE ( type=1 ) LIMIT 1   [ RunTime:0.0000s ]
SQL: SELECT * FROM `zy_lianxi` WHERE ( type=2 ) LIMIT 1   [ RunTime:0.0000s ]
SQL: SHOW COLUMNS FROM `zy_news` [ RunTime:0.0000s ]
SQL: SELECT * FROM `zy_news` WHERE ( new=0 ) ORDER BY time desc LIMIT 5   [ RunTime:0.0000s ]
SQL: SELECT * FROM `zy_news` WHERE ( new=1 ) LIMIT 1   [ RunTime:0.0000s ]
SQL: SHOW COLUMNS FROM `zy_tongji` [ RunTime:0.0000s ]
SQL: SELECT * FROM `zy_tongji` WHERE ( type=1 ) LIMIT 1   [ RunTime:0.0000s ]
SQL: SELECT * FROM `zy_tongji` WHERE ( type=2 ) LIMIT 1   [ RunTime:0.0000s ]
SQL: SELECT * FROM `zy_tongji` WHERE ( type=3 ) LIMIT 1   [ RunTime:0.0000s ]
INFO: [ view_parse ] --START--
INFO: [ template_filter ] --START--
INFO: Run Behavior\ContentReplaceBehavior [ RunTime:0.000000s ]
INFO: [ template_filter ] --END-- [ RunTime:0.000000s ]
NOTIC: [8] Undefined index: userinfo C:\wamp\www\zhongying1\App\Runtime\Cache\Home\fe3c599a46db2fd61ff75c662c996df3.php 第 37 行.
INFO: Run Behavior\ParseTemplateBehavior [ RunTime:0.031249s ]
INFO: [ view_parse ] --END-- [ RunTime:0.031249s ]
INFO: [ view_filter ] --START--
INFO: Run Behavior\WriteHtmlCacheBehavior [ RunTime:0.000000s ]
INFO: [ view_filter ] --END-- [ RunTime:0.000000s ]
INFO: [ app_end ] --START--
INFO: Run Behavior\ShowPageTraceBehavior [ RunTime:0.000000s ]
INFO: [ app_end ] --END-- [ RunTime:0.000000s ]

[ 2017-12-16T08:11:33+08:00 ] 111.206.221.67 /zhongying1/index.php/Index/webseo/addSeo
INFO: [ app_init ] --START--
INFO: Run Behavior\BuildLiteBehavior [ RunTime:0.000000s ]
INFO: [ app_init ] --END-- [ RunTime:0.000000s ]
INFO: [ app_begin ] --START--
INFO: Run Behavior\ReadHtmlCacheBehavior [ RunTime:0.000000s ]
INFO: [ app_begin ] --END-- [ RunTime:0.000000s ]
SQL: SHOW COLUMNS FROM `zy_lianxi` [ RunTime:0.0000s ]
SQL: SELECT * FROM `zy_lianxi` WHERE ( type=1 ) LIMIT 1   [ RunTime:0.0000s ]
SQL: SELECT * FROM `zy_lianxi` WHERE ( type=2 ) LIMIT 1   [ RunTime:0.0000s ]

[ 2017-12-16T08:11:33+08:00 ] 111.206.221.107 /zhongying1/index.php/Index/index_mobile.html
INFO: [ app_init ] --START--
INFO: Run Behavior\BuildLiteBehavior [ RunTime:0.000000s ]
INFO: [ app_init ] --END-- [ RunTime:0.000000s ]
INFO: [ app_begin ] --START--
INFO: Run Behavior\ReadHtmlCacheBehavior [ RunTime:0.000000s ]
INFO: [ app_begin ] --END-- [ RunTime:0.000000s ]
SQL: SHOW COLUMNS FROM `zy_lianxi` [ RunTime:0.0000s ]
SQL: SELECT * FROM `zy_lianxi` WHERE ( type=1 ) LIMIT 1   [ RunTime:0.0000s ]
SQL: SELECT * FROM `zy_lianxi` WHERE ( type=2 ) LIMIT 1   [ RunTime:0.0000s ]

[ 2017-12-16T08:11:33+08:00 ] 111.206.221.88 /zhongying1/index.php/Index/index.html
INFO: [ app_init ] --START--
INFO: Run Behavior\BuildLiteBehavior [ RunTime:0.000000s ]
INFO: [ app_init ] --END-- [ RunTime:0.000000s ]
INFO: [ app_begin ] --START--
INFO: Run Behavior\ReadHtmlCacheBehavior [ RunTime:0.000000s ]
INFO: [ app_begin ] --END-- [ RunTime:0.000000s ]
SQL: SHOW COLUMNS FROM `zy_lianxi` [ RunTime:0.0000s ]
SQL: SELECT * FROM `zy_lianxi` WHERE ( type=1 ) LIMIT 1   [ RunTime:0.0000s ]
SQL: SELECT * FROM `zy_lianxi` WHERE ( type=2 ) LIMIT 1   [ RunTime:0.0000s ]
SQL: SHOW COLUMNS FROM `zy_news` [ RunTime:0.0000s ]
SQL: SELECT * FROM `zy_news` WHERE ( new=0 ) ORDER BY time desc LIMIT 5   [ RunTime:0.0000s ]
SQL: SELECT * FROM `zy_news` WHERE ( new=1 ) LIMIT 1   [ RunTime:0.0000s ]
SQL: SHOW COLUMNS FROM `zy_tongji` [ RunTime:0.0000s ]
SQL: SELECT * FROM `zy_tongji` WHERE ( type=1 ) LIMIT 1   [ RunTime:0.0000s ]
SQL: SELECT * FROM `zy_tongji` WHERE ( type=2 ) LIMIT 1   [ RunTime:0.0000s ]
SQL: SELECT * FROM `zy_tongji` WHERE ( type=3 ) LIMIT 1   [ RunTime:0.0000s ]
INFO: [ view_parse ] --START--
INFO: [ template_filter ] --START--
INFO: Run Behavior\ContentReplaceBehavior [ RunTime:0.000000s ]
INFO: [ template_filter ] --END-- [ RunTime:0.000000s ]
NOTIC: [8] Undefined index: userinfo C:\wamp\www\zhongying1\App\Runtime\Cache\Home\fe3c599a46db2fd61ff75c662c996df3.php 第 37 行.
INFO: Run Behavior\ParseTemplateBehavior [ RunTime:0.015624s ]
INFO: [ view_parse ] --END-- [ RunTime:0.015624s ]
INFO: [ view_filter ] --START--
INFO: Run Behavior\WriteHtmlCacheBehavior [ RunTime:0.000000s ]
INFO: [ view_filter ] --END-- [ RunTime:0.000000s ]
INFO: [ app_end ] --START--
INFO: Run Behavior\ShowPageTraceBehavior [ RunTime:0.015625s ]
INFO: [ app_end ] --END-- [ RunTime:0.015625s ]

[ 2017-12-16T08:11:34+08:00 ] 111.206.221.112 /zhongying1/index.php/Index/index.html
INFO: [ app_init ] --START--
INFO: Run Behavior\BuildLiteBehavior [ RunTime:0.000000s ]
INFO: [ app_init ] --END-- [ RunTime:0.015624s ]
INFO: [ app_begin ] --START--
INFO: Run Behavior\ReadHtmlCacheBehavior [ RunTime:0.000000s ]
INFO: [ app_begin ] --END-- [ RunTime:0.000000s ]
SQL: SHOW COLUMNS FROM `zy_lianxi` [ RunTime:0.0000s ]
SQL: SELECT * FROM `zy_lianxi` WHERE ( type=1 ) LIMIT 1   [ RunTime:0.0000s ]
SQL: SELECT * FROM `zy_lianxi` WHERE ( type=2 ) LIMIT 1   [ RunTime:0.0000s ]
SQL: SHOW COLUMNS FROM `zy_news` [ RunTime:0.0000s ]
SQL: SELECT * FROM `zy_news` WHERE ( new=0 ) ORDER BY time desc LIMIT 5   [ RunTime:0.0000s ]
SQL: SELECT * FROM `zy_news` WHERE ( new=1 ) LIMIT 1   [ RunTime:0.0000s ]
SQL: SHOW COLUMNS FROM `zy_tongji` [ RunTime:0.0000s ]
SQL: SELECT * FROM `zy_tongji` WHERE ( type=1 ) LIMIT 1   [ RunTime:0.0000s ]
SQL: SELECT * FROM `zy_tongji` WHERE ( type=2 ) LIMIT 1   [ RunTime:0.0000s ]
SQL: SELECT * FROM `zy_tongji` WHERE ( type=3 ) LIMIT 1   [ RunTime:0.0000s ]
INFO: [ view_parse ] --START--
INFO: [ template_filter ] --START--
INFO: Run Behavior\ContentReplaceBehavior [ RunTime:0.000000s ]
INFO: [ template_filter ] --END-- [ RunTime:0.000000s ]
NOTIC: [8] Undefined index: userinfo C:\wamp\www\zhongying1\App\Runtime\Cache\Home\fe3c599a46db2fd61ff75c662c996df3.php 第 37 行.
INFO: Run Behavior\ParseTemplateBehavior [ RunTime:0.015624s ]
INFO: [ view_parse ] --END-- [ RunTime:0.015624s ]
INFO: [ view_filter ] --START--
INFO: Run Behavior\WriteHtmlCacheBehavior [ RunTime:0.000000s ]
INFO: [ view_filter ] --END-- [ RunTime:0.000000s ]
INFO: [ app_end ] --START--
INFO: Run Behavior\ShowPageTraceBehavior [ RunTime:0.000000s ]
INFO: [ app_end ] --END-- [ RunTime:0.000000s ]

[ 2017-12-16T08:11:34+08:00 ] 111.206.221.103 /zhongying1/index.php/Index/webseo/addSeo
INFO: [ app_init ] --START--
INFO: Run Behavior\BuildLiteBehavior [ RunTime:0.000000s ]
INFO: [ app_init ] --END-- [ RunTime:0.000000s ]
INFO: [ app_begin ] --START--
INFO: Run Behavior\ReadHtmlCacheBehavior [ RunTime:0.000000s ]
INFO: [ app_begin ] --END-- [ RunTime:0.000000s ]
SQL: SHOW COLUMNS FROM `zy_lianxi` [ RunTime:0.0000s ]
SQL: SELECT * FROM `zy_lianxi` WHERE ( type=1 ) LIMIT 1   [ RunTime:0.0000s ]
SQL: SELECT * FROM `zy_lianxi` WHERE ( type=2 ) LIMIT 1   [ RunTime:0.0000s ]

[ 2017-12-16T08:11:35+08:00 ] 111.206.221.37 /zhongying1/index.php/Index/index_mobile.html
INFO: [ app_init ] --START--
INFO: Run Behavior\BuildLiteBehavior [ RunTime:0.000000s ]
INFO: [ app_init ] --END-- [ RunTime:0.000000s ]
INFO: [ app_begin ] --START--
INFO: Run Behavior\ReadHtmlCacheBehavior [ RunTime:0.000000s ]
INFO: [ app_begin ] --END-- [ RunTime:0.000000s ]
SQL: SHOW COLUMNS FROM `zy_lianxi` [ RunTime:0.0000s ]
SQL: SELECT * FROM `zy_lianxi` WHERE ( type=1 ) LIMIT 1   [ RunTime:0.0000s ]
SQL: SELECT * FROM `zy_lianxi` WHERE ( type=2 ) LIMIT 1   [ RunTime:0.0000s ]

[ 2017-12-16T08:11:35+08:00 ] 111.206.221.38 /zhongying1/index.php/Index/index.html
INFO: [ app_init ] --START--
INFO: Run Behavior\BuildLiteBehavior [ RunTime:0.000000s ]
INFO: [ app_init ] --END-- [ RunTime:0.000000s ]
INFO: [ app_begin ] --START--
INFO: Run Behavior\ReadHtmlCacheBehavior [ RunTime:0.000000s ]
INFO: [ app_begin ] --END-- [ RunTime:0.000000s ]
SQL: SHOW COLUMNS FROM `zy_lianxi` [ RunTime:0.0000s ]
SQL: SELECT * FROM `zy_lianxi` WHERE ( type=1 ) LIMIT 1   [ RunTime:0.0156s ]
SQL: SELECT * FROM `zy_lianxi` WHERE ( type=2 ) LIMIT 1   [ RunTime:0.0000s ]
SQL: SHOW COLUMNS FROM `zy_news` [ RunTime:0.0000s ]
SQL: SELECT * FROM `zy_news` WHERE ( new=0 ) ORDER BY time desc LIMIT 5   [ RunTime:0.0000s ]
SQL: SELECT * FROM `zy_news` WHERE ( new=1 ) LIMIT 1   [ RunTime:0.0000s ]
SQL: SHOW COLUMNS FROM `zy_tongji` [ RunTime:0.0000s ]
SQL: SELECT * FROM `zy_tongji` WHERE ( type=1 ) LIMIT 1   [ RunTime:0.0000s ]
SQL: SELECT * FROM `zy_tongji` WHERE ( type=2 ) LIMIT 1   [ RunTime:0.0000s ]
SQL: SELECT * FROM `zy_tongji` WHERE ( type=3 ) LIMIT 1   [ RunTime:0.0000s ]
INFO: [ view_parse ] --START--
INFO: [ template_filter ] --START--
INFO: Run Behavior\ContentReplaceBehavior [ RunTime:0.000000s ]
INFO: [ template_filter ] --END-- [ RunTime:0.000000s ]
NOTIC: [8] Undefined index: userinfo C:\wamp\www\zhongying1\App\Runtime\Cache\Home\fe3c599a46db2fd61ff75c662c996df3.php 第 37 行.
INFO: Run Behavior\ParseTemplateBehavior [ RunTime:0.015624s ]
INFO: [ view_parse ] --END-- [ RunTime:0.015624s ]
INFO: [ view_filter ] --START--
INFO: Run Behavior\WriteHtmlCacheBehavior [ RunTime:0.000000s ]
INFO: [ view_filter ] --END-- [ RunTime:0.000000s ]
INFO: [ app_end ] --START--
INFO: Run Behavior\ShowPageTraceBehavior [ RunTime:0.000000s ]
INFO: [ app_end ] --END-- [ RunTime:0.000000s ]

[ 2017-12-16T08:11:35+08:00 ] 111.206.221.32 /zhongying1/index.php/Index/index.html
INFO: [ app_init ] --START--
INFO: Run Behavior\BuildLiteBehavior [ RunTime:0.000000s ]
INFO: [ app_init ] --END-- [ RunTime:0.000000s ]
INFO: [ app_begin ] --START--
INFO: Run Behavior\ReadHtmlCacheBehavior [ RunTime:0.000000s ]
INFO: [ app_begin ] --END-- [ RunTime:0.000000s ]
SQL: SHOW COLUMNS FROM `zy_lianxi` [ RunTime:0.0000s ]
SQL: SELECT * FROM `zy_lianxi` WHERE ( type=1 ) LIMIT 1   [ RunTime:0.0000s ]
SQL: SELECT * FROM `zy_lianxi` WHERE ( type=2 ) LIMIT 1   [ RunTime:0.0000s ]
SQL: SHOW COLUMNS FROM `zy_news` [ RunTime:0.0000s ]
SQL: SELECT * FROM `zy_news` WHERE ( new=0 ) ORDER BY time desc LIMIT 5   [ RunTime:0.0000s ]
SQL: SELECT * FROM `zy_news` WHERE ( new=1 ) LIMIT 1   [ RunTime:0.0000s ]
SQL: SHOW COLUMNS FROM `zy_tongji` [ RunTime:0.0000s ]
SQL: SELECT * FROM `zy_tongji` WHERE ( type=1 ) LIMIT 1   [ RunTime:0.0000s ]
SQL: SELECT * FROM `zy_tongji` WHERE ( type=2 ) LIMIT 1   [ RunTime:0.0000s ]
SQL: SELECT * FROM `zy_tongji` WHERE ( type=3 ) LIMIT 1   [ RunTime:0.0000s ]
INFO: [ view_parse ] --START--
INFO: [ template_filter ] --START--
INFO: Run Behavior\ContentReplaceBehavior [ RunTime:0.000000s ]
INFO: [ template_filter ] --END-- [ RunTime:0.000000s ]
NOTIC: [8] Undefined index: userinfo C:\wamp\www\zhongying1\App\Runtime\Cache\Home\fe3c599a46db2fd61ff75c662c996df3.php 第 37 行.
INFO: Run Behavior\ParseTemplateBehavior [ RunTime:0.031249s ]
INFO: [ view_parse ] --END-- [ RunTime:0.031249s ]
INFO: [ view_filter ] --START--
INFO: Run Behavior\WriteHtmlCacheBehavior [ RunTime:0.000000s ]
INFO: [ view_filter ] --END-- [ RunTime:0.000000s ]
INFO: [ app_end ] --START--
INFO: Run Behavior\ShowPageTraceBehavior [ RunTime:0.000000s ]
INFO: [ app_end ] --END-- [ RunTime:0.000000s ]

[ 2017-12-16T08:11:36+08:00 ] 111.206.221.114 /zhongying1/index.php/Index/webseo/addSeo
INFO: [ app_init ] --START--
INFO: Run Behavior\BuildLiteBehavior [ RunTime:0.000000s ]
INFO: [ app_init ] --END-- [ RunTime:0.000000s ]
INFO: [ app_begin ] --START--
INFO: Run Behavior\ReadHtmlCacheBehavior [ RunTime:0.000000s ]
INFO: [ app_begin ] --END-- [ RunTime:0.000000s ]
SQL: SHOW COLUMNS FROM `zy_lianxi` [ RunTime:0.0000s ]
SQL: SELECT * FROM `zy_lianxi` WHERE ( type=1 ) LIMIT 1   [ RunTime:0.0000s ]
SQL: SELECT * FROM `zy_lianxi` WHERE ( type=2 ) LIMIT 1   [ RunTime:0.0000s ]

[ 2017-12-16T08:11:36+08:00 ] 111.206.221.32 /zhongying1/index.php/Index/index_mobile.html
INFO: [ app_init ] --START--
INFO: Run Behavior\BuildLiteBehavior [ RunTime:0.000000s ]
INFO: [ app_init ] --END-- [ RunTime:0.000000s ]
INFO: [ app_begin ] --START--
INFO: Run Behavior\ReadHtmlCacheBehavior [ RunTime:0.000000s ]
INFO: [ app_begin ] --END-- [ RunTime:0.000000s ]
SQL: SHOW COLUMNS FROM `zy_lianxi` [ RunTime:0.0000s ]
SQL: SELECT * FROM `zy_lianxi` WHERE ( type=1 ) LIMIT 1   [ RunTime:0.0156s ]
SQL: SELECT * FROM `zy_lianxi` WHERE ( type=2 ) LIMIT 1   [ RunTime:0.0000s ]

[ 2017-12-16T08:11:36+08:00 ] 111.206.221.89 /zhongying1/index.php/Index/index.html
INFO: [ app_init ] --START--
INFO: Run Behavior\BuildLiteBehavior [ RunTime:0.000000s ]
INFO: [ app_init ] --END-- [ RunTime:0.000000s ]
INFO: [ app_begin ] --START--
INFO: Run Behavior\ReadHtmlCacheBehavior [ RunTime:0.000000s ]
INFO: [ app_begin ] --END-- [ RunTime:0.000000s ]
SQL: SHOW COLUMNS FROM `zy_lianxi` [ RunTime:0.0000s ]
SQL: SELECT * FROM `zy_lianxi` WHERE ( type=1 ) LIMIT 1   [ RunTime:0.0000s ]
SQL: SELECT * FROM `zy_lianxi` WHERE ( type=2 ) LIMIT 1   [ RunTime:0.0000s ]
SQL: SHOW COLUMNS FROM `zy_news` [ RunTime:0.0000s ]
SQL: SELECT * FROM `zy_news` WHERE ( new=0 ) ORDER BY time desc LIMIT 5   [ RunTime:0.0000s ]
SQL: SELECT * FROM `zy_news` WHERE ( new=1 ) LIMIT 1   [ RunTime:0.0000s ]
SQL: SHOW COLUMNS FROM `zy_tongji` [ RunTime:0.0000s ]
SQL: SELECT * FROM `zy_tongji` WHERE ( type=1 ) LIMIT 1   [ RunTime:0.0000s ]
SQL: SELECT * FROM `zy_tongji` WHERE ( type=2 ) LIMIT 1   [ RunTime:0.0000s ]
SQL: SELECT * FROM `zy_tongji` WHERE ( type=3 ) LIMIT 1   [ RunTime:0.0000s ]
INFO: [ view_parse ] --START--
INFO: [ template_filter ] --START--
INFO: Run Behavior\ContentReplaceBehavior [ RunTime:0.000000s ]
INFO: [ template_filter ] --END-- [ RunTime:0.000000s ]
NOTIC: [8] Undefined index: userinfo C:\wamp\www\zhongying1\App\Runtime\Cache\Home\fe3c599a46db2fd61ff75c662c996df3.php 第 37 行.
INFO: Run Behavior\ParseTemplateBehavior [ RunTime:0.015625s ]
INFO: [ view_parse ] --END-- [ RunTime:0.015625s ]
INFO: [ view_filter ] --START--
INFO: Run Behavior\WriteHtmlCacheBehavior [ RunTime:0.000000s ]
INFO: [ view_filter ] --END-- [ RunTime:0.000000s ]
INFO: [ app_end ] --START--
INFO: Run Behavior\ShowPageTraceBehavior [ RunTime:0.000000s ]
INFO: [ app_end ] --END-- [ RunTime:0.000000s ]

[ 2017-12-16T08:11:36+08:00 ] 111.206.221.42 /zhongying1/index.php/Index/index.html
INFO: [ app_init ] --START--
INFO: Run Behavior\BuildLiteBehavior [ RunTime:0.000000s ]
INFO: [ app_init ] --END-- [ RunTime:0.000000s ]
INFO: [ app_begin ] --START--
INFO: Run Behavior\ReadHtmlCacheBehavior [ RunTime:0.000000s ]
INFO: [ app_begin ] --END-- [ RunTime:0.000000s ]
SQL: SHOW COLUMNS FROM `zy_lianxi` [ RunTime:0.0000s ]
SQL: SELECT * FROM `zy_lianxi` WHERE ( type=1 ) LIMIT 1   [ RunTime:0.0000s ]
SQL: SELECT * FROM `zy_lianxi` WHERE ( type=2 ) LIMIT 1   [ RunTime:0.0000s ]
SQL: SHOW COLUMNS FROM `zy_news` [ RunTime:0.0156s ]
SQL: SELECT * FROM `zy_news` WHERE ( new=0 ) ORDER BY time desc LIMIT 5   [ RunTime:0.0000s ]
SQL: SELECT * FROM `zy_news` WHERE ( new=1 ) LIMIT 1   [ RunTime:0.0000s ]
SQL: SHOW COLUMNS FROM `zy_tongji` [ RunTime:0.0000s ]
SQL: SELECT * FROM `zy_tongji` WHERE ( type=1 ) LIMIT 1   [ RunTime:0.0000s ]
SQL: SELECT * FROM `zy_tongji` WHERE ( type=2 ) LIMIT 1   [ RunTime:0.0000s ]
SQL: SELECT * FROM `zy_tongji` WHERE ( type=3 ) LIMIT 1   [ RunTime:0.0000s ]
INFO: [ view_parse ] --START--
INFO: [ template_filter ] --START--
INFO: Run Behavior\ContentReplaceBehavior [ RunTime:0.000000s ]
INFO: [ template_filter ] --END-- [ RunTime:0.000000s ]
NOTIC: [8] Undefined index: userinfo C:\wamp\www\zhongying1\App\Runtime\Cache\Home\fe3c599a46db2fd61ff75c662c996df3.php 第 37 行.
INFO: Run Behavior\ParseTemplateBehavior [ RunTime:0.015624s ]
INFO: [ view_parse ] --END-- [ RunTime:0.015624s ]
INFO: [ view_filter ] --START--
INFO: Run Behavior\WriteHtmlCacheBehavior [ RunTime:0.000000s ]
INFO: [ view_filter ] --END-- [ RunTime:0.000000s ]
INFO: [ app_end ] --START--
INFO: Run Behavior\ShowPageTraceBehavior [ RunTime:0.000000s ]
INFO: [ app_end ] --END-- [ RunTime:0.000000s ]

[ 2017-12-16T08:11:37+08:00 ] 111.206.221.38 /zhongying1/index.php/Index/webseo/addSeo
INFO: [ app_init ] --START--
INFO: Run Behavior\BuildLiteBehavior [ RunTime:0.000000s ]
INFO: [ app_init ] --END-- [ RunTime:0.000000s ]
INFO: [ app_begin ] --START--
INFO: Run Behavior\ReadHtmlCacheBehavior [ RunTime:0.000000s ]
INFO: [ app_begin ] --END-- [ RunTime:0.000000s ]
SQL: SHOW COLUMNS FROM `zy_lianxi` [ RunTime:0.0000s ]
SQL: SELECT * FROM `zy_lianxi` WHERE ( type=1 ) LIMIT 1   [ RunTime:0.0000s ]
SQL: SELECT * FROM `zy_lianxi` WHERE ( type=2 ) LIMIT 1   [ RunTime:0.0000s ]

[ 2017-12-16T08:11:37+08:00 ] 111.206.221.38 /zhongying1/index.php/Index/index_mobile.html
INFO: [ app_init ] --START--
INFO: Run Behavior\BuildLiteBehavior [ RunTime:0.000000s ]
INFO: [ app_init ] --END-- [ RunTime:0.000000s ]
INFO: [ app_begin ] --START--
INFO: Run Behavior\ReadHtmlCacheBehavior [ RunTime:0.000000s ]
INFO: [ app_begin ] --END-- [ RunTime:0.000000s ]
SQL: SHOW COLUMNS FROM `zy_lianxi` [ RunTime:0.0000s ]
SQL: SELECT * FROM `zy_lianxi` WHERE ( type=1 ) LIMIT 1   [ RunTime:0.0000s ]
SQL: SELECT * FROM `zy_lianxi` WHERE ( type=2 ) LIMIT 1   [ RunTime:0.0000s ]

[ 2017-12-16T08:11:38+08:00 ] 111.206.221.72 /zhongying1/index.php/Index/index.html
INFO: [ app_init ] --START--
INFO: Run Behavior\BuildLiteBehavior [ RunTime:0.000000s ]
INFO: [ app_init ] --END-- [ RunTime:0.000000s ]
INFO: [ app_begin ] --START--
INFO: Run Behavior\ReadHtmlCacheBehavior [ RunTime:0.000000s ]
INFO: [ app_begin ] --END-- [ RunTime:0.000000s ]
SQL: SHOW COLUMNS FROM `zy_lianxi` [ RunTime:0.0156s ]
SQL: SELECT * FROM `zy_lianxi` WHERE ( type=1 ) LIMIT 1   [ RunTime:0.0000s ]
SQL: SELECT * FROM `zy_lianxi` WHERE ( type=2 ) LIMIT 1   [ RunTime:0.0000s ]
SQL: SHOW COLUMNS FROM `zy_news` [ RunTime:0.0000s ]
SQL: SELECT * FROM `zy_news` WHERE ( new=0 ) ORDER BY time desc LIMIT 5   [ RunTime:0.0000s ]
SQL: SELECT * FROM `zy_news` WHERE ( new=1 ) LIMIT 1   [ RunTime:0.0000s ]
SQL: SHOW COLUMNS FROM `zy_tongji` [ RunTime:0.0000s ]
SQL: SELECT * FROM `zy_tongji` WHERE ( type=1 ) LIMIT 1   [ RunTime:0.0000s ]
SQL: SELECT * FROM `zy_tongji` WHERE ( type=2 ) LIMIT 1   [ RunTime:0.0000s ]
SQL: SELECT * FROM `zy_tongji` WHERE ( type=3 ) LIMIT 1   [ RunTime:0.0000s ]
INFO: [ view_parse ] --START--
INFO: [ template_filter ] --START--
INFO: Run Behavior\ContentReplaceBehavior [ RunTime:0.000000s ]
INFO: [ template_filter ] --END-- [ RunTime:0.000000s ]
NOTIC: [8] Undefined index: userinfo C:\wamp\www\zhongying1\App\Runtime\Cache\Home\fe3c599a46db2fd61ff75c662c996df3.php 第 37 行.
INFO: Run Behavior\ParseTemplateBehavior [ RunTime:0.031249s ]
INFO: [ view_parse ] --END-- [ RunTime:0.031249s ]
INFO: [ view_filter ] --START--
INFO: Run Behavior\WriteHtmlCacheBehavior [ RunTime:0.000000s ]
INFO: [ view_filter ] --END-- [ RunTime:0.000000s ]
INFO: [ app_end ] --START--
INFO: Run Behavior\ShowPageTraceBehavior [ RunTime:0.000000s ]
INFO: [ app_end ] --END-- [ RunTime:0.000000s ]

[ 2017-12-16T08:11:38+08:00 ] 111.206.221.43 /zhongying1/index.php/Index/index.html
INFO: [ app_init ] --START--
INFO: Run Behavior\BuildLiteBehavior [ RunTime:0.000000s ]
INFO: [ app_init ] --END-- [ RunTime:0.000000s ]
INFO: [ app_begin ] --START--
INFO: Run Behavior\ReadHtmlCacheBehavior [ RunTime:0.000000s ]
INFO: [ app_begin ] --END-- [ RunTime:0.000000s ]
SQL: SHOW COLUMNS FROM `zy_lianxi` [ RunTime:0.0000s ]
SQL: SELECT * FROM `zy_lianxi` WHERE ( type=1 ) LIMIT 1   [ RunTime:0.0000s ]
SQL: SELECT * FROM `zy_lianxi` WHERE ( type=2 ) LIMIT 1   [ RunTime:0.0000s ]
SQL: SHOW COLUMNS FROM `zy_news` [ RunTime:0.0000s ]
SQL: SELECT * FROM `zy_news` WHERE ( new=0 ) ORDER BY time desc LIMIT 5   [ RunTime:0.0000s ]
SQL: SELECT * FROM `zy_news` WHERE ( new=1 ) LIMIT 1   [ RunTime:0.0000s ]
SQL: SHOW COLUMNS FROM `zy_tongji` [ RunTime:0.0000s ]
SQL: SELECT * FROM `zy_tongji` WHERE ( type=1 ) LIMIT 1   [ RunTime:0.0000s ]
SQL: SELECT * FROM `zy_tongji` WHERE ( type=2 ) LIMIT 1   [ RunTime:0.0000s ]
SQL: SELECT * FROM `zy_tongji` WHERE ( type=3 ) LIMIT 1   [ RunTime:0.0000s ]
INFO: [ view_parse ] --START--
INFO: [ template_filter ] --START--
INFO: Run Behavior\ContentReplaceBehavior [ RunTime:0.000000s ]
INFO: [ template_filter ] --END-- [ RunTime:0.000000s ]
NOTIC: [8] Undefined index: userinfo C:\wamp\www\zhongying1\App\Runtime\Cache\Home\fe3c599a46db2fd61ff75c662c996df3.php 第 37 行.
INFO: Run Behavior\ParseTemplateBehavior [ RunTime:0.015624s ]
INFO: [ view_parse ] --END-- [ RunTime:0.015624s ]
INFO: [ view_filter ] --START--
INFO: Run Behavior\WriteHtmlCacheBehavior [ RunTime:0.000000s ]
INFO: [ view_filter ] --END-- [ RunTime:0.000000s ]
INFO: [ app_end ] --START--
INFO: Run Behavior\ShowPageTraceBehavior [ RunTime:0.000000s ]
INFO: [ app_end ] --END-- [ RunTime:0.000000s ]

[ 2017-12-16T08:11:38+08:00 ] 111.206.221.46 /zhongying1/index.php/Index/webseo/addSeo
INFO: [ app_init ] --START--
INFO: Run Behavior\BuildLiteBehavior [ RunTime:0.000000s ]
INFO: [ app_init ] --END-- [ RunTime:0.000000s ]
INFO: [ app_begin ] --START--
INFO: Run Behavior\ReadHtmlCacheBehavior [ RunTime:0.000000s ]
INFO: [ app_begin ] --END-- [ RunTime:0.000000s ]
SQL: SHOW COLUMNS FROM `zy_lianxi` [ RunTime:0.0000s ]
SQL: SELECT * FROM `zy_lianxi` WHERE ( type=1 ) LIMIT 1   [ RunTime:0.0000s ]
SQL: SELECT * FROM `zy_lianxi` WHERE ( type=2 ) LIMIT 1   [ RunTime:0.0000s ]

[ 2017-12-16T08:11:38+08:00 ] 111.206.221.42 /zhongying1/index.php/Index/index_mobile.html
INFO: [ app_init ] --START--
INFO: Run Behavior\BuildLiteBehavior [ RunTime:0.000000s ]
INFO: [ app_init ] --END-- [ RunTime:0.015624s ]
INFO: [ app_begin ] --START--
INFO: Run Behavior\ReadHtmlCacheBehavior [ RunTime:0.000000s ]
INFO: [ app_begin ] --END-- [ RunTime:0.000000s ]
SQL: SHOW COLUMNS FROM `zy_lianxi` [ RunTime:0.0156s ]
SQL: SELECT * FROM `zy_lianxi` WHERE ( type=1 ) LIMIT 1   [ RunTime:0.0000s ]
SQL: SELECT * FROM `zy_lianxi` WHERE ( type=2 ) LIMIT 1   [ RunTime:0.0000s ]

[ 2017-12-16T08:11:38+08:00 ] 111.206.221.45 /zhongying1/index.php/Index/index.html
INFO: [ app_init ] --START--
INFO: Run Behavior\BuildLiteBehavior [ RunTime:0.000000s ]
INFO: [ app_init ] --END-- [ RunTime:0.000000s ]
INFO: [ app_begin ] --START--
INFO: Run Behavior\ReadHtmlCacheBehavior [ RunTime:0.000000s ]
INFO: [ app_begin ] --END-- [ RunTime:0.000000s ]
SQL: SHOW COLUMNS FROM `zy_lianxi` [ RunTime:0.0000s ]
SQL: SELECT * FROM `zy_lianxi` WHERE ( type=1 ) LIMIT 1   [ RunTime:0.0000s ]
SQL: SELECT * FROM `zy_lianxi` WHERE ( type=2 ) LIMIT 1   [ RunTime:0.0000s ]
SQL: SHOW COLUMNS FROM `zy_news` [ RunTime:0.0000s ]
SQL: SELECT * FROM `zy_news` WHERE ( new=0 ) ORDER BY time desc LIMIT 5   [ RunTime:0.0000s ]
SQL: SELECT * FROM `zy_news` WHERE ( new=1 ) LIMIT 1   [ RunTime:0.0000s ]
SQL: SHOW COLUMNS FROM `zy_tongji` [ RunTime:0.0000s ]
SQL: SELECT * FROM `zy_tongji` WHERE ( type=1 ) LIMIT 1   [ RunTime:0.0000s ]
SQL: SELECT * FROM `zy_tongji` WHERE ( type=2 ) LIMIT 1   [ RunTime:0.0000s ]
SQL: SELECT * FROM `zy_tongji` WHERE ( type=3 ) LIMIT 1   [ RunTime:0.0000s ]
INFO: [ view_parse ] --START--
INFO: [ template_filter ] --START--
INFO: Run Behavior\ContentReplaceBehavior [ RunTime:0.000000s ]
INFO: [ template_filter ] --END-- [ RunTime:0.000000s ]
NOTIC: [8] Undefined index: userinfo C:\wamp\www\zhongying1\App\Runtime\Cache\Home\fe3c599a46db2fd61ff75c662c996df3.php 第 37 行.
INFO: Run Behavior\ParseTemplateBehavior [ RunTime:0.015625s ]
INFO: [ view_parse ] --END-- [ RunTime:0.015625s ]
INFO: [ view_filter ] --START--
INFO: Run Behavior\WriteHtmlCacheBehavior [ RunTime:0.000000s ]
INFO: [ view_filter ] --END-- [ RunTime:0.000000s ]
INFO: [ app_end ] --START--
INFO: Run Behavior\ShowPageTraceBehavior [ RunTime:0.000000s ]
INFO: [ app_end ] --END-- [ RunTime:0.000000s ]

[ 2017-12-16T08:11:39+08:00 ] 111.206.221.30 /zhongying1/index.php/Index/index.html
INFO: [ app_init ] --START--
INFO: Run Behavior\BuildLiteBehavior [ RunTime:0.000000s ]
INFO: [ app_init ] --END-- [ RunTime:0.015624s ]
INFO: [ app_begin ] --START--
INFO: Run Behavior\ReadHtmlCacheBehavior [ RunTime:0.000000s ]
INFO: [ app_begin ] --END-- [ RunTime:0.000000s ]
SQL: SHOW COLUMNS FROM `zy_lianxi` [ RunTime:0.0000s ]
SQL: SELECT * FROM `zy_lianxi` WHERE ( type=1 ) LIMIT 1   [ RunTime:0.0000s ]
SQL: SELECT * FROM `zy_lianxi` WHERE ( type=2 ) LIMIT 1   [ RunTime:0.0000s ]
SQL: SHOW COLUMNS FROM `zy_news` [ RunTime:0.0156s ]
SQL: SELECT * FROM `zy_news` WHERE ( new=0 ) ORDER BY time desc LIMIT 5   [ RunTime:0.0000s ]
SQL: SELECT * FROM `zy_news` WHERE ( new=1 ) LIMIT 1   [ RunTime:0.0000s ]
SQL: SHOW COLUMNS FROM `zy_tongji` [ RunTime:0.0000s ]
SQL: SELECT * FROM `zy_tongji` WHERE ( type=1 ) LIMIT 1   [ RunTime:0.0000s ]
SQL: SELECT * FROM `zy_tongji` WHERE ( type=2 ) LIMIT 1   [ RunTime:0.0000s ]
SQL: SELECT * FROM `zy_tongji` WHERE ( type=3 ) LIMIT 1   [ RunTime:0.0000s ]
INFO: [ view_parse ] --START--
INFO: [ template_filter ] --START--
INFO: Run Behavior\ContentReplaceBehavior [ RunTime:0.000000s ]
INFO: [ template_filter ] --END-- [ RunTime:0.000000s ]
NOTIC: [8] Undefined index: userinfo C:\wamp\www\zhongying1\App\Runtime\Cache\Home\fe3c599a46db2fd61ff75c662c996df3.php 第 37 行.
INFO: Run Behavior\ParseTemplateBehavior [ RunTime:0.015624s ]
INFO: [ view_parse ] --END-- [ RunTime:0.015624s ]
INFO: [ view_filter ] --START--
INFO: Run Behavior\WriteHtmlCacheBehavior [ RunTime:0.000000s ]
INFO: [ view_filter ] --END-- [ RunTime:0.000000s ]
INFO: [ app_end ] --START--
INFO: Run Behavior\ShowPageTraceBehavior [ RunTime:0.000000s ]
INFO: [ app_end ] --END-- [ RunTime:0.000000s ]

[ 2017-12-16T08:11:39+08:00 ] 111.206.221.35 /zhongying1/index.php/Index/webseo/addSeo
INFO: [ app_init ] --START--
INFO: Run Behavior\BuildLiteBehavior [ RunTime:0.000000s ]
INFO: [ app_init ] --END-- [ RunTime:0.000000s ]
INFO: [ app_begin ] --START--
INFO: Run Behavior\ReadHtmlCacheBehavior [ RunTime:0.000000s ]
INFO: [ app_begin ] --END-- [ RunTime:0.000000s ]
SQL: SHOW COLUMNS FROM `zy_lianxi` [ RunTime:0.0000s ]
SQL: SELECT * FROM `zy_lianxi` WHERE ( type=1 ) LIMIT 1   [ RunTime:0.0000s ]
SQL: SELECT * FROM `zy_lianxi` WHERE ( type=2 ) LIMIT 1   [ RunTime:0.0000s ]

[ 2017-12-16T08:11:39+08:00 ] 111.206.221.111 /zhongying1/index.php/Index/index_mobile.html
INFO: [ app_init ] --START--
INFO: Run Behavior\BuildLiteBehavior [ RunTime:0.000000s ]
INFO: [ app_init ] --END-- [ RunTime:0.000000s ]
INFO: [ app_begin ] --START--
INFO: Run Behavior\ReadHtmlCacheBehavior [ RunTime:0.000000s ]
INFO: [ app_begin ] --END-- [ RunTime:0.000000s ]
SQL: SHOW COLUMNS FROM `zy_lianxi` [ RunTime:0.0000s ]
SQL: SELECT * FROM `zy_lianxi` WHERE ( type=1 ) LIMIT 1   [ RunTime:0.0000s ]
SQL: SELECT * FROM `zy_lianxi` WHERE ( type=2 ) LIMIT 1   [ RunTime:0.0000s ]

[ 2017-12-16T08:11:39+08:00 ] 111.206.221.27 /zhongying1/index.php/Index/index.html
INFO: [ app_init ] --START--
INFO: Run Behavior\BuildLiteBehavior [ RunTime:0.000000s ]
INFO: [ app_init ] --END-- [ RunTime:0.000000s ]
INFO: [ app_begin ] --START--
INFO: Run Behavior\ReadHtmlCacheBehavior [ RunTime:0.000000s ]
INFO: [ app_begin ] --END-- [ RunTime:0.000000s ]
SQL: SHOW COLUMNS FROM `zy_lianxi` [ RunTime:0.0000s ]
SQL: SELECT * FROM `zy_lianxi` WHERE ( type=1 ) LIMIT 1   [ RunTime:0.0000s ]
SQL: SELECT * FROM `zy_lianxi` WHERE ( type=2 ) LIMIT 1   [ RunTime:0.0000s ]
SQL: SHOW COLUMNS FROM `zy_news` [ RunTime:0.0000s ]
SQL: SELECT * FROM `zy_news` WHERE ( new=0 ) ORDER BY time desc LIMIT 5   [ RunTime:0.0000s ]
SQL: SELECT * FROM `zy_news` WHERE ( new=1 ) LIMIT 1   [ RunTime:0.0000s ]
SQL: SHOW COLUMNS FROM `zy_tongji` [ RunTime:0.0000s ]
SQL: SELECT * FROM `zy_tongji` WHERE ( type=1 ) LIMIT 1   [ RunTime:0.0000s ]
SQL: SELECT * FROM `zy_tongji` WHERE ( type=2 ) LIMIT 1   [ RunTime:0.0000s ]
SQL: SELECT * FROM `zy_tongji` WHERE ( type=3 ) LIMIT 1   [ RunTime:0.0000s ]
INFO: [ view_parse ] --START--
INFO: [ template_filter ] --START--
INFO: Run Behavior\ContentReplaceBehavior [ RunTime:0.015624s ]
INFO: [ template_filter ] --END-- [ RunTime:0.015624s ]
NOTIC: [8] Undefined index: userinfo C:\wamp\www\zhongying1\App\Runtime\Cache\Home\fe3c599a46db2fd61ff75c662c996df3.php 第 37 行.
INFO: Run Behavior\ParseTemplateBehavior [ RunTime:0.031249s ]
INFO: [ view_parse ] --END-- [ RunTime:0.031249s ]
INFO: [ view_filter ] --START--
INFO: Run Behavior\WriteHtmlCacheBehavior [ RunTime:0.000000s ]
INFO: [ view_filter ] --END-- [ RunTime:0.000000s ]
INFO: [ app_end ] --START--
INFO: Run Behavior\ShowPageTraceBehavior [ RunTime:0.000000s ]
INFO: [ app_end ] --END-- [ RunTime:0.000000s ]

[ 2017-12-16T08:11:40+08:00 ] 111.206.221.114 /zhongying1/index.php/Index/index.html
INFO: [ app_init ] --START--
INFO: Run Behavior\BuildLiteBehavior [ RunTime:0.000000s ]
INFO: [ app_init ] --END-- [ RunTime:0.000000s ]
INFO: [ app_begin ] --START--
INFO: Run Behavior\ReadHtmlCacheBehavior [ RunTime:0.000000s ]
INFO: [ app_begin ] --END-- [ RunTime:0.000000s ]
SQL: SHOW COLUMNS FROM `zy_lianxi` [ RunTime:0.0000s ]
SQL: SELECT * FROM `zy_lianxi` WHERE ( type=1 ) LIMIT 1   [ RunTime:0.0000s ]
SQL: SELECT * FROM `zy_lianxi` WHERE ( type=2 ) LIMIT 1   [ RunTime:0.0000s ]
SQL: SHOW COLUMNS FROM `zy_news` [ RunTime:0.0000s ]
SQL: SELECT * FROM `zy_news` WHERE ( new=0 ) ORDER BY time desc LIMIT 5   [ RunTime:0.0000s ]
SQL: SELECT * FROM `zy_news` WHERE ( new=1 ) LIMIT 1   [ RunTime:0.0000s ]
SQL: SHOW COLUMNS FROM `zy_tongji` [ RunTime:0.0000s ]
SQL: SELECT * FROM `zy_tongji` WHERE ( type=1 ) LIMIT 1   [ RunTime:0.0000s ]
SQL: SELECT * FROM `zy_tongji` WHERE ( type=2 ) LIMIT 1   [ RunTime:0.0000s ]
SQL: SELECT * FROM `zy_tongji` WHERE ( type=3 ) LIMIT 1   [ RunTime:0.0000s ]
INFO: [ view_parse ] --START--
INFO: [ template_filter ] --START--
INFO: Run Behavior\ContentReplaceBehavior [ RunTime:0.000000s ]
INFO: [ template_filter ] --END-- [ RunTime:0.000000s ]
NOTIC: [8] Undefined index: userinfo C:\wamp\www\zhongying1\App\Runtime\Cache\Home\fe3c599a46db2fd61ff75c662c996df3.php 第 37 行.
INFO: Run Behavior\ParseTemplateBehavior [ RunTime:0.031249s ]
INFO: [ view_parse ] --END-- [ RunTime:0.031249s ]
INFO: [ view_filter ] --START--
INFO: Run Behavior\WriteHtmlCacheBehavior [ RunTime:0.000000s ]
INFO: [ view_filter ] --END-- [ RunTime:0.000000s ]
INFO: [ app_end ] --START--
INFO: Run Behavior\ShowPageTraceBehavior [ RunTime:0.000000s ]
INFO: [ app_end ] --END-- [ RunTime:0.000000s ]

[ 2017-12-16T08:11:41+08:00 ] 111.206.221.42 /zhongying1/index.php/Index/webseo/addSeo
INFO: [ app_init ] --START--
INFO: Run Behavior\BuildLiteBehavior [ RunTime:0.000000s ]
INFO: [ app_init ] --END-- [ RunTime:0.000000s ]
INFO: [ app_begin ] --START--
INFO: Run Behavior\ReadHtmlCacheBehavior [ RunTime:0.000000s ]
INFO: [ app_begin ] --END-- [ RunTime:0.000000s ]
SQL: SHOW COLUMNS FROM `zy_lianxi` [ RunTime:0.0000s ]
SQL: SELECT * FROM `zy_lianxi` WHERE ( type=1 ) LIMIT 1   [ RunTime:0.0000s ]
SQL: SELECT * FROM `zy_lianxi` WHERE ( type=2 ) LIMIT 1   [ RunTime:0.0000s ]

[ 2017-12-16T08:11:41+08:00 ] 111.206.221.82 /zhongying1/index.php/Index/index_mobile.html
INFO: [ app_init ] --START--
INFO: Run Behavior\BuildLiteBehavior [ RunTime:0.000000s ]
INFO: [ app_init ] --END-- [ RunTime:0.000000s ]
INFO: [ app_begin ] --START--
INFO: Run Behavior\ReadHtmlCacheBehavior [ RunTime:0.000000s ]
INFO: [ app_begin ] --END-- [ RunTime:0.000000s ]
SQL: SHOW COLUMNS FROM `zy_lianxi` [ RunTime:0.0000s ]
SQL: SELECT * FROM `zy_lianxi` WHERE ( type=1 ) LIMIT 1   [ RunTime:0.0000s ]
SQL: SELECT * FROM `zy_lianxi` WHERE ( type=2 ) LIMIT 1   [ RunTime:0.0000s ]

[ 2017-12-16T08:11:41+08:00 ] 111.206.221.44 /zhongying1/index.php/Index/index.html
INFO: [ app_init ] --START--
INFO: Run Behavior\BuildLiteBehavior [ RunTime:0.000000s ]
INFO: [ app_init ] --END-- [ RunTime:0.000000s ]
INFO: [ app_begin ] --START--
INFO: Run Behavior\ReadHtmlCacheBehavior [ RunTime:0.000000s ]
INFO: [ app_begin ] --END-- [ RunTime:0.000000s ]
SQL: SHOW COLUMNS FROM `zy_lianxi` [ RunTime:0.0156s ]
SQL: SELECT * FROM `zy_lianxi` WHERE ( type=1 ) LIMIT 1   [ RunTime:0.0000s ]
SQL: SELECT * FROM `zy_lianxi` WHERE ( type=2 ) LIMIT 1   [ RunTime:0.0000s ]
SQL: SHOW COLUMNS FROM `zy_news` [ RunTime:0.0000s ]
SQL: SELECT * FROM `zy_news` WHERE ( new=0 ) ORDER BY time desc LIMIT 5   [ RunTime:0.0000s ]
SQL: SELECT * FROM `zy_news` WHERE ( new=1 ) LIMIT 1   [ RunTime:0.0000s ]
SQL: SHOW COLUMNS FROM `zy_tongji` [ RunTime:0.0000s ]
SQL: SELECT * FROM `zy_tongji` WHERE ( type=1 ) LIMIT 1   [ RunTime:0.0000s ]
SQL: SELECT * FROM `zy_tongji` WHERE ( type=2 ) LIMIT 1   [ RunTime:0.0000s ]
SQL: SELECT * FROM `zy_tongji` WHERE ( type=3 ) LIMIT 1   [ RunTime:0.0000s ]
INFO: [ view_parse ] --START--
INFO: [ template_filter ] --START--
INFO: Run Behavior\ContentReplaceBehavior [ RunTime:0.000000s ]
INFO: [ template_filter ] --END-- [ RunTime:0.000000s ]
NOTIC: [8] Undefined index: userinfo C:\wamp\www\zhongying1\App\Runtime\Cache\Home\fe3c599a46db2fd61ff75c662c996df3.php 第 37 行.
INFO: Run Behavior\ParseTemplateBehavior [ RunTime:0.031249s ]
INFO: [ view_parse ] --END-- [ RunTime:0.031249s ]
INFO: [ view_filter ] --START--
INFO: Run Behavior\WriteHtmlCacheBehavior [ RunTime:0.000000s ]
INFO: [ view_filter ] --END-- [ RunTime:0.000000s ]
INFO: [ app_end ] --START--
INFO: Run Behavior\ShowPageTraceBehavior [ RunTime:0.000000s ]
INFO: [ app_end ] --END-- [ RunTime:0.000000s ]

[ 2017-12-16T08:11:42+08:00 ] 111.206.221.111 /zhongying1/index.php/Index/index.html
INFO: [ app_init ] --START--
INFO: Run Behavior\BuildLiteBehavior [ RunTime:0.000000s ]
INFO: [ app_init ] --END-- [ RunTime:0.000000s ]
INFO: [ app_begin ] --START--
INFO: Run Behavior\ReadHtmlCacheBehavior [ RunTime:0.000000s ]
INFO: [ app_begin ] --END-- [ RunTime:0.000000s ]
SQL: SHOW COLUMNS FROM `zy_lianxi` [ RunTime:0.0156s ]
SQL: SELECT * FROM `zy_lianxi` WHERE ( type=1 ) LIMIT 1   [ RunTime:0.0000s ]
SQL: SELECT * FROM `zy_lianxi` WHERE ( type=2 ) LIMIT 1   [ RunTime:0.0000s ]
SQL: SHOW COLUMNS FROM `zy_news` [ RunTime:0.0000s ]
SQL: SELECT * FROM `zy_news` WHERE ( new=0 ) ORDER BY time desc LIMIT 5   [ RunTime:0.0000s ]
SQL: SELECT * FROM `zy_news` WHERE ( new=1 ) LIMIT 1   [ RunTime:0.0000s ]
SQL: SHOW COLUMNS FROM `zy_tongji` [ RunTime:0.0000s ]
SQL: SELECT * FROM `zy_tongji` WHERE ( type=1 ) LIMIT 1   [ RunTime:0.0000s ]
SQL: SELECT * FROM `zy_tongji` WHERE ( type=2 ) LIMIT 1   [ RunTime:0.0000s ]
SQL: SELECT * FROM `zy_tongji` WHERE ( type=3 ) LIMIT 1   [ RunTime:0.0000s ]
INFO: [ view_parse ] --START--
INFO: [ template_filter ] --START--
INFO: Run Behavior\ContentReplaceBehavior [ RunTime:0.000000s ]
INFO: [ template_filter ] --END-- [ RunTime:0.000000s ]
NOTIC: [8] Undefined index: userinfo C:\wamp\www\zhongying1\App\Runtime\Cache\Home\fe3c599a46db2fd61ff75c662c996df3.php 第 37 行.
INFO: Run Behavior\ParseTemplateBehavior [ RunTime:0.031249s ]
INFO: [ view_parse ] --END-- [ RunTime:0.031249s ]
INFO: [ view_filter ] --START--
INFO: Run Behavior\WriteHtmlCacheBehavior [ RunTime:0.000000s ]
INFO: [ view_filter ] --END-- [ RunTime:0.000000s ]
INFO: [ app_end ] --START--
INFO: Run Behavior\ShowPageTraceBehavior [ RunTime:0.000000s ]
INFO: [ app_end ] --END-- [ RunTime:0.000000s ]

[ 2017-12-16T08:11:42+08:00 ] 111.206.221.89 /zhongying1/index.php/Index/webseo/addSeo
INFO: [ app_init ] --START--
INFO: Run Behavior\BuildLiteBehavior [ RunTime:0.000000s ]
INFO: [ app_init ] --END-- [ RunTime:0.000000s ]
INFO: [ app_begin ] --START--
INFO: Run Behavior\ReadHtmlCacheBehavior [ RunTime:0.000000s ]
INFO: [ app_begin ] --END-- [ RunTime:0.000000s ]
SQL: SHOW COLUMNS FROM `zy_lianxi` [ RunTime:0.0000s ]
SQL: SELECT * FROM `zy_lianxi` WHERE ( type=1 ) LIMIT 1   [ RunTime:0.0000s ]
SQL: SELECT * FROM `zy_lianxi` WHERE ( type=2 ) LIMIT 1   [ RunTime:0.0000s ]

[ 2017-12-16T08:11:42+08:00 ] 111.206.221.70 /zhongying1/index.php/Index/index_mobile.html
INFO: [ app_init ] --START--
INFO: Run Behavior\BuildLiteBehavior [ RunTime:0.000000s ]
INFO: [ app_init ] --END-- [ RunTime:0.000000s ]
INFO: [ app_begin ] --START--
INFO: Run Behavior\ReadHtmlCacheBehavior [ RunTime:0.000000s ]
INFO: [ app_begin ] --END-- [ RunTime:0.000000s ]
SQL: SHOW COLUMNS FROM `zy_lianxi` [ RunTime:0.0000s ]
SQL: SELECT * FROM `zy_lianxi` WHERE ( type=1 ) LIMIT 1   [ RunTime:0.0000s ]
SQL: SELECT * FROM `zy_lianxi` WHERE ( type=2 ) LIMIT 1   [ RunTime:0.0000s ]

[ 2017-12-16T08:11:42+08:00 ] 111.206.221.72 /zhongying1/index.php/Index/index.html
INFO: [ app_init ] --START--
INFO: Run Behavior\BuildLiteBehavior [ RunTime:0.000000s ]
INFO: [ app_init ] --END-- [ RunTime:0.000000s ]
INFO: [ app_begin ] --START--
INFO: Run Behavior\ReadHtmlCacheBehavior [ RunTime:0.000000s ]
INFO: [ app_begin ] --END-- [ RunTime:0.000000s ]
SQL: SHOW COLUMNS FROM `zy_lianxi` [ RunTime:0.0000s ]
SQL: SELECT * FROM `zy_lianxi` WHERE ( type=1 ) LIMIT 1   [ RunTime:0.0000s ]
SQL: SELECT * FROM `zy_lianxi` WHERE ( type=2 ) LIMIT 1   [ RunTime:0.0000s ]
SQL: SHOW COLUMNS FROM `zy_news` [ RunTime:0.0000s ]
SQL: SELECT * FROM `zy_news` WHERE ( new=0 ) ORDER BY time desc LIMIT 5   [ RunTime:0.0000s ]
SQL: SELECT * FROM `zy_news` WHERE ( new=1 ) LIMIT 1   [ RunTime:0.0000s ]
SQL: SHOW COLUMNS FROM `zy_tongji` [ RunTime:0.0000s ]
SQL: SELECT * FROM `zy_tongji` WHERE ( type=1 ) LIMIT 1   [ RunTime:0.0000s ]
SQL: SELECT * FROM `zy_tongji` WHERE ( type=2 ) LIMIT 1   [ RunTime:0.0000s ]
SQL: SELECT * FROM `zy_tongji` WHERE ( type=3 ) LIMIT 1   [ RunTime:0.0000s ]
INFO: [ view_parse ] --START--
INFO: [ template_filter ] --START--
INFO: Run Behavior\ContentReplaceBehavior [ RunTime:0.000000s ]
INFO: [ template_filter ] --END-- [ RunTime:0.000000s ]
NOTIC: [8] Undefined index: userinfo C:\wamp\www\zhongying1\App\Runtime\Cache\Home\fe3c599a46db2fd61ff75c662c996df3.php 第 37 行.
INFO: Run Behavior\ParseTemplateBehavior [ RunTime:0.031249s ]
INFO: [ view_parse ] --END-- [ RunTime:0.031249s ]
INFO: [ view_filter ] --START--
INFO: Run Behavior\WriteHtmlCacheBehavior [ RunTime:0.000000s ]
INFO: [ view_filter ] --END-- [ RunTime:0.000000s ]
INFO: [ app_end ] --START--
INFO: Run Behavior\ShowPageTraceBehavior [ RunTime:0.000000s ]
INFO: [ app_end ] --END-- [ RunTime:0.000000s ]

[ 2017-12-16T08:11:42+08:00 ] 111.206.221.94 /zhongying1/index.php/Index/index.html
INFO: [ app_init ] --START--
INFO: Run Behavior\BuildLiteBehavior [ RunTime:0.000000s ]
INFO: [ app_init ] --END-- [ RunTime:0.000000s ]
INFO: [ app_begin ] --START--
INFO: Run Behavior\ReadHtmlCacheBehavior [ RunTime:0.000000s ]
INFO: [ app_begin ] --END-- [ RunTime:0.000000s ]
SQL: SHOW COLUMNS FROM `zy_lianxi` [ RunTime:0.0000s ]
SQL: SELECT * FROM `zy_lianxi` WHERE ( type=1 ) LIMIT 1   [ RunTime:0.0000s ]
SQL: SELECT * FROM `zy_lianxi` WHERE ( type=2 ) LIMIT 1   [ RunTime:0.0000s ]
SQL: SHOW COLUMNS FROM `zy_news` [ RunTime:0.0000s ]
SQL: SELECT * FROM `zy_news` WHERE ( new=0 ) ORDER BY time desc LIMIT 5   [ RunTime:0.0000s ]
SQL: SELECT * FROM `zy_news` WHERE ( new=1 ) LIMIT 1   [ RunTime:0.0000s ]
SQL: SHOW COLUMNS FROM `zy_tongji` [ RunTime:0.0000s ]
SQL: SELECT * FROM `zy_tongji` WHERE ( type=1 ) LIMIT 1   [ RunTime:0.0000s ]
SQL: SELECT * FROM `zy_tongji` WHERE ( type=2 ) LIMIT 1   [ RunTime:0.0000s ]
SQL: SELECT * FROM `zy_tongji` WHERE ( type=3 ) LIMIT 1   [ RunTime:0.0156s ]
INFO: [ view_parse ] --START--
INFO: [ template_filter ] --START--
INFO: Run Behavior\ContentReplaceBehavior [ RunTime:0.000000s ]
INFO: [ template_filter ] --END-- [ RunTime:0.000000s ]
NOTIC: [8] Undefined index: userinfo C:\wamp\www\zhongying1\App\Runtime\Cache\Home\fe3c599a46db2fd61ff75c662c996df3.php 第 37 行.
INFO: Run Behavior\ParseTemplateBehavior [ RunTime:0.015624s ]
INFO: [ view_parse ] --END-- [ RunTime:0.015624s ]
INFO: [ view_filter ] --START--
INFO: Run Behavior\WriteHtmlCacheBehavior [ RunTime:0.000000s ]
INFO: [ view_filter ] --END-- [ RunTime:0.000000s ]
INFO: [ app_end ] --START--
INFO: Run Behavior\ShowPageTraceBehavior [ RunTime:0.000000s ]
INFO: [ app_end ] --END-- [ RunTime:0.000000s ]

[ 2017-12-16T08:11:43+08:00 ] 111.206.221.86 /zhongying1/index.php/Index/webseo/addSeo
INFO: [ app_init ] --START--
INFO: Run Behavior\BuildLiteBehavior [ RunTime:0.000000s ]
INFO: [ app_init ] --END-- [ RunTime:0.000000s ]
INFO: [ app_begin ] --START--
INFO: Run Behavior\ReadHtmlCacheBehavior [ RunTime:0.000000s ]
INFO: [ app_begin ] --END-- [ RunTime:0.000000s ]
SQL: SHOW COLUMNS FROM `zy_lianxi` [ RunTime:0.0000s ]
SQL: SELECT * FROM `zy_lianxi` WHERE ( type=1 ) LIMIT 1   [ RunTime:0.0000s ]
SQL: SELECT * FROM `zy_lianxi` WHERE ( type=2 ) LIMIT 1   [ RunTime:0.0000s ]

[ 2017-12-16T08:11:43+08:00 ] 111.206.221.75 /zhongying1/index.php/Index/index.html
INFO: [ app_init ] --START--
INFO: Run Behavior\BuildLiteBehavior [ RunTime:0.000000s ]
INFO: [ app_init ] --END-- [ RunTime:0.000000s ]
INFO: [ app_begin ] --START--
INFO: Run Behavior\ReadHtmlCacheBehavior [ RunTime:0.000000s ]
INFO: [ app_begin ] --END-- [ RunTime:0.000000s ]
SQL: SHOW COLUMNS FROM `zy_lianxi` [ RunTime:0.0000s ]
SQL: SELECT * FROM `zy_lianxi` WHERE ( type=1 ) LIMIT 1   [ RunTime:0.0000s ]
SQL: SELECT * FROM `zy_lianxi` WHERE ( type=2 ) LIMIT 1   [ RunTime:0.0000s ]
SQL: SHOW COLUMNS FROM `zy_news` [ RunTime:0.0000s ]
SQL: SELECT * FROM `zy_news` WHERE ( new=0 ) ORDER BY time desc LIMIT 5   [ RunTime:0.0000s ]
SQL: SELECT * FROM `zy_news` WHERE ( new=1 ) LIMIT 1   [ RunTime:0.0000s ]
SQL: SHOW COLUMNS FROM `zy_tongji` [ RunTime:0.0000s ]
SQL: SELECT * FROM `zy_tongji` WHERE ( type=1 ) LIMIT 1   [ RunTime:0.0000s ]
SQL: SELECT * FROM `zy_tongji` WHERE ( type=2 ) LIMIT 1   [ RunTime:0.0000s ]
SQL: SELECT * FROM `zy_tongji` WHERE ( type=3 ) LIMIT 1   [ RunTime:0.0000s ]
INFO: [ view_parse ] --START--
INFO: [ template_filter ] --START--
INFO: Run Behavior\ContentReplaceBehavior [ RunTime:0.000000s ]
INFO: [ template_filter ] --END-- [ RunTime:0.000000s ]
NOTIC: [8] Undefined index: userinfo C:\wamp\www\zhongying1\App\Runtime\Cache\Home\fe3c599a46db2fd61ff75c662c996df3.php 第 37 行.
INFO: Run Behavior\ParseTemplateBehavior [ RunTime:0.015624s ]
INFO: [ view_parse ] --END-- [ RunTime:0.015624s ]
INFO: [ view_filter ] --START--
INFO: Run Behavior\WriteHtmlCacheBehavior [ RunTime:0.000000s ]
INFO: [ view_filter ] --END-- [ RunTime:0.000000s ]
INFO: [ app_end ] --START--
INFO: Run Behavior\ShowPageTraceBehavior [ RunTime:0.000000s ]
INFO: [ app_end ] --END-- [ RunTime:0.000000s ]

[ 2017-12-16T08:11:43+08:00 ] 111.206.221.37 /zhongying1/index.php/Index/index_mobile.html
INFO: [ app_init ] --START--
INFO: Run Behavior\BuildLiteBehavior [ RunTime:0.000000s ]
INFO: [ app_init ] --END-- [ RunTime:0.000000s ]
INFO: [ app_begin ] --START--
INFO: Run Behavior\ReadHtmlCacheBehavior [ RunTime:0.000000s ]
INFO: [ app_begin ] --END-- [ RunTime:0.000000s ]
SQL: SHOW COLUMNS FROM `zy_lianxi` [ RunTime:0.0000s ]
SQL: SELECT * FROM `zy_lianxi` WHERE ( type=1 ) LIMIT 1   [ RunTime:0.0000s ]
SQL: SELECT * FROM `zy_lianxi` WHERE ( type=2 ) LIMIT 1   [ RunTime:0.0000s ]

[ 2017-12-16T08:11:44+08:00 ] 111.206.221.93 /zhongying1/index.php/Index/index.html
INFO: [ app_init ] --START--
INFO: Run Behavior\BuildLiteBehavior [ RunTime:0.000000s ]
INFO: [ app_init ] --END-- [ RunTime:0.000000s ]
INFO: [ app_begin ] --START--
INFO: Run Behavior\ReadHtmlCacheBehavior [ RunTime:0.000000s ]
INFO: [ app_begin ] --END-- [ RunTime:0.000000s ]
SQL: SHOW COLUMNS FROM `zy_lianxi` [ RunTime:0.0000s ]
SQL: SELECT * FROM `zy_lianxi` WHERE ( type=1 ) LIMIT 1   [ RunTime:0.0000s ]
SQL: SELECT * FROM `zy_lianxi` WHERE ( type=2 ) LIMIT 1   [ RunTime:0.0000s ]
SQL: SHOW COLUMNS FROM `zy_news` [ RunTime:0.0000s ]
SQL: SELECT * FROM `zy_news` WHERE ( new=0 ) ORDER BY time desc LIMIT 5   [ RunTime:0.0000s ]
SQL: SELECT * FROM `zy_news` WHERE ( new=1 ) LIMIT 1   [ RunTime:0.0000s ]
SQL: SHOW COLUMNS FROM `zy_tongji` [ RunTime:0.0000s ]
SQL: SELECT * FROM `zy_tongji` WHERE ( type=1 ) LIMIT 1   [ RunTime:0.0000s ]
SQL: SELECT * FROM `zy_tongji` WHERE ( type=2 ) LIMIT 1   [ RunTime:0.0000s ]
SQL: SELECT * FROM `zy_tongji` WHERE ( type=3 ) LIMIT 1   [ RunTime:0.0000s ]
INFO: [ view_parse ] --START--
INFO: [ template_filter ] --START--
INFO: Run Behavior\ContentReplaceBehavior [ RunTime:0.000000s ]
INFO: [ template_filter ] --END-- [ RunTime:0.000000s ]
NOTIC: [8] Undefined index: userinfo C:\wamp\www\zhongying1\App\Runtime\Cache\Home\fe3c599a46db2fd61ff75c662c996df3.php 第 37 行.
INFO: Run Behavior\ParseTemplateBehavior [ RunTime:0.015624s ]
INFO: [ view_parse ] --END-- [ RunTime:0.015624s ]
INFO: [ view_filter ] --START--
INFO: Run Behavior\WriteHtmlCacheBehavior [ RunTime:0.015625s ]
INFO: [ view_filter ] --END-- [ RunTime:0.015625s ]
INFO: [ app_end ] --START--
INFO: Run Behavior\ShowPageTraceBehavior [ RunTime:0.000000s ]
INFO: [ app_end ] --END-- [ RunTime:0.000000s ]

[ 2017-12-16T08:11:45+08:00 ] 111.206.221.23 /zhongying1/index.php/Index/webseo/addSeo
INFO: [ app_init ] --START--
INFO: Run Behavior\BuildLiteBehavior [ RunTime:0.000000s ]
INFO: [ app_init ] --END-- [ RunTime:0.000000s ]
INFO: [ app_begin ] --START--
INFO: Run Behavior\ReadHtmlCacheBehavior [ RunTime:0.000000s ]
INFO: [ app_begin ] --END-- [ RunTime:0.000000s ]
SQL: SHOW COLUMNS FROM `zy_lianxi` [ RunTime:0.0000s ]
SQL: SELECT * FROM `zy_lianxi` WHERE ( type=1 ) LIMIT 1   [ RunTime:0.0000s ]
SQL: SELECT * FROM `zy_lianxi` WHERE ( type=2 ) LIMIT 1   [ RunTime:0.0000s ]

[ 2017-12-16T08:11:45+08:00 ] 111.206.221.30 /zhongying1/index.php/Index/index_mobile.html
INFO: [ app_init ] --START--
INFO: Run Behavior\BuildLiteBehavior [ RunTime:0.000000s ]
INFO: [ app_init ] --END-- [ RunTime:0.000000s ]
INFO: [ app_begin ] --START--
INFO: Run Behavior\ReadHtmlCacheBehavior [ RunTime:0.000000s ]
INFO: [ app_begin ] --END-- [ RunTime:0.000000s ]
SQL: SHOW COLUMNS FROM `zy_lianxi` [ RunTime:0.0000s ]
SQL: SELECT * FROM `zy_lianxi` WHERE ( type=1 ) LIMIT 1   [ RunTime:0.0000s ]
SQL: SELECT * FROM `zy_lianxi` WHERE ( type=2 ) LIMIT 1   [ RunTime:0.0000s ]

[ 2017-12-16T08:11:46+08:00 ] 111.206.221.45 /zhongying1/index.php/Index/index.html
INFO: [ app_init ] --START--
INFO: Run Behavior\BuildLiteBehavior [ RunTime:0.000000s ]
INFO: [ app_init ] --END-- [ RunTime:0.000000s ]
INFO: [ app_begin ] --START--
INFO: Run Behavior\ReadHtmlCacheBehavior [ RunTime:0.000000s ]
INFO: [ app_begin ] --END-- [ RunTime:0.000000s ]
SQL: SHOW COLUMNS FROM `zy_lianxi` [ RunTime:0.0000s ]
SQL: SELECT * FROM `zy_lianxi` WHERE ( type=1 ) LIMIT 1   [ RunTime:0.0000s ]
SQL: SELECT * FROM `zy_lianxi` WHERE ( type=2 ) LIMIT 1   [ RunTime:0.0000s ]
SQL: SHOW COLUMNS FROM `zy_news` [ RunTime:0.0000s ]
SQL: SELECT * FROM `zy_news` WHERE ( new=0 ) ORDER BY time desc LIMIT 5   [ RunTime:0.0000s ]
SQL: SELECT * FROM `zy_news` WHERE ( new=1 ) LIMIT 1   [ RunTime:0.0000s ]
SQL: SHOW COLUMNS FROM `zy_tongji` [ RunTime:0.0000s ]
SQL: SELECT * FROM `zy_tongji` WHERE ( type=1 ) LIMIT 1   [ RunTime:0.0000s ]
SQL: SELECT * FROM `zy_tongji` WHERE ( type=2 ) LIMIT 1   [ RunTime:0.0000s ]
SQL: SELECT * FROM `zy_tongji` WHERE ( type=3 ) LIMIT 1   [ RunTime:0.0000s ]
INFO: [ view_parse ] --START--
INFO: [ template_filter ] --START--
INFO: Run Behavior\ContentReplaceBehavior [ RunTime:0.000000s ]
INFO: [ template_filter ] --END-- [ RunTime:0.000000s ]
NOTIC: [8] Undefined index: userinfo C:\wamp\www\zhongying1\App\Runtime\Cache\Home\fe3c599a46db2fd61ff75c662c996df3.php 第 37 行.
INFO: Run Behavior\ParseTemplateBehavior [ RunTime:0.031249s ]
INFO: [ view_parse ] --END-- [ RunTime:0.031249s ]
INFO: [ view_filter ] --START--
INFO: Run Behavior\WriteHtmlCacheBehavior [ RunTime:0.000000s ]
INFO: [ view_filter ] --END-- [ RunTime:0.000000s ]
INFO: [ app_end ] --START--
INFO: Run Behavior\ShowPageTraceBehavior [ RunTime:0.000000s ]
INFO: [ app_end ] --END-- [ RunTime:0.000000s ]

[ 2017-12-16T08:11:46+08:00 ] 111.206.221.28 /zhongying1/index.php/Index/index.html
INFO: [ app_init ] --START--
INFO: Run Behavior\BuildLiteBehavior [ RunTime:0.000000s ]
INFO: [ app_init ] --END-- [ RunTime:0.000000s ]
INFO: [ app_begin ] --START--
INFO: Run Behavior\ReadHtmlCacheBehavior [ RunTime:0.000000s ]
INFO: [ app_begin ] --END-- [ RunTime:0.000000s ]
SQL: SHOW COLUMNS FROM `zy_lianxi` [ RunTime:0.0000s ]
SQL: SELECT * FROM `zy_lianxi` WHERE ( type=1 ) LIMIT 1   [ RunTime:0.0000s ]
SQL: SELECT * FROM `zy_lianxi` WHERE ( type=2 ) LIMIT 1   [ RunTime:0.0000s ]
SQL: SHOW COLUMNS FROM `zy_news` [ RunTime:0.0000s ]
SQL: SELECT * FROM `zy_news` WHERE ( new=0 ) ORDER BY time desc LIMIT 5   [ RunTime:0.0000s ]
SQL: SELECT * FROM `zy_news` WHERE ( new=1 ) LIMIT 1   [ RunTime:0.0000s ]
SQL: SHOW COLUMNS FROM `zy_tongji` [ RunTime:0.0156s ]
SQL: SELECT * FROM `zy_tongji` WHERE ( type=1 ) LIMIT 1   [ RunTime:0.0000s ]
SQL: SELECT * FROM `zy_tongji` WHERE ( type=2 ) LIMIT 1   [ RunTime:0.0000s ]
SQL: SELECT * FROM `zy_tongji` WHERE ( type=3 ) LIMIT 1   [ RunTime:0.0000s ]
INFO: [ view_parse ] --START--
INFO: [ template_filter ] --START--
INFO: Run Behavior\ContentReplaceBehavior [ RunTime:0.000000s ]
INFO: [ template_filter ] --END-- [ RunTime:0.000000s ]
NOTIC: [8] Undefined index: userinfo C:\wamp\www\zhongying1\App\Runtime\Cache\Home\fe3c599a46db2fd61ff75c662c996df3.php 第 37 行.
INFO: Run Behavior\ParseTemplateBehavior [ RunTime:0.015625s ]
INFO: [ view_parse ] --END-- [ RunTime:0.015625s ]
INFO: [ view_filter ] --START--
INFO: Run Behavior\WriteHtmlCacheBehavior [ RunTime:0.000000s ]
INFO: [ view_filter ] --END-- [ RunTime:0.000000s ]
INFO: [ app_end ] --START--
INFO: Run Behavior\ShowPageTraceBehavior [ RunTime:0.000000s ]
INFO: [ app_end ] --END-- [ RunTime:0.000000s ]

[ 2017-12-16T08:11:47+08:00 ] 111.206.221.95 /zhongying1/index.php/Index/webseo/addSeo
INFO: [ app_init ] --START--
INFO: Run Behavior\BuildLiteBehavior [ RunTime:0.000000s ]
INFO: [ app_init ] --END-- [ RunTime:0.000000s ]
INFO: [ app_begin ] --START--
INFO: Run Behavior\ReadHtmlCacheBehavior [ RunTime:0.000000s ]
INFO: [ app_begin ] --END-- [ RunTime:0.000000s ]
SQL: SHOW COLUMNS FROM `zy_lianxi` [ RunTime:0.0000s ]
SQL: SELECT * FROM `zy_lianxi` WHERE ( type=1 ) LIMIT 1   [ RunTime:0.0000s ]
SQL: SELECT * FROM `zy_lianxi` WHERE ( type=2 ) LIMIT 1   [ RunTime:0.0000s ]

[ 2017-12-16T08:11:47+08:00 ] 111.206.221.24 /zhongying1/index.php/Index/index_mobile.html
INFO: [ app_init ] --START--
INFO: Run Behavior\BuildLiteBehavior [ RunTime:0.000000s ]
INFO: [ app_init ] --END-- [ RunTime:0.000000s ]
INFO: [ app_begin ] --START--
INFO: Run Behavior\ReadHtmlCacheBehavior [ RunTime:0.000000s ]
INFO: [ app_begin ] --END-- [ RunTime:0.015625s ]
SQL: SHOW COLUMNS FROM `zy_lianxi` [ RunTime:0.0000s ]
SQL: SELECT * FROM `zy_lianxi` WHERE ( type=1 ) LIMIT 1   [ RunTime:0.0000s ]
SQL: SELECT * FROM `zy_lianxi` WHERE ( type=2 ) LIMIT 1   [ RunTime:0.0000s ]

[ 2017-12-16T08:11:47+08:00 ] 111.206.221.87 /zhongying1/index.php/Index/index.html
INFO: [ app_init ] --START--
INFO: Run Behavior\BuildLiteBehavior [ RunTime:0.000000s ]
INFO: [ app_init ] --END-- [ RunTime:0.000000s ]
INFO: [ app_begin ] --START--
INFO: Run Behavior\ReadHtmlCacheBehavior [ RunTime:0.000000s ]
INFO: [ app_begin ] --END-- [ RunTime:0.000000s ]
SQL: SHOW COLUMNS FROM `zy_lianxi` [ RunTime:0.0000s ]
SQL: SELECT * FROM `zy_lianxi` WHERE ( type=1 ) LIMIT 1   [ RunTime:0.0000s ]
SQL: SELECT * FROM `zy_lianxi` WHERE ( type=2 ) LIMIT 1   [ RunTime:0.0000s ]
SQL: SHOW COLUMNS FROM `zy_news` [ RunTime:0.0156s ]
SQL: SELECT * FROM `zy_news` WHERE ( new=0 ) ORDER BY time desc LIMIT 5   [ RunTime:0.0000s ]
SQL: SELECT * FROM `zy_news` WHERE ( new=1 ) LIMIT 1   [ RunTime:0.0000s ]
SQL: SHOW COLUMNS FROM `zy_tongji` [ RunTime:0.0000s ]
SQL: SELECT * FROM `zy_tongji` WHERE ( type=1 ) LIMIT 1   [ RunTime:0.0000s ]
SQL: SELECT * FROM `zy_tongji` WHERE ( type=2 ) LIMIT 1   [ RunTime:0.0000s ]
SQL: SELECT * FROM `zy_tongji` WHERE ( type=3 ) LIMIT 1   [ RunTime:0.0000s ]
INFO: [ view_parse ] --START--
INFO: [ template_filter ] --START--
INFO: Run Behavior\ContentReplaceBehavior [ RunTime:0.000000s ]
INFO: [ template_filter ] --END-- [ RunTime:0.000000s ]
NOTIC: [8] Undefined index: userinfo C:\wamp\www\zhongying1\App\Runtime\Cache\Home\fe3c599a46db2fd61ff75c662c996df3.php 第 37 行.
INFO: Run Behavior\ParseTemplateBehavior [ RunTime:0.031249s ]
INFO: [ view_parse ] --END-- [ RunTime:0.031249s ]
INFO: [ view_filter ] --START--
INFO: Run Behavior\WriteHtmlCacheBehavior [ RunTime:0.000000s ]
INFO: [ view_filter ] --END-- [ RunTime:0.000000s ]
INFO: [ app_end ] --START--
INFO: Run Behavior\ShowPageTraceBehavior [ RunTime:0.000000s ]
INFO: [ app_end ] --END-- [ RunTime:0.000000s ]

[ 2017-12-16T08:11:48+08:00 ] 111.206.221.106 /zhongying1/index.php/Index/index.html
INFO: [ app_init ] --START--
INFO: Run Behavior\BuildLiteBehavior [ RunTime:0.000000s ]
INFO: [ app_init ] --END-- [ RunTime:0.000000s ]
INFO: [ app_begin ] --START--
INFO: Run Behavior\ReadHtmlCacheBehavior [ RunTime:0.000000s ]
INFO: [ app_begin ] --END-- [ RunTime:0.000000s ]
SQL: SHOW COLUMNS FROM `zy_lianxi` [ RunTime:0.0000s ]
SQL: SELECT * FROM `zy_lianxi` WHERE ( type=1 ) LIMIT 1   [ RunTime:0.0000s ]
SQL: SELECT * FROM `zy_lianxi` WHERE ( type=2 ) LIMIT 1   [ RunTime:0.0000s ]
SQL: SHOW COLUMNS FROM `zy_news` [ RunTime:0.0000s ]
SQL: SELECT * FROM `zy_news` WHERE ( new=0 ) ORDER BY time desc LIMIT 5   [ RunTime:0.0000s ]
SQL: SELECT * FROM `zy_news` WHERE ( new=1 ) LIMIT 1   [ RunTime:0.0000s ]
SQL: SHOW COLUMNS FROM `zy_tongji` [ RunTime:0.0000s ]
SQL: SELECT * FROM `zy_tongji` WHERE ( type=1 ) LIMIT 1   [ RunTime:0.0000s ]
SQL: SELECT * FROM `zy_tongji` WHERE ( type=2 ) LIMIT 1   [ RunTime:0.0000s ]
SQL: SELECT * FROM `zy_tongji` WHERE ( type=3 ) LIMIT 1   [ RunTime:0.0000s ]
INFO: [ view_parse ] --START--
INFO: [ template_filter ] --START--
INFO: Run Behavior\ContentReplaceBehavior [ RunTime:0.000000s ]
INFO: [ template_filter ] --END-- [ RunTime:0.000000s ]
NOTIC: [8] Undefined index: userinfo C:\wamp\www\zhongying1\App\Runtime\Cache\Home\fe3c599a46db2fd61ff75c662c996df3.php 第 37 行.
INFO: Run Behavior\ParseTemplateBehavior [ RunTime:0.015625s ]
INFO: [ view_parse ] --END-- [ RunTime:0.015625s ]
INFO: [ view_filter ] --START--
INFO: Run Behavior\WriteHtmlCacheBehavior [ RunTime:0.000000s ]
INFO: [ view_filter ] --END-- [ RunTime:0.000000s ]
INFO: [ app_end ] --START--
INFO: Run Behavior\ShowPageTraceBehavior [ RunTime:0.000000s ]
INFO: [ app_end ] --END-- [ RunTime:0.000000s ]

